Start testing: Nov 04 21:53 CST
----------------------------------------------------------
1/169 Testing: t_wrapping_ints_cmp
1/169 Test: t_wrapping_ints_cmp
Command: "/home/syx/code/labs/cs144/TCP_project/sponge/build/tests/wrapping_integers_cmp"
Directory: /home/syx/code/labs/cs144/Computer networking/build
"t_wrapping_ints_cmp" start time: Nov 04 21:53 CST
Output:
----------------------------------------------------------
<end of output>
Test time =   0.00 sec
----------------------------------------------------------
Test Passed.
"t_wrapping_ints_cmp" end time: Nov 04 21:53 CST
"t_wrapping_ints_cmp" time elapsed: 00:00:00
----------------------------------------------------------

2/169 Testing: t_wrapping_ints_unwrap
2/169 Test: t_wrapping_ints_unwrap
Command: "/home/syx/code/labs/cs144/TCP_project/sponge/build/tests/wrapping_integers_unwrap"
Directory: /home/syx/code/labs/cs144/Computer networking/build
"t_wrapping_ints_unwrap" start time: Nov 04 21:53 CST
Output:
----------------------------------------------------------
<end of output>
Test time =   0.00 sec
----------------------------------------------------------
Test Passed.
"t_wrapping_ints_unwrap" end time: Nov 04 21:53 CST
"t_wrapping_ints_unwrap" time elapsed: 00:00:00
----------------------------------------------------------

3/169 Testing: t_wrapping_ints_wrap
3/169 Test: t_wrapping_ints_wrap
Command: "/home/syx/code/labs/cs144/TCP_project/sponge/build/tests/wrapping_integers_wrap"
Directory: /home/syx/code/labs/cs144/Computer networking/build
"t_wrapping_ints_wrap" start time: Nov 04 21:53 CST
Output:
----------------------------------------------------------
<end of output>
Test time =   0.00 sec
----------------------------------------------------------
Test Passed.
"t_wrapping_ints_wrap" end time: Nov 04 21:53 CST
"t_wrapping_ints_wrap" time elapsed: 00:00:00
----------------------------------------------------------

4/169 Testing: t_wrapping_ints_roundtrip
4/169 Test: t_wrapping_ints_roundtrip
Command: "/home/syx/code/labs/cs144/TCP_project/sponge/build/tests/wrapping_integers_roundtrip"
Directory: /home/syx/code/labs/cs144/Computer networking/build
"t_wrapping_ints_roundtrip" start time: Nov 04 21:53 CST
Output:
----------------------------------------------------------
<end of output>
Test time =   0.10 sec
----------------------------------------------------------
Test Passed.
"t_wrapping_ints_roundtrip" end time: Nov 04 21:53 CST
"t_wrapping_ints_roundtrip" time elapsed: 00:00:00
----------------------------------------------------------

5/169 Testing: t_recv_connect
5/169 Test: t_recv_connect
Command: "/home/syx/code/labs/cs144/TCP_project/sponge/build/tests/recv_connect"
Directory: /home/syx/code/labs/cs144/Computer networking/build
"t_recv_connect" start time: Nov 04 21:53 CST
Output:
----------------------------------------------------------
<end of output>
Test time =   0.00 sec
----------------------------------------------------------
Test Passed.
"t_recv_connect" end time: Nov 04 21:53 CST
"t_recv_connect" time elapsed: 00:00:00
----------------------------------------------------------

6/169 Testing: t_recv_transmit
6/169 Test: t_recv_transmit
Command: "/home/syx/code/labs/cs144/TCP_project/sponge/build/tests/recv_transmit"
Directory: /home/syx/code/labs/cs144/Computer networking/build
"t_recv_transmit" start time: Nov 04 21:53 CST
Output:
----------------------------------------------------------
<end of output>
Test time =   0.03 sec
----------------------------------------------------------
Test Passed.
"t_recv_transmit" end time: Nov 04 21:53 CST
"t_recv_transmit" time elapsed: 00:00:00
----------------------------------------------------------

7/169 Testing: t_recv_window
7/169 Test: t_recv_window
Command: "/home/syx/code/labs/cs144/TCP_project/sponge/build/tests/recv_window"
Directory: /home/syx/code/labs/cs144/Computer networking/build
"t_recv_window" start time: Nov 04 21:53 CST
Output:
----------------------------------------------------------
<end of output>
Test time =   0.00 sec
----------------------------------------------------------
Test Passed.
"t_recv_window" end time: Nov 04 21:53 CST
"t_recv_window" time elapsed: 00:00:00
----------------------------------------------------------

8/169 Testing: t_recv_reorder
8/169 Test: t_recv_reorder
Command: "/home/syx/code/labs/cs144/TCP_project/sponge/build/tests/recv_reorder"
Directory: /home/syx/code/labs/cs144/Computer networking/build
"t_recv_reorder" start time: Nov 04 21:53 CST
Output:
----------------------------------------------------------
<end of output>
Test time =   0.00 sec
----------------------------------------------------------
Test Passed.
"t_recv_reorder" end time: Nov 04 21:53 CST
"t_recv_reorder" time elapsed: 00:00:00
----------------------------------------------------------

9/169 Testing: t_recv_close
9/169 Test: t_recv_close
Command: "/home/syx/code/labs/cs144/TCP_project/sponge/build/tests/recv_close"
Directory: /home/syx/code/labs/cs144/Computer networking/build
"t_recv_close" start time: Nov 04 21:53 CST
Output:
----------------------------------------------------------
<end of output>
Test time =   0.00 sec
----------------------------------------------------------
Test Passed.
"t_recv_close" end time: Nov 04 21:53 CST
"t_recv_close" time elapsed: 00:00:00
----------------------------------------------------------

10/169 Testing: t_recv_special
10/169 Test: t_recv_special
Command: "/home/syx/code/labs/cs144/TCP_project/sponge/build/tests/recv_special"
Directory: /home/syx/code/labs/cs144/Computer networking/build
"t_recv_special" start time: Nov 04 21:53 CST
Output:
----------------------------------------------------------
<end of output>
Test time =   0.00 sec
----------------------------------------------------------
Test Passed.
"t_recv_special" end time: Nov 04 21:53 CST
"t_recv_special" time elapsed: 00:00:00
----------------------------------------------------------

11/169 Testing: t_send_connect
11/169 Test: t_send_connect
Command: "/home/syx/code/labs/cs144/TCP_project/sponge/build/tests/send_connect"
Directory: /home/syx/code/labs/cs144/Computer networking/build
"t_send_connect" start time: Nov 04 21:53 CST
Output:
----------------------------------------------------------
<end of output>
Test time =   0.00 sec
----------------------------------------------------------
Test Passed.
"t_send_connect" end time: Nov 04 21:53 CST
"t_send_connect" time elapsed: 00:00:00
----------------------------------------------------------

12/169 Testing: t_send_transmit
12/169 Test: t_send_transmit
Command: "/home/syx/code/labs/cs144/TCP_project/sponge/build/tests/send_transmit"
Directory: /home/syx/code/labs/cs144/Computer networking/build
"t_send_transmit" start time: Nov 04 21:53 CST
Output:
----------------------------------------------------------
<end of output>
Test time =   0.03 sec
----------------------------------------------------------
Test Passed.
"t_send_transmit" end time: Nov 04 21:53 CST
"t_send_transmit" time elapsed: 00:00:00
----------------------------------------------------------

13/169 Testing: t_send_retx
13/169 Test: t_send_retx
Command: "/home/syx/code/labs/cs144/TCP_project/sponge/build/tests/send_retx"
Directory: /home/syx/code/labs/cs144/Computer networking/build
"t_send_retx" start time: Nov 04 21:53 CST
Output:
----------------------------------------------------------
<end of output>
Test time =   0.00 sec
----------------------------------------------------------
Test Passed.
"t_send_retx" end time: Nov 04 21:53 CST
"t_send_retx" time elapsed: 00:00:00
----------------------------------------------------------

14/169 Testing: t_send_window
14/169 Test: t_send_window
Command: "/home/syx/code/labs/cs144/TCP_project/sponge/build/tests/send_window"
Directory: /home/syx/code/labs/cs144/Computer networking/build
"t_send_window" start time: Nov 04 21:53 CST
Output:
----------------------------------------------------------
<end of output>
Test time =   0.03 sec
----------------------------------------------------------
Test Passed.
"t_send_window" end time: Nov 04 21:53 CST
"t_send_window" time elapsed: 00:00:00
----------------------------------------------------------

15/169 Testing: t_send_ack
15/169 Test: t_send_ack
Command: "/home/syx/code/labs/cs144/TCP_project/sponge/build/tests/send_ack"
Directory: /home/syx/code/labs/cs144/Computer networking/build
"t_send_ack" start time: Nov 04 21:53 CST
Output:
----------------------------------------------------------
<end of output>
Test time =   0.00 sec
----------------------------------------------------------
Test Passed.
"t_send_ack" end time: Nov 04 21:53 CST
"t_send_ack" time elapsed: 00:00:00
----------------------------------------------------------

16/169 Testing: t_send_close
16/169 Test: t_send_close
Command: "/home/syx/code/labs/cs144/TCP_project/sponge/build/tests/send_close"
Directory: /home/syx/code/labs/cs144/Computer networking/build
"t_send_close" start time: Nov 04 21:53 CST
Output:
----------------------------------------------------------
<end of output>
Test time =   0.00 sec
----------------------------------------------------------
Test Passed.
"t_send_close" end time: Nov 04 21:53 CST
"t_send_close" time elapsed: 00:00:00
----------------------------------------------------------

17/169 Testing: t_send_extra
17/169 Test: t_send_extra
Command: "/home/syx/code/labs/cs144/TCP_project/sponge/build/tests/send_extra"
Directory: /home/syx/code/labs/cs144/Computer networking/build
"t_send_extra" start time: Nov 04 21:53 CST
Output:
----------------------------------------------------------
<end of output>
Test time =   0.00 sec
----------------------------------------------------------
Test Passed.
"t_send_extra" end time: Nov 04 21:53 CST
"t_send_extra" time elapsed: 00:00:00
----------------------------------------------------------

18/169 Testing: t_strm_reassem_single
18/169 Test: t_strm_reassem_single
Command: "/home/syx/code/labs/cs144/TCP_project/sponge/build/tests/fsm_stream_reassembler_single"
Directory: /home/syx/code/labs/cs144/Computer networking/build
"t_strm_reassem_single" start time: Nov 04 21:53 CST
Output:
----------------------------------------------------------
<end of output>
Test time =   0.00 sec
----------------------------------------------------------
Test Passed.
"t_strm_reassem_single" end time: Nov 04 21:53 CST
"t_strm_reassem_single" time elapsed: 00:00:00
----------------------------------------------------------

19/169 Testing: t_strm_reassem_seq
19/169 Test: t_strm_reassem_seq
Command: "/home/syx/code/labs/cs144/TCP_project/sponge/build/tests/fsm_stream_reassembler_seq"
Directory: /home/syx/code/labs/cs144/Computer networking/build
"t_strm_reassem_seq" start time: Nov 04 21:53 CST
Output:
----------------------------------------------------------
<end of output>
Test time =   0.00 sec
----------------------------------------------------------
Test Passed.
"t_strm_reassem_seq" end time: Nov 04 21:53 CST
"t_strm_reassem_seq" time elapsed: 00:00:00
----------------------------------------------------------

20/169 Testing: t_strm_reassem_dup
20/169 Test: t_strm_reassem_dup
Command: "/home/syx/code/labs/cs144/TCP_project/sponge/build/tests/fsm_stream_reassembler_dup"
Directory: /home/syx/code/labs/cs144/Computer networking/build
"t_strm_reassem_dup" start time: Nov 04 21:53 CST
Output:
----------------------------------------------------------
<end of output>
Test time =   0.00 sec
----------------------------------------------------------
Test Passed.
"t_strm_reassem_dup" end time: Nov 04 21:53 CST
"t_strm_reassem_dup" time elapsed: 00:00:00
----------------------------------------------------------

21/169 Testing: t_strm_reassem_holes
21/169 Test: t_strm_reassem_holes
Command: "/home/syx/code/labs/cs144/TCP_project/sponge/build/tests/fsm_stream_reassembler_holes"
Directory: /home/syx/code/labs/cs144/Computer networking/build
"t_strm_reassem_holes" start time: Nov 04 21:53 CST
Output:
----------------------------------------------------------
<end of output>
Test time =   0.00 sec
----------------------------------------------------------
Test Passed.
"t_strm_reassem_holes" end time: Nov 04 21:53 CST
"t_strm_reassem_holes" time elapsed: 00:00:00
----------------------------------------------------------

22/169 Testing: t_strm_reassem_many
22/169 Test: t_strm_reassem_many
Command: "/home/syx/code/labs/cs144/TCP_project/sponge/build/tests/fsm_stream_reassembler_many"
Directory: /home/syx/code/labs/cs144/Computer networking/build
"t_strm_reassem_many" start time: Nov 04 21:53 CST
Output:
----------------------------------------------------------
<end of output>
Test time =   0.04 sec
----------------------------------------------------------
Test Passed.
"t_strm_reassem_many" end time: Nov 04 21:53 CST
"t_strm_reassem_many" time elapsed: 00:00:00
----------------------------------------------------------

23/169 Testing: t_strm_reassem_overlapping
23/169 Test: t_strm_reassem_overlapping
Command: "/home/syx/code/labs/cs144/TCP_project/sponge/build/tests/fsm_stream_reassembler_overlapping"
Directory: /home/syx/code/labs/cs144/Computer networking/build
"t_strm_reassem_overlapping" start time: Nov 04 21:53 CST
Output:
----------------------------------------------------------
<end of output>
Test time =   0.00 sec
----------------------------------------------------------
Test Passed.
"t_strm_reassem_overlapping" end time: Nov 04 21:53 CST
"t_strm_reassem_overlapping" time elapsed: 00:00:00
----------------------------------------------------------

24/169 Testing: t_strm_reassem_win
24/169 Test: t_strm_reassem_win
Command: "/home/syx/code/labs/cs144/TCP_project/sponge/build/tests/fsm_stream_reassembler_win"
Directory: /home/syx/code/labs/cs144/Computer networking/build
"t_strm_reassem_win" start time: Nov 04 21:53 CST
Output:
----------------------------------------------------------
<end of output>
Test time =   0.04 sec
----------------------------------------------------------
Test Passed.
"t_strm_reassem_win" end time: Nov 04 21:53 CST
"t_strm_reassem_win" time elapsed: 00:00:00
----------------------------------------------------------

25/169 Testing: t_strm_reassem_cap
25/169 Test: t_strm_reassem_cap
Command: "/home/syx/code/labs/cs144/TCP_project/sponge/build/tests/fsm_stream_reassembler_cap"
Directory: /home/syx/code/labs/cs144/Computer networking/build
"t_strm_reassem_cap" start time: Nov 04 21:53 CST
Output:
----------------------------------------------------------
<end of output>
Test time =   0.05 sec
----------------------------------------------------------
Test Passed.
"t_strm_reassem_cap" end time: Nov 04 21:53 CST
"t_strm_reassem_cap" time elapsed: 00:00:00
----------------------------------------------------------

26/169 Testing: t_byte_stream_construction
26/169 Test: t_byte_stream_construction
Command: "/home/syx/code/labs/cs144/TCP_project/sponge/build/tests/byte_stream_construction"
Directory: /home/syx/code/labs/cs144/Computer networking/build
"t_byte_stream_construction" start time: Nov 04 21:53 CST
Output:
----------------------------------------------------------
<end of output>
Test time =   0.00 sec
----------------------------------------------------------
Test Passed.
"t_byte_stream_construction" end time: Nov 04 21:53 CST
"t_byte_stream_construction" time elapsed: 00:00:00
----------------------------------------------------------

27/169 Testing: t_byte_stream_one_write
27/169 Test: t_byte_stream_one_write
Command: "/home/syx/code/labs/cs144/TCP_project/sponge/build/tests/byte_stream_one_write"
Directory: /home/syx/code/labs/cs144/Computer networking/build
"t_byte_stream_one_write" start time: Nov 04 21:53 CST
Output:
----------------------------------------------------------
<end of output>
Test time =   0.00 sec
----------------------------------------------------------
Test Passed.
"t_byte_stream_one_write" end time: Nov 04 21:53 CST
"t_byte_stream_one_write" time elapsed: 00:00:00
----------------------------------------------------------

28/169 Testing: t_byte_stream_two_writes
28/169 Test: t_byte_stream_two_writes
Command: "/home/syx/code/labs/cs144/TCP_project/sponge/build/tests/byte_stream_two_writes"
Directory: /home/syx/code/labs/cs144/Computer networking/build
"t_byte_stream_two_writes" start time: Nov 04 21:53 CST
Output:
----------------------------------------------------------
<end of output>
Test time =   0.00 sec
----------------------------------------------------------
Test Passed.
"t_byte_stream_two_writes" end time: Nov 04 21:53 CST
"t_byte_stream_two_writes" time elapsed: 00:00:00
----------------------------------------------------------

29/169 Testing: t_byte_stream_capacity
29/169 Test: t_byte_stream_capacity
Command: "/home/syx/code/labs/cs144/TCP_project/sponge/build/tests/byte_stream_capacity"
Directory: /home/syx/code/labs/cs144/Computer networking/build
"t_byte_stream_capacity" start time: Nov 04 21:53 CST
Output:
----------------------------------------------------------
<end of output>
Test time =   0.41 sec
----------------------------------------------------------
Test Passed.
"t_byte_stream_capacity" end time: Nov 04 21:54 CST
"t_byte_stream_capacity" time elapsed: 00:00:00
----------------------------------------------------------

30/169 Testing: t_byte_stream_many_writes
30/169 Test: t_byte_stream_many_writes
Command: "/home/syx/code/labs/cs144/TCP_project/sponge/build/tests/byte_stream_many_writes"
Directory: /home/syx/code/labs/cs144/Computer networking/build
"t_byte_stream_many_writes" start time: Nov 04 21:54 CST
Output:
----------------------------------------------------------
<end of output>
Test time =   0.01 sec
----------------------------------------------------------
Test Passed.
"t_byte_stream_many_writes" end time: Nov 04 21:54 CST
"t_byte_stream_many_writes" time elapsed: 00:00:00
----------------------------------------------------------

31/169 Testing: t_webget
31/169 Test: t_webget
Command: "/home/syx/code/labs/cs144/TCP_project/sponge/tests/webget_t.sh"
Directory: /home/syx/code/labs/cs144/Computer networking/build
"t_webget" start time: Nov 04 21:54 CST
Output:
----------------------------------------------------------
DEBUG: Network interface has Ethernet address e2:5c:5d:43:5c:5b and IP address 169.254.10.9
DEBUG: Connecting to 104.196.238.229:80...
Successfully connected to 104.196.238.229:80.
DEBUG: Outbound stream to 104.196.238.229:80 finished (79 bytes still in flight).
DEBUG: Outbound stream to 104.196.238.229:80 has been fully acknowledged.
DEBUG: Inbound stream from 104.196.238.229:80 finished cleanly.
DEBUG: Waiting for lingering segments (e.g. retransmissions of FIN) from peer...
DEBUG: Waiting for clean shutdown... HTTP/1.1 200 OK
Content-type: text/plain

7SmXqWkrLKzVBCEalbSPqBcvs11Pw263K7x4Wv3JckI
DEBUG: TCP connection finished cleanly.
done.
<end of output>
Test time =   9.76 sec
----------------------------------------------------------
Test Passed.
"t_webget" end time: Nov 04 21:54 CST
"t_webget" time elapsed: 00:00:09
----------------------------------------------------------

32/169 Testing: arp_network_interface
32/169 Test: arp_network_interface
Command: "/home/syx/code/labs/cs144/TCP_project/sponge/build/tests/net_interface"
Directory: /home/syx/code/labs/cs144/Computer networking/build
"arp_network_interface" start time: Nov 04 21:54 CST
Output:
----------------------------------------------------------
DEBUG: Network interface has Ethernet address 5e:90:e2:2b:d0:60 and IP address 4.3.2.1
DEBUG: Network interface has Ethernet address 3a:e9:02:0a:56:cf and IP address 5.5.5.5
DEBUG: Network interface has Ethernet address 16:9e:f2:e0:1b:07 and IP address 5.5.5.5
DEBUG: Network interface has Ethernet address be:0a:f2:2b:97:f4 and IP address 1.2.3.4
DEBUG: Network interface has Ethernet address 7e:9f:ee:0d:67:57 and IP address 4.3.2.1
DEBUG: Network interface has Ethernet address 92:ac:e9:80:70:57 and IP address 10.0.0.1
<end of output>
Test time =   0.01 sec
----------------------------------------------------------
Test Passed.
"arp_network_interface" end time: Nov 04 21:54 CST
"arp_network_interface" time elapsed: 00:00:00
----------------------------------------------------------

33/169 Testing: router_test
33/169 Test: router_test
Command: "/home/syx/code/labs/cs144/TCP_project/sponge/build/apps/network_simulator"
Directory: /home/syx/code/labs/cs144/Computer networking/build
"router_test" start time: Nov 04 21:54 CST
Output:
----------------------------------------------------------
[32;1mConstructing network.[m
DEBUG: Network interface has Ethernet address 02:00:00:e9:d1:91 and IP address 171.67.76.46
DEBUG: Network interface has Ethernet address 02:00:00:c5:b4:00 and IP address 10.0.0.1
DEBUG: Network interface has Ethernet address 02:00:00:a1:b4:13 and IP address 172.16.0.1
DEBUG: Network interface has Ethernet address 02:00:00:56:6e:a2 and IP address 192.168.0.1
DEBUG: Network interface has Ethernet address 02:00:00:76:6d:24 and IP address 198.178.229.1
DEBUG: Network interface has Ethernet address 02:00:00:a6:cf:7c and IP address 143.195.0.2
DEBUG: Network interface has Ethernet address 02:00:00:96:d1:d6 and IP address 128.30.76.255
DEBUG: Network interface has Ethernet address ba:f4:7b:b1:72:40 and IP address 10.0.0.2
DEBUG: Network interface has Ethernet address 42:ae:d5:9a:e5:f0 and IP address 171.67.76.1
DEBUG: Network interface has Ethernet address 86:e5:77:ef:4e:f4 and IP address 192.168.0.2
DEBUG: Network interface has Ethernet address a6:36:2f:7a:38:61 and IP address 143.195.0.1
DEBUG: Network interface has Ethernet address 72:3d:3b:9e:15:9c and IP address 198.178.229.42
DEBUG: Network interface has Ethernet address fe:12:6a:63:29:86 and IP address 198.178.229.43
DEBUG: adding route 0.0.0.0/0 => 171.67.76.1 on interface 0
DEBUG: adding route 10.0.0.0/8 => (direct) on interface 1
DEBUG: adding route 172.16.0.0/16 => (direct) on interface 2
DEBUG: adding route 192.168.0.0/24 => (direct) on interface 3
DEBUG: adding route 198.178.229.0/24 => (direct) on interface 4
DEBUG: adding route 143.195.0.0/17 => 143.195.0.1 on interface 5
DEBUG: adding route 143.195.128.0/18 => 143.195.0.1 on interface 5
DEBUG: adding route 143.195.192.0/19 => 143.195.0.1 on interface 5
DEBUG: adding route 128.30.76.255/16 => 128.30.0.1 on interface 6
[32;1m

Testing traffic between two ordinary hosts (applesauce to cherrypie)...[m

Host applesauce trying to send datagram (with next hop = 10.0.0.1): IPv4, len=30, protocol=6, src=10.0.0.2, dst=192.168.0.2 payload="random payload: {1686059591}"
Transferring frame from applesauce to router.eth0: dst=ff:ff:ff:ff:ff:ff, src=ba:f4:7b:b1:72:40, type=ARP opcode=REQUEST, sender=ba:f4:7b:b1:72:40/10.0.0.2, target=00:00:00:00:00:00/10.0.0.1
Transferring frame from router.eth0 to applesauce: dst=ba:f4:7b:b1:72:40, src=02:00:00:c5:b4:00, type=ARP opcode=REPLY, sender=02:00:00:c5:b4:00/10.0.0.1, target=ba:f4:7b:b1:72:40/10.0.0.2
Transferring frame from applesauce to router.eth0: dst=02:00:00:c5:b4:00, src=ba:f4:7b:b1:72:40, type=IPv4 IPv4, len=30, protocol=6, src=10.0.0.2, dst=192.168.0.2 payload="random payload: {1686059591}"
Transferring frame from router.eth2 to cherrypie: dst=ff:ff:ff:ff:ff:ff, src=02:00:00:56:6e:a2, type=ARP opcode=REQUEST, sender=02:00:00:56:6e:a2/192.168.0.1, target=00:00:00:00:00:00/192.168.0.2
Transferring frame from cherrypie to router.eth2: dst=02:00:00:56:6e:a2, src=86:e5:77:ef:4e:f4, type=ARP opcode=REPLY, sender=86:e5:77:ef:4e:f4/192.168.0.2, target=02:00:00:56:6e:a2/192.168.0.1
Transferring frame from router.eth2 to cherrypie: dst=86:e5:77:ef:4e:f4, src=02:00:00:56:6e:a2, type=IPv4 IPv4, len=30, protocol=6, src=10.0.0.2, dst=192.168.0.2 payload="random payload: {1686059591}"
[32;1m

Testing traffic between two ordinary hosts (cherrypie to applesauce)...[m

Host cherrypie trying to send datagram (with next hop = 192.168.0.1): IPv4, len=30, protocol=6, src=192.168.0.2, dst=10.0.0.2 payload="random payload: {4169019417}"
Transferring frame from cherrypie to router.eth2: dst=02:00:00:56:6e:a2, src=86:e5:77:ef:4e:f4, type=IPv4 IPv4, len=30, protocol=6, src=192.168.0.2, dst=10.0.0.2 payload="random payload: {4169019417}"
Transferring frame from router.eth0 to applesauce: dst=ba:f4:7b:b1:72:40, src=02:00:00:c5:b4:00, type=IPv4 IPv4, len=30, protocol=6, src=192.168.0.2, dst=10.0.0.2 payload="random payload: {4169019417}"
[32;1m

Success! Testing applesauce sending to the Internet.[m

Host applesauce trying to send datagram (with next hop = 10.0.0.1): IPv4, len=2f, protocol=6, src=10.0.0.2, dst=1.2.3.4 payload="random payload: {850496300}"
Transferring frame from applesauce to router.eth0: dst=02:00:00:c5:b4:00, src=ba:f4:7b:b1:72:40, type=IPv4 IPv4, len=2f, protocol=6, src=10.0.0.2, dst=1.2.3.4 payload="random payload: {850496300}"
Transferring frame from router.default to default_router: dst=ff:ff:ff:ff:ff:ff, src=02:00:00:e9:d1:91, type=ARP opcode=REQUEST, sender=02:00:00:e9:d1:91/171.67.76.46, target=00:00:00:00:00:00/171.67.76.1
Transferring frame from default_router to router.default: dst=02:00:00:e9:d1:91, src=42:ae:d5:9a:e5:f0, type=ARP opcode=REPLY, sender=42:ae:d5:9a:e5:f0/171.67.76.1, target=02:00:00:e9:d1:91/171.67.76.46
Transferring frame from router.default to default_router: dst=42:ae:d5:9a:e5:f0, src=02:00:00:e9:d1:91, type=IPv4 IPv4, len=2f, protocol=6, src=10.0.0.2, dst=1.2.3.4 payload="random payload: {850496300}"
[32;1m

Success! Testing sending to the HS network and Internet.[m

Host applesauce trying to send datagram (with next hop = 10.0.0.1): IPv4, len=30, protocol=6, src=10.0.0.2, dst=143.195.131.17 payload="random payload: {2895543135}"
Transferring frame from applesauce to router.eth0: dst=02:00:00:c5:b4:00, src=ba:f4:7b:b1:72:40, type=IPv4 IPv4, len=30, protocol=6, src=10.0.0.2, dst=143.195.131.17 payload="random payload: {2895543135}"
Transferring frame from router.hs4 to hs_router: dst=ff:ff:ff:ff:ff:ff, src=02:00:00:a6:cf:7c, type=ARP opcode=REQUEST, sender=02:00:00:a6:cf:7c/143.195.0.2, target=00:00:00:00:00:00/143.195.0.1
Transferring frame from hs_router to router.hs4: dst=02:00:00:a6:cf:7c, src=a6:36:2f:7a:38:61, type=ARP opcode=REPLY, sender=a6:36:2f:7a:38:61/143.195.0.1, target=02:00:00:a6:cf:7c/143.195.0.2
Transferring frame from router.hs4 to hs_router: dst=a6:36:2f:7a:38:61, src=02:00:00:a6:cf:7c, type=IPv4 IPv4, len=30, protocol=6, src=10.0.0.2, dst=143.195.131.17 payload="random payload: {2895543135}"
Host cherrypie trying to send datagram (with next hop = 192.168.0.1): IPv4, len=30, protocol=6, src=192.168.0.2, dst=143.195.193.52 payload="random payload: {3903650446}"
Transferring frame from cherrypie to router.eth2: dst=02:00:00:56:6e:a2, src=86:e5:77:ef:4e:f4, type=IPv4 IPv4, len=30, protocol=6, src=192.168.0.2, dst=143.195.193.52 payload="random payload: {3903650446}"
Transferring frame from router.hs4 to hs_router: dst=a6:36:2f:7a:38:61, src=02:00:00:a6:cf:7c, type=IPv4 IPv4, len=30, protocol=6, src=192.168.0.2, dst=143.195.193.52 payload="random payload: {3903650446}"
Host cherrypie trying to send datagram (with next hop = 192.168.0.1): IPv4, len=30, protocol=6, src=192.168.0.2, dst=143.195.223.255 payload="random payload: {2020871792}"
Transferring frame from cherrypie to router.eth2: dst=02:00:00:56:6e:a2, src=86:e5:77:ef:4e:f4, type=IPv4 IPv4, len=30, protocol=6, src=192.168.0.2, dst=143.195.223.255 payload="random payload: {2020871792}"
Transferring frame from router.hs4 to hs_router: dst=a6:36:2f:7a:38:61, src=02:00:00:a6:cf:7c, type=IPv4 IPv4, len=30, protocol=6, src=192.168.0.2, dst=143.195.223.255 payload="random payload: {2020871792}"
Host cherrypie trying to send datagram (with next hop = 192.168.0.1): IPv4, len=30, protocol=6, src=192.168.0.2, dst=143.195.224.0 payload="random payload: {1875938851}"
Transferring frame from cherrypie to router.eth2: dst=02:00:00:56:6e:a2, src=86:e5:77:ef:4e:f4, type=IPv4 IPv4, len=30, protocol=6, src=192.168.0.2, dst=143.195.224.0 payload="random payload: {1875938851}"
Transferring frame from router.default to default_router: dst=42:ae:d5:9a:e5:f0, src=02:00:00:e9:d1:91, type=IPv4 IPv4, len=30, protocol=6, src=192.168.0.2, dst=143.195.224.0 payload="random payload: {1875938851}"
[32;1m

Success! Testing two hosts on the same network (dm42 to dm43)...[m

Host dm42 trying to send datagram (with next hop = 198.178.229.1): IPv4, len=30, protocol=6, src=198.178.229.42, dst=198.178.229.43 payload="random payload: {3336674548}"
Transferring frame from dm42 to router.uun3: dst=ff:ff:ff:ff:ff:ff, src=72:3d:3b:9e:15:9c, type=ARP opcode=REQUEST, sender=72:3d:3b:9e:15:9c/198.178.229.42, target=00:00:00:00:00:00/198.178.229.1
Transferring frame from dm42 to dm43: dst=ff:ff:ff:ff:ff:ff, src=72:3d:3b:9e:15:9c, type=ARP opcode=REQUEST, sender=72:3d:3b:9e:15:9c/198.178.229.42, target=00:00:00:00:00:00/198.178.229.1
Transferring frame from router.uun3 to dm42: dst=72:3d:3b:9e:15:9c, src=02:00:00:76:6d:24, type=ARP opcode=REPLY, sender=02:00:00:76:6d:24/198.178.229.1, target=72:3d:3b:9e:15:9c/198.178.229.42
Transferring frame from router.uun3 to dm43: dst=72:3d:3b:9e:15:9c, src=02:00:00:76:6d:24, type=ARP opcode=REPLY, sender=02:00:00:76:6d:24/198.178.229.1, target=72:3d:3b:9e:15:9c/198.178.229.42
Transferring frame from dm42 to router.uun3: dst=02:00:00:76:6d:24, src=72:3d:3b:9e:15:9c, type=IPv4 IPv4, len=30, protocol=6, src=198.178.229.42, dst=198.178.229.43 payload="random payload: {3336674548}"
Transferring frame from dm42 to dm43: dst=02:00:00:76:6d:24, src=72:3d:3b:9e:15:9c, type=IPv4 IPv4, len=30, protocol=6, src=198.178.229.42, dst=198.178.229.43 payload="random payload: {3336674548}"
Transferring frame from router.uun3 to dm42: dst=ff:ff:ff:ff:ff:ff, src=02:00:00:76:6d:24, type=ARP opcode=REQUEST, sender=02:00:00:76:6d:24/198.178.229.1, target=00:00:00:00:00:00/198.178.229.43
Transferring frame from router.uun3 to dm43: dst=ff:ff:ff:ff:ff:ff, src=02:00:00:76:6d:24, type=ARP opcode=REQUEST, sender=02:00:00:76:6d:24/198.178.229.1, target=00:00:00:00:00:00/198.178.229.43
Transferring frame from dm43 to router.uun3: dst=02:00:00:76:6d:24, src=fe:12:6a:63:29:86, type=ARP opcode=REPLY, sender=fe:12:6a:63:29:86/198.178.229.43, target=02:00:00:76:6d:24/198.178.229.1
Transferring frame from dm43 to dm42: dst=02:00:00:76:6d:24, src=fe:12:6a:63:29:86, type=ARP opcode=REPLY, sender=fe:12:6a:63:29:86/198.178.229.43, target=02:00:00:76:6d:24/198.178.229.1
Transferring frame from router.uun3 to dm42: dst=fe:12:6a:63:29:86, src=02:00:00:76:6d:24, type=IPv4 IPv4, len=30, protocol=6, src=198.178.229.42, dst=198.178.229.43 payload="random payload: {3336674548}"
Transferring frame from router.uun3 to dm43: dst=fe:12:6a:63:29:86, src=02:00:00:76:6d:24, type=IPv4 IPv4, len=30, protocol=6, src=198.178.229.42, dst=198.178.229.43 payload="random payload: {3336674548}"
[32;1m

Success! Testing TTL expiration...[m

Host applesauce trying to send datagram (with next hop = 10.0.0.1): IPv4, len=2f, protocol=6, ttl=1, src=10.0.0.2, dst=1.2.3.4 payload="random payload: {248331268}"
Transferring frame from applesauce to router.eth0: dst=02:00:00:c5:b4:00, src=ba:f4:7b:b1:72:40, type=IPv4 IPv4, len=2f, protocol=6, ttl=1, src=10.0.0.2, dst=1.2.3.4 payload="random payload: {248331268}"
Host applesauce trying to send datagram (with next hop = 10.0.0.1): IPv4, len=2f, protocol=6, ttl=0, src=10.0.0.2, dst=1.2.3.4 payload="random payload: {565287655}"
Transferring frame from applesauce to router.eth0: dst=02:00:00:c5:b4:00, src=ba:f4:7b:b1:72:40, type=IPv4 IPv4, len=2f, protocol=6, ttl=0, src=10.0.0.2, dst=1.2.3.4 payload="random payload: {565287655}"


[32;1mCongratulations! All datagrams were routed successfully.[m
<end of output>
Test time =   0.01 sec
----------------------------------------------------------
Test Passed.
"router_test" end time: Nov 04 21:54 CST
"router_test" time elapsed: 00:00:00
----------------------------------------------------------

34/169 Testing: t_tcp_parser
34/169 Test: t_tcp_parser
Command: "/home/syx/code/labs/cs144/TCP_project/sponge/build/tests/tcp_parser" "/home/syx/code/labs/cs144/TCP_project/sponge/tests/ipv4_parser.data"
Directory: /home/syx/code/labs/cs144/Computer networking/build
"t_tcp_parser" start time: Nov 04 21:54 CST
Output:
----------------------------------------------------------
<end of output>
Test time =   0.00 sec
----------------------------------------------------------
Test Passed.
"t_tcp_parser" end time: Nov 04 21:54 CST
"t_tcp_parser" time elapsed: 00:00:00
----------------------------------------------------------

35/169 Testing: t_ipv4_parser
35/169 Test: t_ipv4_parser
Command: "/home/syx/code/labs/cs144/TCP_project/sponge/build/tests/ipv4_parser" "/home/syx/code/labs/cs144/TCP_project/sponge/tests/ipv4_parser.data"
Directory: /home/syx/code/labs/cs144/Computer networking/build
"t_ipv4_parser" start time: Nov 04 21:54 CST
Output:
----------------------------------------------------------
<end of output>
Test time =   0.00 sec
----------------------------------------------------------
Test Passed.
"t_ipv4_parser" end time: Nov 04 21:54 CST
"t_ipv4_parser" time elapsed: 00:00:00
----------------------------------------------------------

36/169 Testing: t_active_close
36/169 Test: t_active_close
Command: "/home/syx/code/labs/cs144/TCP_project/sponge/build/tests/fsm_active_close"
Directory: /home/syx/code/labs/cs144/Computer networking/build
"t_active_close" start time: Nov 04 21:54 CST
Output:
----------------------------------------------------------
<end of output>
Test time =   0.00 sec
----------------------------------------------------------
Test Passed.
"t_active_close" end time: Nov 04 21:54 CST
"t_active_close" time elapsed: 00:00:00
----------------------------------------------------------

37/169 Testing: t_passive_close
37/169 Test: t_passive_close
Command: "/home/syx/code/labs/cs144/TCP_project/sponge/build/tests/fsm_passive_close"
Directory: /home/syx/code/labs/cs144/Computer networking/build
"t_passive_close" start time: Nov 04 21:54 CST
Output:
----------------------------------------------------------
<end of output>
Test time =   0.00 sec
----------------------------------------------------------
Test Passed.
"t_passive_close" end time: Nov 04 21:54 CST
"t_passive_close" time elapsed: 00:00:00
----------------------------------------------------------

39/169 Testing: t_ack_rst
39/169 Test: t_ack_rst
Command: "/home/syx/code/labs/cs144/TCP_project/sponge/build/tests/fsm_ack_rst_relaxed"
Directory: /home/syx/code/labs/cs144/Computer networking/build
"t_ack_rst" start time: Nov 04 21:54 CST
Output:
----------------------------------------------------------
Test 1
Test 2
Test 3
Test 3
Test 4
Test 5
<end of output>
Test time =   0.00 sec
----------------------------------------------------------
Test Passed.
"t_ack_rst" end time: Nov 04 21:54 CST
"t_ack_rst" time elapsed: 00:00:00
----------------------------------------------------------

41/169 Testing: t_ack_rst_win
41/169 Test: t_ack_rst_win
Command: "/home/syx/code/labs/cs144/TCP_project/sponge/build/tests/fsm_ack_rst_win_relaxed"
Directory: /home/syx/code/labs/cs144/Computer networking/build
"t_ack_rst_win" start time: Nov 04 21:54 CST
Output:
----------------------------------------------------------
<end of output>
Test time =   0.00 sec
----------------------------------------------------------
Test Passed.
"t_ack_rst_win" end time: Nov 04 21:54 CST
"t_ack_rst_win" time elapsed: 00:00:00
----------------------------------------------------------

43/169 Testing: t_connect
43/169 Test: t_connect
Command: "/home/syx/code/labs/cs144/TCP_project/sponge/build/tests/fsm_connect_relaxed"
Directory: /home/syx/code/labs/cs144/Computer networking/build
"t_connect" start time: Nov 04 21:54 CST
Output:
----------------------------------------------------------
<end of output>
Test time =   0.00 sec
----------------------------------------------------------
Test Passed.
"t_connect" end time: Nov 04 21:54 CST
"t_connect" time elapsed: 00:00:00
----------------------------------------------------------

45/169 Testing: t_listen
45/169 Test: t_listen
Command: "/home/syx/code/labs/cs144/TCP_project/sponge/build/tests/fsm_listen_relaxed"
Directory: /home/syx/code/labs/cs144/Computer networking/build
"t_listen" start time: Nov 04 21:54 CST
Output:
----------------------------------------------------------
<end of output>
Test time =   0.00 sec
----------------------------------------------------------
Test Passed.
"t_listen" end time: Nov 04 21:54 CST
"t_listen" time elapsed: 00:00:00
----------------------------------------------------------

46/169 Testing: t_winsize
46/169 Test: t_winsize
Command: "/home/syx/code/labs/cs144/TCP_project/sponge/build/tests/fsm_winsize"
Directory: /home/syx/code/labs/cs144/Computer networking/build
"t_winsize" start time: Nov 04 21:54 CST
Output:
----------------------------------------------------------
<end of output>
Test time =   0.04 sec
----------------------------------------------------------
Test Passed.
"t_winsize" end time: Nov 04 21:54 CST
"t_winsize" time elapsed: 00:00:00
----------------------------------------------------------

48/169 Testing: t_retx
48/169 Test: t_retx
Command: "/home/syx/code/labs/cs144/TCP_project/sponge/build/tests/fsm_retx_relaxed"
Directory: /home/syx/code/labs/cs144/Computer networking/build
"t_retx" start time: Nov 04 21:54 CST
Output:
----------------------------------------------------------
  check_segment
  check_segment
  check_segment
  check_segment
  check_segment
  check_segment
  check_segment
  check_segment
  check_segment
<end of output>
Test time =   0.00 sec
----------------------------------------------------------
Test Passed.
"t_retx" end time: Nov 04 21:54 CST
"t_retx" time elapsed: 00:00:00
----------------------------------------------------------

49/169 Testing: t_retx_win
49/169 Test: t_retx_win
Command: "/home/syx/code/labs/cs144/TCP_project/sponge/build/tests/fsm_retx_win"
Directory: /home/syx/code/labs/cs144/Computer networking/build
"t_retx_win" start time: Nov 04 21:54 CST
Output:
----------------------------------------------------------
  check_segment
  check_segment
  check_segment
  check_segment
  check_segment
  check_segment
  check_segment
  check_segment
  check_segment
  check_segment
  check_segment
  check_segment
  check_segment
  check_segment
  check_segment
  check_segment
  check_segment
  check_segment
  check_segment
  check_segment
  check_segment
  check_segment
  check_segment
  check_segment
  check_segment
  check_segment
  check_segment
  check_segment
  check_segment
  check_segment
  check_segment
  check_segment
  check_segment
  check_segment
  check_segment
  check_segment
  check_segment
  check_segment
  check_segment
  check_segment
  check_segment
  check_segment
  check_segment
  check_segment
  check_segment
  check_segment
  check_segment
  check_segment
  check_segment
  check_segment
  check_segment
  check_segment
  check_segment
  check_segment
  check_segment
  check_segment
  check_segment
  check_segment
  check_segment
  check_segment
  check_segment
<end of output>
Test time =   0.00 sec
----------------------------------------------------------
Test Passed.
"t_retx_win" end time: Nov 04 21:54 CST
"t_retx_win" time elapsed: 00:00:00
----------------------------------------------------------

50/169 Testing: t_loopback
50/169 Test: t_loopback
Command: "/home/syx/code/labs/cs144/TCP_project/sponge/build/tests/fsm_loopback"
Directory: /home/syx/code/labs/cs144/Computer networking/build
"t_loopback" start time: Nov 04 21:54 CST
Output:
----------------------------------------------------------
<end of output>
Test time =   0.14 sec
----------------------------------------------------------
Test Passed.
"t_loopback" end time: Nov 04 21:54 CST
"t_loopback" time elapsed: 00:00:00
----------------------------------------------------------

51/169 Testing: t_loopback_win
51/169 Test: t_loopback_win
Command: "/home/syx/code/labs/cs144/TCP_project/sponge/build/tests/fsm_loopback_win"
Directory: /home/syx/code/labs/cs144/Computer networking/build
"t_loopback_win" start time: Nov 04 21:54 CST
Output:
----------------------------------------------------------
<end of output>
Test time =   0.07 sec
----------------------------------------------------------
Test Passed.
"t_loopback_win" end time: Nov 04 21:54 CST
"t_loopback_win" time elapsed: 00:00:00
----------------------------------------------------------

52/169 Testing: t_reorder
52/169 Test: t_reorder
Command: "/home/syx/code/labs/cs144/TCP_project/sponge/build/tests/fsm_reorder"
Directory: /home/syx/code/labs/cs144/Computer networking/build
"t_reorder" start time: Nov 04 21:54 CST
Output:
----------------------------------------------------------
<end of output>
Test time =   0.11 sec
----------------------------------------------------------
Test Passed.
"t_reorder" end time: Nov 04 21:54 CST
"t_reorder" time elapsed: 00:00:00
----------------------------------------------------------

53/169 Testing: t_address_dt
53/169 Test: t_address_dt
Command: "/home/syx/code/labs/cs144/TCP_project/sponge/build/doctests/address_dt"
Directory: /home/syx/code/labs/cs144/Computer networking/build
"t_address_dt" start time: Nov 04 21:54 CST
Output:
----------------------------------------------------------
<end of output>
Test time =   0.01 sec
----------------------------------------------------------
Test Passed.
"t_address_dt" end time: Nov 04 21:54 CST
"t_address_dt" time elapsed: 00:00:00
----------------------------------------------------------

54/169 Testing: t_parser_dt
54/169 Test: t_parser_dt
Command: "/home/syx/code/labs/cs144/TCP_project/sponge/build/doctests/parser_dt"
Directory: /home/syx/code/labs/cs144/Computer networking/build
"t_parser_dt" start time: Nov 04 21:54 CST
Output:
----------------------------------------------------------
<end of output>
Test time =   0.00 sec
----------------------------------------------------------
Test Passed.
"t_parser_dt" end time: Nov 04 21:54 CST
"t_parser_dt" time elapsed: 00:00:00
----------------------------------------------------------

55/169 Testing: t_socket_dt
55/169 Test: t_socket_dt
Command: "/home/syx/code/labs/cs144/TCP_project/sponge/build/doctests/socket_dt"
Directory: /home/syx/code/labs/cs144/Computer networking/build
"t_socket_dt" start time: Nov 04 21:54 CST
Output:
----------------------------------------------------------
<end of output>
Test time =   0.00 sec
----------------------------------------------------------
Test Passed.
"t_socket_dt" end time: Nov 04 21:54 CST
"t_socket_dt" time elapsed: 00:00:00
----------------------------------------------------------

56/169 Testing: t_udp_client_send
56/169 Test: t_udp_client_send
Command: "/home/syx/code/labs/cs144/TCP_project/sponge/txrx.sh" "-ucS"
Directory: /home/syx/code/labs/cs144/Computer networking/build
"t_udp_client_send" start time: Nov 04 21:54 CST
Output:
----------------------------------------------------------
DEBUG: Listening for incoming connection...
DEBUG: Connecting to 169.254.144.1:29669...
Successfully connected to 169.254.144.1:29669.
New connection from 169.254.144.1:37847.
DEBUG: Outbound stream to 169.254.144.1:29669 finished (33 bytes still in flight).
DEBUG: Outbound stream to 169.254.144.1:37847 finished (1 byte still in flight).
DEBUG: Inbound stream from 169.254.144.1:37847 finished cleanly.
DEBUG: Outbound stream to 169.254.144.1:29669 has been fully acknowledged.
DEBUG: Inbound stream from 169.254.144.1:29669 finished cleanly.
DEBUG: Waiting for lingering segments (e.g. retransmissions of FIN) from peer...
DEBUG: Outbound stream to 169.254.144.1:37847 has been fully acknowledged.
DEBUG: Waiting for clean shutdown... DEBUG: Waiting for clean shutdown... DEBUG: TCP connection finished cleanly.
done.
DEBUG: TCP connection finished cleanly.
done.
<end of output>
Test time =   0.25 sec
----------------------------------------------------------
Test Passed.
"t_udp_client_send" end time: Nov 04 21:54 CST
"t_udp_client_send" time elapsed: 00:00:00
----------------------------------------------------------

57/169 Testing: t_udp_server_send
57/169 Test: t_udp_server_send
Command: "/home/syx/code/labs/cs144/TCP_project/sponge/txrx.sh" "-usS"
Directory: /home/syx/code/labs/cs144/Computer networking/build
"t_udp_server_send" start time: Nov 04 21:54 CST
Output:
----------------------------------------------------------
DEBUG: Listening for incoming connection...
DEBUG: Connecting to 169.254.144.1:13498...
Successfully connected to 169.254.144.1:13498.
New connection from 169.254.144.1:49118.
DEBUG: Outbound stream to 169.254.144.1:13498 finished (1 byte still in flight).
DEBUG: Inbound stream from 169.254.144.1:49118 finished cleanly.
DEBUG: Outbound stream to 169.254.144.1:13498 has been fully acknowledged.
DEBUG: Waiting for clean shutdown... DEBUG: Outbound stream to 169.254.144.1:49118 finished (33 bytes still in flight).
DEBUG: Inbound stream from 169.254.144.1:13498 finished cleanly.
DEBUG: Waiting for lingering segments (e.g. retransmissions of FIN) from peer...
DEBUG: Outbound stream to 169.254.144.1:49118 has been fully acknowledged.
DEBUG: TCP connection finished cleanly.
done.
DEBUG: Waiting for clean shutdown... DEBUG: TCP connection finished cleanly.
done.
<end of output>
Test time =   0.24 sec
----------------------------------------------------------
Test Passed.
"t_udp_server_send" end time: Nov 04 21:54 CST
"t_udp_server_send" time elapsed: 00:00:00
----------------------------------------------------------

58/169 Testing: t_udp_client_recv
58/169 Test: t_udp_client_recv
Command: "/home/syx/code/labs/cs144/TCP_project/sponge/txrx.sh" "-ucR"
Directory: /home/syx/code/labs/cs144/Computer networking/build
"t_udp_client_recv" start time: Nov 04 21:54 CST
Output:
----------------------------------------------------------
DEBUG: Listening for incoming connection...
DEBUG: Connecting to 169.254.144.1:23089...
Successfully connected to 169.254.144.1:23089.
DEBUG: Outbound stream to 169.254.144.1:23089 finished (1 byte still in flight).
New connection from 169.254.144.1:50560.
DEBUG: Inbound stream from 169.254.144.1:50560 finished cleanly.
DEBUG: Outbound stream to 169.254.144.1:23089 has been fully acknowledged.
DEBUG: Waiting for clean shutdown... DEBUG: Outbound stream to 169.254.144.1:50560 finished (33 bytes still in flight).
DEBUG: Inbound stream from 169.254.144.1:23089 finished cleanly.
DEBUG: Waiting for lingering segments (e.g. retransmissions of FIN) from peer...
DEBUG: Outbound stream to 169.254.144.1:50560 has been fully acknowledged.
DEBUG: TCP connection finished cleanly.
done.
DEBUG: Waiting for clean shutdown... DEBUG: TCP connection finished cleanly.
done.
<end of output>
Test time =   0.24 sec
----------------------------------------------------------
Test Passed.
"t_udp_client_recv" end time: Nov 04 21:54 CST
"t_udp_client_recv" time elapsed: 00:00:00
----------------------------------------------------------

59/169 Testing: t_udp_server_recv
59/169 Test: t_udp_server_recv
Command: "/home/syx/code/labs/cs144/TCP_project/sponge/txrx.sh" "-usR"
Directory: /home/syx/code/labs/cs144/Computer networking/build
"t_udp_server_recv" start time: Nov 04 21:54 CST
Output:
----------------------------------------------------------
DEBUG: Listening for incoming connection...
DEBUG: Connecting to 169.254.144.1:31420...
Successfully connected to 169.254.144.1:31420.
New connection from 169.254.144.1:37521.
DEBUG: Outbound stream to 169.254.144.1:31420 finished (33 bytes still in flight).
DEBUG: Outbound stream to 169.254.144.1:37521 finished (1 byte still in flight).
DEBUG: Inbound stream from 169.254.144.1:37521 finished cleanly.
DEBUG: Outbound stream to 169.254.144.1:31420 has been fully acknowledged.
DEBUG: Inbound stream from 169.254.144.1:31420 finished cleanly.
DEBUG: Waiting for lingering segments (e.g. retransmissions of FIN) from peer...
DEBUG: Outbound stream to 169.254.144.1:37521 has been fully acknowledged.
DEBUG: Waiting for clean shutdown... DEBUG: Waiting for clean shutdown... DEBUG: TCP connection finished cleanly.
done.
DEBUG: TCP connection finished cleanly.
done.
<end of output>
Test time =   0.24 sec
----------------------------------------------------------
Test Passed.
"t_udp_server_recv" end time: Nov 04 21:54 CST
"t_udp_server_recv" time elapsed: 00:00:00
----------------------------------------------------------

60/169 Testing: t_udp_client_dupl
60/169 Test: t_udp_client_dupl
Command: "/home/syx/code/labs/cs144/TCP_project/sponge/txrx.sh" "-ucD"
Directory: /home/syx/code/labs/cs144/Computer networking/build
"t_udp_client_dupl" start time: Nov 04 21:54 CST
Output:
----------------------------------------------------------
DEBUG: Listening for incoming connection...
DEBUG: Connecting to 169.254.144.1:11824...
Successfully connected to 169.254.144.1:11824.
New connection from 169.254.144.1:48691.
DEBUG: Outbound stream to 169.254.144.1:11824 finished (33 bytes still in flight).
DEBUG: Inbound stream from 169.254.144.1:48691 finished cleanly.
DEBUG: Outbound stream to 169.254.144.1:11824 has been fully acknowledged.
DEBUG: Outbound stream to 169.254.144.1:48691 finished (33 bytes still in flight).
DEBUG: Waiting for clean shutdown... DEBUG: Inbound stream from 169.254.144.1:11824 finished cleanly.
DEBUG: Waiting for lingering segments (e.g. retransmissions of FIN) from peer...
DEBUG: Outbound stream to 169.254.144.1:48691 has been fully acknowledged.
DEBUG: TCP connection finished cleanly.
done.
DEBUG: Waiting for clean shutdown... DEBUG: TCP connection finished cleanly.
done.
<end of output>
Test time =   0.25 sec
----------------------------------------------------------
Test Passed.
"t_udp_client_dupl" end time: Nov 04 21:54 CST
"t_udp_client_dupl" time elapsed: 00:00:00
----------------------------------------------------------

61/169 Testing: t_udp_server_dupl
61/169 Test: t_udp_server_dupl
Command: "/home/syx/code/labs/cs144/TCP_project/sponge/txrx.sh" "-usD"
Directory: /home/syx/code/labs/cs144/Computer networking/build
"t_udp_server_dupl" start time: Nov 04 21:54 CST
Output:
----------------------------------------------------------
DEBUG: Listening for incoming connection...
DEBUG: Connecting to 169.254.144.1:12245...
Successfully connected to 169.254.144.1:12245.
New connection from 169.254.144.1:45128.
DEBUG: Outbound stream to 169.254.144.1:12245 finished (33 bytes still in flight).
DEBUG: Inbound stream from 169.254.144.1:45128 finished cleanly.
DEBUG: Outbound stream to 169.254.144.1:12245 has been fully acknowledged.
DEBUG: Waiting for clean shutdown... DEBUG: Outbound stream to 169.254.144.1:45128 finished (33 bytes still in flight).
DEBUG: Inbound stream from 169.254.144.1:12245 finished cleanly.
DEBUG: Waiting for lingering segments (e.g. retransmissions of FIN) from peer...
DEBUG: Outbound stream to 169.254.144.1:45128 has been fully acknowledged.
DEBUG: TCP connection finished cleanly.
done.
DEBUG: Waiting for clean shutdown... DEBUG: TCP connection finished cleanly.
done.
<end of output>
Test time =   0.25 sec
----------------------------------------------------------
Test Passed.
"t_udp_server_dupl" end time: Nov 04 21:54 CST
"t_udp_server_dupl" time elapsed: 00:00:00
----------------------------------------------------------

62/169 Testing: t_ucS_1M_32k
62/169 Test: t_ucS_1M_32k
Command: "/home/syx/code/labs/cs144/TCP_project/sponge/txrx.sh" "-ucSd" "1M" "-w" "32K"
Directory: /home/syx/code/labs/cs144/Computer networking/build
"t_ucS_1M_32k" start time: Nov 04 21:54 CST
Output:
----------------------------------------------------------
DEBUG: Listening for incoming connection...
DEBUG: Connecting to 169.254.144.1:26227...
Successfully connected to 169.254.144.1:26227.
New connection from 169.254.144.1:40047.
DEBUG: Outbound stream to 169.254.144.1:40047 finished (1 byte still in flight).
DEBUG: Inbound stream from 169.254.144.1:26227 finished cleanly.
DEBUG: Outbound stream to 169.254.144.1:40047 has been fully acknowledged.
DEBUG: Waiting for clean shutdown... DEBUG: Outbound stream to 169.254.144.1:26227 finished (30768 bytes still in flight).
DEBUG: Inbound stream from 169.254.144.1:40047 finished cleanly.
DEBUG: Waiting for lingering segments (e.g. retransmissions of FIN) from peer...
DEBUG: Outbound stream to 169.254.144.1:26227 has been fully acknowledged.
DEBUG: TCP connection finished cleanly.
done.
DEBUG: Waiting for clean shutdown... DEBUG: TCP connection finished cleanly.
done.
<end of output>
Test time =   0.27 sec
----------------------------------------------------------
Test Passed.
"t_ucS_1M_32k" end time: Nov 04 21:54 CST
"t_ucS_1M_32k" time elapsed: 00:00:00
----------------------------------------------------------

63/169 Testing: t_ucS_128K_8K
63/169 Test: t_ucS_128K_8K
Command: "/home/syx/code/labs/cs144/TCP_project/sponge/txrx.sh" "-ucSd" "128K" "-w" "8K"
Directory: /home/syx/code/labs/cs144/Computer networking/build
"t_ucS_128K_8K" start time: Nov 04 21:54 CST
Output:
----------------------------------------------------------
DEBUG: Listening for incoming connection...
DEBUG: Connecting to 169.254.144.1:5551...
Successfully connected to 169.254.144.1:5551.
New connection from 169.254.144.1:41376.
DEBUG: Outbound stream to 169.254.144.1:41376 finished (1 byte still in flight).
DEBUG: Inbound stream from 169.254.144.1:5551 finished cleanly.
DEBUG: Waiting for clean shutdown... DEBUG: Outbound stream to 169.254.144.1:41376 has been fully acknowledged.
DEBUG: Outbound stream to 169.254.144.1:5551 finished (8191 bytes still in flight).
DEBUG: Inbound stream from 169.254.144.1:41376 finished cleanly.
DEBUG: Waiting for lingering segments (e.g. retransmissions of FIN) from peer...
DEBUG: Outbound stream to 169.254.144.1:5551 has been fully acknowledged.
DEBUG: TCP connection finished cleanly.
done.
DEBUG: Waiting for clean shutdown... DEBUG: TCP connection finished cleanly.
done.
<end of output>
Test time =   0.25 sec
----------------------------------------------------------
Test Passed.
"t_ucS_128K_8K" end time: Nov 04 21:54 CST
"t_ucS_128K_8K" time elapsed: 00:00:00
----------------------------------------------------------

64/169 Testing: t_ucS_16_1
64/169 Test: t_ucS_16_1
Command: "/home/syx/code/labs/cs144/TCP_project/sponge/txrx.sh" "-ucSd" "16" "-w" "1"
Directory: /home/syx/code/labs/cs144/Computer networking/build
"t_ucS_16_1" start time: Nov 04 21:54 CST
Output:
----------------------------------------------------------
DEBUG: Listening for incoming connection...
DEBUG: Connecting to 169.254.144.1:13757...
Successfully connected to 169.254.144.1:13757.
New connection from 169.254.144.1:34609.
DEBUG: Outbound stream to 169.254.144.1:34609 finished (1 byte still in flight).
DEBUG: Outbound stream to 169.254.144.1:13757 finished (1 byte still in flight).
DEBUG: Inbound stream from 169.254.144.1:13757 finished cleanly.
DEBUG: Outbound stream to DEBUG: Waiting for clean shutdown... 169.254.144.1:34609 has been fully acknowledged.
DEBUG: Inbound stream from 169.254.144.1:34609 finished cleanly.
DEBUG: Waiting for lingering segments (e.g. retransmissions of FIN) from peer...
DEBUG: Outbound stream to 169.254.144.1:13757 has been fully acknowledged.
DEBUG: TCP connection finished cleanly.
done.
DEBUG: Waiting for clean shutdown... DEBUG: TCP connection finished cleanly.
done.
<end of output>
Test time =   0.25 sec
----------------------------------------------------------
Test Passed.
"t_ucS_16_1" end time: Nov 04 21:54 CST
"t_ucS_16_1" time elapsed: 00:00:00
----------------------------------------------------------

65/169 Testing: t_ucS_32K_d
65/169 Test: t_ucS_32K_d
Command: "/home/syx/code/labs/cs144/TCP_project/sponge/txrx.sh" "-ucSd" "32K"
Directory: /home/syx/code/labs/cs144/Computer networking/build
"t_ucS_32K_d" start time: Nov 04 21:54 CST
Output:
----------------------------------------------------------
DEBUG: Listening for incoming connection...
DEBUG: Connecting to 169.254.144.1:17293...
Successfully connected to 169.254.144.1:17293.
New connection from 169.254.144.1:43325.
DEBUG: Outbound stream to DEBUG: Outbound stream to 169.254.144.1:17293169.254.144.1:43325 finished ( finished (327691 byte bytes still in flight).
 still in flight).
DEBUG: Inbound stream from 169.254.144.1:17293 finished cleanly.
DEBUG: Outbound stream to DEBUG: Outbound stream to 169.254.144.1:43325 has been fully acknowledged.
169.254.144.1:17293 has been fully acknowledged.
DEBUG: Inbound stream from 169.254.144.1:43325 finished cleanly.
DEBUG: Waiting for lingering segments (e.g. retransmissions of FIN) from peer...
DEBUG: Waiting for clean shutdown... DEBUG: Waiting for clean shutdown... DEBUG: TCP connection finished cleanly.
done.
DEBUG: TCP connection finished cleanly.
done.
<end of output>
Test time =   0.24 sec
----------------------------------------------------------
Test Passed.
"t_ucS_32K_d" end time: Nov 04 21:54 CST
"t_ucS_32K_d" time elapsed: 00:00:00
----------------------------------------------------------

66/169 Testing: t_ucR_1M_32k
66/169 Test: t_ucR_1M_32k
Command: "/home/syx/code/labs/cs144/TCP_project/sponge/txrx.sh" "-ucRd" "1M" "-w" "32K"
Directory: /home/syx/code/labs/cs144/Computer networking/build
"t_ucR_1M_32k" start time: Nov 04 21:54 CST
Output:
----------------------------------------------------------
DEBUG: Listening for incoming connection...
DEBUG: Connecting to 169.254.144.1:32344...
Successfully connected to 169.254.144.1:32344.
DEBUG: Outbound stream to 169.254.144.1:32344 finished (1 byte still in flight).
New connection from 169.254.144.1:55355.
DEBUG: Inbound stream from 169.254.144.1:55355 finished cleanly.
DEBUG: Outbound stream to 169.254.144.1:32344 has been fully acknowledged.
DEBUG: Waiting for clean shutdown... DEBUG: Outbound stream to 169.254.144.1:55355 finished (31768 bytes still in flight).
DEBUG: Inbound stream from 169.254.144.1:32344 finished cleanly.
DEBUG: Waiting for lingering segments (e.g. retransmissions of FIN) from peer...
DEBUG: Outbound stream to 169.254.144.1:55355 has been fully acknowledged.
DEBUG: TCP connection finished cleanly.
done.
DEBUG: Waiting for clean shutdown... DEBUG: TCP connection finished cleanly.
done.
<end of output>
Test time =   0.28 sec
----------------------------------------------------------
Test Passed.
"t_ucR_1M_32k" end time: Nov 04 21:54 CST
"t_ucR_1M_32k" time elapsed: 00:00:00
----------------------------------------------------------

67/169 Testing: t_ucR_128K_8K
67/169 Test: t_ucR_128K_8K
Command: "/home/syx/code/labs/cs144/TCP_project/sponge/txrx.sh" "-ucRd" "128K" "-w" "8K"
Directory: /home/syx/code/labs/cs144/Computer networking/build
"t_ucR_128K_8K" start time: Nov 04 21:54 CST
Output:
----------------------------------------------------------
DEBUG: Listening for incoming connection...
DEBUG: Connecting to 169.254.144.1:9272...
Successfully connected to 169.254.144.1:9272.
DEBUG: Outbound stream to 169.254.144.1:9272 finished (1 byte still in flight).
New connection from 169.254.144.1:42440.
DEBUG: Inbound stream from 169.254.144.1:42440 finished cleanly.
DEBUG: Outbound stream to 169.254.144.1:9272 has been fully acknowledged.
DEBUG: Waiting for clean shutdown... DEBUG: Outbound stream to 169.254.144.1:42440 finished (8000 bytes still in flight).
DEBUG: Inbound stream from 169.254.144.1:9272 finished cleanly.
DEBUG: Waiting for lingering segments (e.g. retransmissions of FIN) from peer...
DEBUG: Outbound stream to 169.254.144.1:42440 has been fully acknowledged.
DEBUG: TCP connection finished cleanly.
done.
DEBUG: Waiting for clean shutdown... DEBUG: TCP connection finished cleanly.
done.
<end of output>
Test time =   0.25 sec
----------------------------------------------------------
Test Passed.
"t_ucR_128K_8K" end time: Nov 04 21:54 CST
"t_ucR_128K_8K" time elapsed: 00:00:00
----------------------------------------------------------

68/169 Testing: t_ucR_16_1
68/169 Test: t_ucR_16_1
Command: "/home/syx/code/labs/cs144/TCP_project/sponge/txrx.sh" "-ucRd" "16" "-w" "1"
Directory: /home/syx/code/labs/cs144/Computer networking/build
"t_ucR_16_1" start time: Nov 04 21:54 CST
Output:
----------------------------------------------------------
DEBUG: Listening for incoming connection...
DEBUG: Connecting to 169.254.144.1:4601...
Successfully connected to 169.254.144.1:4601.
New connection from 169.254.144.1:40504.
DEBUG: Outbound stream to 169.254.144.1:4601 finished (1 byte still in flight).
DEBUG: Inbound stream from 169.254.144.1:40504 finished cleanly.
DEBUG: Outbound stream to 169.254.144.1:4601 has been fully acknowledged.
DEBUG: Waiting for clean shutdown... DEBUG: Outbound stream to 169.254.144.1:40504 finished (1 byte still in flight).
DEBUG: Inbound stream from 169.254.144.1:4601 finished cleanly.
DEBUG: Waiting for lingering segments (e.g. retransmissions of FIN) from peer...
DEBUG: Outbound stream to 169.254.144.1:40504 has been fully acknowledged.
DEBUG: TCP connection finished cleanly.
done.
DEBUG: Waiting for clean shutdown... DEBUG: TCP connection finished cleanly.
done.
<end of output>
Test time =   0.24 sec
----------------------------------------------------------
Test Passed.
"t_ucR_16_1" end time: Nov 04 21:54 CST
"t_ucR_16_1" time elapsed: 00:00:00
----------------------------------------------------------

69/169 Testing: t_ucR_32K_d
69/169 Test: t_ucR_32K_d
Command: "/home/syx/code/labs/cs144/TCP_project/sponge/txrx.sh" "-ucRd" "32K"
Directory: /home/syx/code/labs/cs144/Computer networking/build
"t_ucR_32K_d" start time: Nov 04 21:54 CST
Output:
----------------------------------------------------------
DEBUG: Listening for incoming connection...
DEBUG: Connecting to 169.254.144.1:6211...
Successfully connected to 169.254.144.1:6211.
New connection from 169.254.144.1:45789.
DEBUG: Outbound stream to 169.254.144.1:6211 finished (1 byte still in flight).
DEBUG: Inbound stream from 169.254.144.1:45789 finished cleanly.
DEBUG: Outbound stream to 169.254.144.1:6211 has been fully acknowledged.
DEBUG: Waiting for clean shutdown... DEBUG: Outbound stream to 169.254.144.1:45789 finished (32769 bytes still in flight).
DEBUG: Outbound stream to DEBUG: Inbound stream from 169.254.144.1:6211 finished cleanly.
169.254.144.1:45789 has been fully acknowledged.
DEBUG: Waiting for lingering segments (e.g. retransmissions of FIN) from peer...
DEBUG: TCP connection finished cleanly.
done.
DEBUG: Waiting for clean shutdown... DEBUG: TCP connection finished cleanly.
done.
<end of output>
Test time =   0.24 sec
----------------------------------------------------------
Test Passed.
"t_ucR_32K_d" end time: Nov 04 21:54 CST
"t_ucR_32K_d" time elapsed: 00:00:00
----------------------------------------------------------

70/169 Testing: t_ucD_1M_32k
70/169 Test: t_ucD_1M_32k
Command: "/home/syx/code/labs/cs144/TCP_project/sponge/txrx.sh" "-ucDd" "1M" "-w" "32K"
Directory: /home/syx/code/labs/cs144/Computer networking/build
"t_ucD_1M_32k" start time: Nov 04 21:54 CST
Output:
----------------------------------------------------------
DEBUG: Listening for incoming connection...
DEBUG: Connecting to 169.254.144.1:29294...
Successfully connected to 169.254.144.1:29294.
New connection from 169.254.144.1:40816.
DEBUG: Outbound stream to 169.254.144.1:40816 finished (31768 bytes still in flight).
DEBUG: Inbound stream from 169.254.144.1:29294 finished cleanly.
DEBUG: Outbound stream to 169.254.144.1:40816 has been fully acknowledged.
DEBUG: Waiting for clean shutdown... DEBUG: Outbound stream to 169.254.144.1:29294 finished (31768 bytes still in flight).
DEBUG: Inbound stream from 169.254.144.1:40816 finished cleanly.
DEBUG: Waiting for lingering segments (e.g. retransmissions of FIN) from peer...
DEBUG: Outbound stream to 169.254.144.1:29294 has been fully acknowledged.
DEBUG: TCP connection finished cleanly.
done.
DEBUG: Waiting for clean shutdown... DEBUG: TCP connection finished cleanly.
done.
<end of output>
Test time =   0.29 sec
----------------------------------------------------------
Test Passed.
"t_ucD_1M_32k" end time: Nov 04 21:54 CST
"t_ucD_1M_32k" time elapsed: 00:00:00
----------------------------------------------------------

71/169 Testing: t_ucD_128K_8K
71/169 Test: t_ucD_128K_8K
Command: "/home/syx/code/labs/cs144/TCP_project/sponge/txrx.sh" "-ucDd" "128K" "-w" "8K"
Directory: /home/syx/code/labs/cs144/Computer networking/build
"t_ucD_128K_8K" start time: Nov 04 21:54 CST
Output:
----------------------------------------------------------
DEBUG: Listening for incoming connection...
DEBUG: Connecting to 169.254.144.1:33128...
Successfully connected to 169.254.144.1:33128.
New connection from 169.254.144.1:53805.
DEBUG: Outbound stream to 169.254.144.1:33128 finished (7192 bytes still in flight).
DEBUG: Outbound stream to 169.254.144.1:53805 finished (6192 bytes still in flight).
DEBUG: Inbound stream from 169.254.144.1:53805 finished cleanly.
DEBUG: Waiting for clean shutdown... DEBUG: Outbound stream to 169.254.144.1:33128 has been fully acknowledged.
DEBUG: Inbound stream from 169.254.144.1:33128 finished cleanly.
DEBUG: Waiting for lingering segments (e.g. retransmissions of FIN) from peer...
DEBUG: Outbound stream to 169.254.144.1:53805 has been fully acknowledged.
DEBUG: TCP connection finished cleanly.
done.
DEBUG: Waiting for clean shutdown... DEBUG: TCP connection finished cleanly.
done.
<end of output>
Test time =   0.26 sec
----------------------------------------------------------
Test Passed.
"t_ucD_128K_8K" end time: Nov 04 21:54 CST
"t_ucD_128K_8K" time elapsed: 00:00:00
----------------------------------------------------------

72/169 Testing: t_ucD_16_1
72/169 Test: t_ucD_16_1
Command: "/home/syx/code/labs/cs144/TCP_project/sponge/txrx.sh" "-ucDd" "16" "-w" "1"
Directory: /home/syx/code/labs/cs144/Computer networking/build
"t_ucD_16_1" start time: Nov 04 21:54 CST
Output:
----------------------------------------------------------
DEBUG: Listening for incoming connection...
DEBUG: Connecting to 169.254.144.1:5550...
Successfully connected to 169.254.144.1:5550.
New connection from 169.254.144.1:44296.
DEBUG: Outbound stream to 169.254.144.1:5550 finished (1 byte still in flight).
DEBUG: Outbound stream to 169.254.144.1:44296 finished (1 byte still in flight).
DEBUG: Inbound stream from 169.254.144.1:44296 finished cleanly.
DEBUG: Outbound stream to 169.254.144.1:5550 has been fully acknowledged.
DEBUG: Waiting for clean shutdown... DEBUG: Inbound stream from 169.254.144.1:5550 finished cleanly.
DEBUG: Waiting for lingering segments (e.g. retransmissions of FIN) from peer...
DEBUG: Outbound stream to 169.254.144.1:44296 has been fully acknowledged.
DEBUG: TCP connection finished cleanly.
done.
DEBUG: Waiting for clean shutdown... DEBUG: TCP connection finished cleanly.
done.
<end of output>
Test time =   0.25 sec
----------------------------------------------------------
Test Passed.
"t_ucD_16_1" end time: Nov 04 21:54 CST
"t_ucD_16_1" time elapsed: 00:00:00
----------------------------------------------------------

73/169 Testing: t_ucD_32K_d
73/169 Test: t_ucD_32K_d
Command: "/home/syx/code/labs/cs144/TCP_project/sponge/txrx.sh" "-ucDd" "32K"
Directory: /home/syx/code/labs/cs144/Computer networking/build
"t_ucD_32K_d" start time: Nov 04 21:54 CST
Output:
----------------------------------------------------------
DEBUG: Listening for incoming connection...
DEBUG: Connecting to 169.254.144.1:17845...
Successfully connected to 169.254.144.1:17845.
New connection from 169.254.144.1:38984.
DEBUG: Outbound stream to 169.254.144.1:17845 finished (32769 bytes still in flight).
DEBUG: Outbound stream to 169.254.144.1:38984 finished (32769 bytes still in flight).
DEBUG: Inbound stream from 169.254.144.1:17845 finished cleanly.
DEBUG: Inbound stream from 169.254.144.1:38984 finished cleanly.
DEBUG: Outbound stream to 169.254.144.1:17845 has been fully acknowledged.
DEBUG: Outbound stream to 169.254.144.1:38984 has been fully acknowledged.
DEBUG: Waiting for clean shutdown... DEBUG: Waiting for clean shutdown... DEBUG: TCP connection finished cleanly.
DEBUG: TCP connection finished cleanly.
done.
done.
<end of output>
Test time =   0.25 sec
----------------------------------------------------------
Test Passed.
"t_ucD_32K_d" end time: Nov 04 21:54 CST
"t_ucD_32K_d" time elapsed: 00:00:00
----------------------------------------------------------

74/169 Testing: t_usS_1M_32k
74/169 Test: t_usS_1M_32k
Command: "/home/syx/code/labs/cs144/TCP_project/sponge/txrx.sh" "-usSd" "1M" "-w" "32K"
Directory: /home/syx/code/labs/cs144/Computer networking/build
"t_usS_1M_32k" start time: Nov 04 21:54 CST
Output:
----------------------------------------------------------
DEBUG: Listening for incoming connection...
DEBUG: Connecting to 169.254.144.1:13349...
Successfully connected to 169.254.144.1:13349.
New connection from 169.254.144.1:55563.
DEBUG: Outbound stream to 169.254.144.1:13349 finished (1 byte still in flight).
DEBUG: Inbound stream from 169.254.144.1:55563 finished cleanly.
DEBUG: Outbound stream to 169.254.144.1:13349 has been fully acknowledged.
DEBUG: Waiting for clean shutdown... DEBUG: Outbound stream to 169.254.144.1:55563 finished (31768 bytes still in flight).
DEBUG: Inbound stream from 169.254.144.1:13349 finished cleanly.
DEBUG: Waiting for lingering segments (e.g. retransmissions of FIN) from peer...
DEBUG: Outbound stream to 169.254.144.1:55563 has been fully acknowledged.
DEBUG: TCP connection finished cleanly.
done.
DEBUG: Waiting for clean shutdown... DEBUG: TCP connection finished cleanly.
done.
<end of output>
Test time =   0.27 sec
----------------------------------------------------------
Test Passed.
"t_usS_1M_32k" end time: Nov 04 21:54 CST
"t_usS_1M_32k" time elapsed: 00:00:00
----------------------------------------------------------

75/169 Testing: t_usS_128K_8K
75/169 Test: t_usS_128K_8K
Command: "/home/syx/code/labs/cs144/TCP_project/sponge/txrx.sh" "-usSd" "128K" "-w" "8K"
Directory: /home/syx/code/labs/cs144/Computer networking/build
"t_usS_128K_8K" start time: Nov 04 21:54 CST
Output:
----------------------------------------------------------
DEBUG: Listening for incoming connection...
DEBUG: Connecting to 169.254.144.1:17215...
Successfully connected to 169.254.144.1:17215.
New connection from 169.254.144.1:47447.
DEBUG: Outbound stream to 169.254.144.1:17215 finished (1 byte still in flight).
DEBUG: Inbound stream from 169.254.144.1:47447 finished cleanly.
DEBUG: Outbound stream to 169.254.144.1:17215 has been fully acknowledged.
DEBUG: Waiting for clean shutdown... DEBUG: Outbound stream to 169.254.144.1:47447 finished (7192 bytes still in flight).
DEBUG: Inbound stream from 169.254.144.1:17215 finished cleanly.
DEBUG: Waiting for lingering segments (e.g. retransmissions of FIN) from peer...
DEBUG: Outbound stream to 169.254.144.1:47447 has been fully acknowledged.
DEBUG: TCP connection finished cleanly.
done.
DEBUG: Waiting for clean shutdown... DEBUG: TCP connection finished cleanly.
done.
<end of output>
Test time =   0.25 sec
----------------------------------------------------------
Test Passed.
"t_usS_128K_8K" end time: Nov 04 21:54 CST
"t_usS_128K_8K" time elapsed: 00:00:00
----------------------------------------------------------

76/169 Testing: t_usS_16_1
76/169 Test: t_usS_16_1
Command: "/home/syx/code/labs/cs144/TCP_project/sponge/txrx.sh" "-usSd" "16" "-w" "1"
Directory: /home/syx/code/labs/cs144/Computer networking/build
"t_usS_16_1" start time: Nov 04 21:54 CST
Output:
----------------------------------------------------------
DEBUG: Listening for incoming connection...
DEBUG: Connecting to 169.254.144.1:18612...
Successfully connected to 169.254.144.1:18612.
New connection from 169.254.144.1:48977.
DEBUG: Outbound stream to 169.254.144.1:18612 finished (1 byte still in flight).
DEBUG: Inbound stream from 169.254.144.1:48977 finished cleanly.
DEBUG: Outbound stream to 169.254.144.1:18612 has been fully acknowledged.
DEBUG: Waiting for clean shutdown... DEBUG: Outbound stream to 169.254.144.1:48977 finished (1 byte still in flight).
DEBUG: Inbound stream from 169.254.144.1:18612 finished cleanly.
DEBUG: Waiting for lingering segments (e.g. retransmissions of FIN) from peer...
DEBUG: Outbound stream to 169.254.144.1:48977 has been fully acknowledged.
DEBUG: TCP connection finished cleanly.
done.
DEBUG: Waiting for clean shutdown... DEBUG: TCP connection finished cleanly.
done.
<end of output>
Test time =   0.25 sec
----------------------------------------------------------
Test Passed.
"t_usS_16_1" end time: Nov 04 21:54 CST
"t_usS_16_1" time elapsed: 00:00:00
----------------------------------------------------------

77/169 Testing: t_usS_32K_d
77/169 Test: t_usS_32K_d
Command: "/home/syx/code/labs/cs144/TCP_project/sponge/txrx.sh" "-usSd" "32K"
Directory: /home/syx/code/labs/cs144/Computer networking/build
"t_usS_32K_d" start time: Nov 04 21:54 CST
Output:
----------------------------------------------------------
DEBUG: Listening for incoming connection...
DEBUG: Connecting to 169.254.144.1:1183...
Successfully connected to 169.254.144.1:1183.
DEBUG: Outbound stream to 169.254.144.1:1183 finished (1 byte still in flight).
New connection from 169.254.144.1:48104.
DEBUG: Inbound stream from 169.254.144.1:48104 finished cleanly.
DEBUG: Outbound stream to 169.254.144.1:1183 has been fully acknowledged.
DEBUG: Waiting for clean shutdown... DEBUG: Outbound stream to 169.254.144.1:48104 finished (32769 bytes still in flight).
DEBUG: Inbound stream from 169.254.144.1:1183 finished cleanly.
DEBUG: Waiting for lingering segments (e.g. retransmissions of FIN) from peer...
DEBUG: Outbound stream to 169.254.144.1:48104 has been fully acknowledged.
DEBUG: TCP connection finished cleanly.
done.
DEBUG: Waiting for clean shutdown... DEBUG: TCP connection finished cleanly.
done.
<end of output>
Test time =   0.24 sec
----------------------------------------------------------
Test Passed.
"t_usS_32K_d" end time: Nov 04 21:54 CST
"t_usS_32K_d" time elapsed: 00:00:00
----------------------------------------------------------

78/169 Testing: t_usR_1M_32k
78/169 Test: t_usR_1M_32k
Command: "/home/syx/code/labs/cs144/TCP_project/sponge/txrx.sh" "-usRd" "1M" "-w" "32K"
Directory: /home/syx/code/labs/cs144/Computer networking/build
"t_usR_1M_32k" start time: Nov 04 21:54 CST
Output:
----------------------------------------------------------
DEBUG: Listening for incoming connection...
DEBUG: Connecting to 169.254.144.1:19257...
Successfully connected to 169.254.144.1:19257.
New connection from 169.254.144.1:37989.
DEBUG: Outbound stream to 169.254.144.1:37989 finished (1 byte still in flight).
DEBUG: Inbound stream from 169.254.144.1:19257 finished cleanly.
DEBUG: Outbound stream to 169.254.144.1:37989 has been fully acknowledged.
DEBUG: Waiting for clean shutdown... DEBUG: Outbound stream to 169.254.144.1:19257 finished (30768 bytes still in flight).
DEBUG: Inbound stream from 169.254.144.1:37989 finished cleanly.
DEBUG: Waiting for lingering segments (e.g. retransmissions of FIN) from peer...
DEBUG: Outbound stream to 169.254.144.1:19257 has been fully acknowledged.
DEBUG: TCP connection finished cleanly.
done.
DEBUG: Waiting for clean shutdown... DEBUG: TCP connection finished cleanly.
done.
<end of output>
Test time =   0.27 sec
----------------------------------------------------------
Test Passed.
"t_usR_1M_32k" end time: Nov 04 21:54 CST
"t_usR_1M_32k" time elapsed: 00:00:00
----------------------------------------------------------

79/169 Testing: t_usR_128K_8K
79/169 Test: t_usR_128K_8K
Command: "/home/syx/code/labs/cs144/TCP_project/sponge/txrx.sh" "-usRd" "128K" "-w" "8K"
Directory: /home/syx/code/labs/cs144/Computer networking/build
"t_usR_128K_8K" start time: Nov 04 21:54 CST
Output:
----------------------------------------------------------
DEBUG: Listening for incoming connection...
DEBUG: Connecting to 169.254.144.1:28530...
Successfully connected to 169.254.144.1:28530.
New connection from 169.254.144.1:57804.
DEBUG: Outbound stream to 169.254.144.1:57804 finished (1 byte still in flight).
DEBUG: Inbound stream from 169.254.144.1:28530 finished cleanly.
DEBUG: Outbound stream to 169.254.144.1:57804 has been fully acknowledged.
DEBUG: Waiting for clean shutdown... DEBUG: Outbound stream to 169.254.144.1:28530 finished (6192 bytes still in flight).
DEBUG: Inbound stream from 169.254.144.1:57804 finished cleanly.
DEBUG: Waiting for lingering segments (e.g. retransmissions of FIN) from peer...
DEBUG: Outbound stream to 169.254.144.1:28530 has been fully acknowledged.
DEBUG: TCP connection finished cleanly.
done.
DEBUG: Waiting for clean shutdown... DEBUG: TCP connection finished cleanly.
done.
<end of output>
Test time =   0.25 sec
----------------------------------------------------------
Test Passed.
"t_usR_128K_8K" end time: Nov 04 21:54 CST
"t_usR_128K_8K" time elapsed: 00:00:00
----------------------------------------------------------

80/169 Testing: t_usR_16_1
80/169 Test: t_usR_16_1
Command: "/home/syx/code/labs/cs144/TCP_project/sponge/txrx.sh" "-usRd" "16" "-w" "1"
Directory: /home/syx/code/labs/cs144/Computer networking/build
"t_usR_16_1" start time: Nov 04 21:54 CST
Output:
----------------------------------------------------------
DEBUG: Listening for incoming connection...
DEBUG: Connecting to 169.254.144.1:23161...
Successfully connected to 169.254.144.1:23161.
New connection from 169.254.144.1:43833.
DEBUG: Outbound stream to 169.254.144.1:23161 finished (1 byte still in flight).
DEBUG: Outbound stream to 169.254.144.1:43833 finished (1 byte still in flight).
DEBUG: Inbound stream from 169.254.144.1:23161 finished cleanly.
DEBUG: Outbound stream to 169.254.144.1:43833 has been fully acknowledged.
DEBUG: Waiting for clean shutdown... DEBUG: Inbound stream from 169.254.144.1:43833 finished cleanly.
DEBUG: Waiting for lingering segments (e.g. retransmissions of FIN) from peer...
DEBUG: Outbound stream to 169.254.144.1:23161 has been fully acknowledged.
DEBUG: TCP connection finished cleanly.
DEBUG: Waiting for clean shutdown... done.
DEBUG: TCP connection finished cleanly.
done.
<end of output>
Test time =   0.25 sec
----------------------------------------------------------
Test Passed.
"t_usR_16_1" end time: Nov 04 21:54 CST
"t_usR_16_1" time elapsed: 00:00:00
----------------------------------------------------------

81/169 Testing: t_usR_32K_d
81/169 Test: t_usR_32K_d
Command: "/home/syx/code/labs/cs144/TCP_project/sponge/txrx.sh" "-usRd" "32K"
Directory: /home/syx/code/labs/cs144/Computer networking/build
"t_usR_32K_d" start time: Nov 04 21:54 CST
Output:
----------------------------------------------------------
DEBUG: Listening for incoming connection...
DEBUG: Connecting to 169.254.144.1:5218...
Successfully connected to 169.254.144.1:5218.
New connection from 169.254.144.1:47144.
DEBUG: Outbound stream to 169.254.144.1:5218 finished (32769 bytes still in flight).
DEBUG: Outbound stream to 169.254.144.1:47144 finished (1 byte still in flight).
DEBUG: Inbound stream from 169.254.144.1:5218 finished cleanly.
DEBUG: Waiting for clean shutdown... DEBUG: Inbound stream from 169.254.144.1:47144 finished cleanly.
DEBUG: Outbound stream to 169.254.144.1:5218DEBUG: Outbound stream to  has been fully acknowledged.
169.254.144.1:47144 has been fully acknowledged.
DEBUG: Waiting for clean shutdown... DEBUG: TCP connection finished DEBUG: TCP connection finished cleanly.
cleanly.
done.
done.
<end of output>
Test time =   0.25 sec
----------------------------------------------------------
Test Passed.
"t_usR_32K_d" end time: Nov 04 21:54 CST
"t_usR_32K_d" time elapsed: 00:00:00
----------------------------------------------------------

82/169 Testing: t_usD_1M_32k
82/169 Test: t_usD_1M_32k
[...]
"t_icD_128K_8K_l" start time: Nov 04 21:54 CST
Output:
----------------------------------------------------------
DEBUG: Listening for incoming connection...
Exception: ioctl: Device or resource busy
Error in _rt_connect
<end of output>
Test time =   0.12 sec
----------------------------------------------------------
Test Failed.
"t_icD_128K_8K_l" end time: Nov 04 21:54 CST
"t_icD_128K_8K_l" time elapsed: 00:00:00
----------------------------------------------------------

141/169 Testing: t_icD_128K_8K_L
141/169 Test: t_icD_128K_8K_L
Command: "/home/syx/code/labs/cs144/TCP_project/sponge/txrx.sh" "-icDd" "128K" "-w" "8K" "-L" "0.1"
Directory: /home/syx/code/labs/cs144/Computer networking/build
"t_icD_128K_8K_L" start time: Nov 04 21:54 CST
Output:
----------------------------------------------------------
DEBUG: Listening for incoming connection...
Exception: ioctl: Device or resource busy
Error in _rt_connect
<end of output>
Test time =   0.12 sec
----------------------------------------------------------
Test Failed.
"t_icD_128K_8K_L" end time: Nov 04 21:54 CST
"t_icD_128K_8K_L" time elapsed: 00:00:00
----------------------------------------------------------

142/169 Testing: t_icD_128K_8K_lL
142/169 Test: t_icD_128K_8K_lL
Command: "/home/syx/code/labs/cs144/TCP_project/sponge/txrx.sh" "-icDd" "128K" "-w" "8K" "-l" "0.1" "-L" "0.1"
Directory: /home/syx/code/labs/cs144/Computer networking/build
"t_icD_128K_8K_lL" start time: Nov 04 21:54 CST
Output:
----------------------------------------------------------
DEBUG: Listening for incoming connection...
Exception: ioctl: Device or resource busy
Error in _rt_connect
<end of output>
Test time =   0.12 sec
----------------------------------------------------------
Test Failed.
"t_icD_128K_8K_lL" end time: Nov 04 21:54 CST
"t_icD_128K_8K_lL" time elapsed: 00:00:00
----------------------------------------------------------

143/169 Testing: t_isS_128K_8K_l
143/169 Test: t_isS_128K_8K_l
Command: "/home/syx/code/labs/cs144/TCP_project/sponge/txrx.sh" "-isSd" "128K" "-w" "8K" "-l" "0.1"
Directory: /home/syx/code/labs/cs144/Computer networking/build
"t_isS_128K_8K_l" start time: Nov 04 21:54 CST
Output:
----------------------------------------------------------
Exception: ioctl: Device or resource busy
Error in _rt_listen
<end of output>
Test time =   0.12 sec
----------------------------------------------------------
Test Failed.
"t_isS_128K_8K_l" end time: Nov 04 21:54 CST
"t_isS_128K_8K_l" time elapsed: 00:00:00
----------------------------------------------------------

144/169 Testing: t_isS_128K_8K_L
144/169 Test: t_isS_128K_8K_L
Command: "/home/syx/code/labs/cs144/TCP_project/sponge/txrx.sh" "-isSd" "128K" "-w" "8K" "-L" "0.1"
Directory: /home/syx/code/labs/cs144/Computer networking/build
"t_isS_128K_8K_L" start time: Nov 04 21:54 CST
Output:
----------------------------------------------------------
Exception: ioctl: Device or resource busy
Error in _rt_listen
<end of output>
Test time =   0.12 sec
----------------------------------------------------------
Test Failed.
"t_isS_128K_8K_L" end time: Nov 04 21:54 CST
"t_isS_128K_8K_L" time elapsed: 00:00:00
----------------------------------------------------------

145/169 Testing: t_isS_128K_8K_lL
145/169 Test: t_isS_128K_8K_lL
Command: "/home/syx/code/labs/cs144/TCP_project/sponge/txrx.sh" "-isSd" "128K" "-w" "8K" "-l" "0.1" "-L" "0.1"
Directory: /home/syx/code/labs/cs144/Computer networking/build
"t_isS_128K_8K_lL" start time: Nov 04 21:54 CST
Output:
----------------------------------------------------------
Exception: ioctl: Device or resource busy
Error in _rt_listen
<end of output>
Test time =   0.12 sec
----------------------------------------------------------
Test Failed.
"t_isS_128K_8K_lL" end time: Nov 04 21:54 CST
"t_isS_128K_8K_lL" time elapsed: 00:00:00
----------------------------------------------------------

146/169 Testing: t_isR_128K_8K_l
146/169 Test: t_isR_128K_8K_l
Command: "/home/syx/code/labs/cs144/TCP_project/sponge/txrx.sh" "-isRd" "128K" "-w" "8K" "-l" "0.1"
Directory: /home/syx/code/labs/cs144/Computer networking/build
"t_isR_128K_8K_l" start time: Nov 04 21:54 CST
Output:
----------------------------------------------------------
Exception: ioctl: Device or resource busy
Error in _rt_listen
<end of output>
Test time =   0.12 sec
----------------------------------------------------------
Test Failed.
"t_isR_128K_8K_l" end time: Nov 04 21:54 CST
"t_isR_128K_8K_l" time elapsed: 00:00:00
----------------------------------------------------------

147/169 Testing: t_isR_128K_8K_L
147/169 Test: t_isR_128K_8K_L
Command: "/home/syx/code/labs/cs144/TCP_project/sponge/txrx.sh" "-isRd" "128K" "-w" "8K" "-L" "0.1"
Directory: /home/syx/code/labs/cs144/Computer networking/build
"t_isR_128K_8K_L" start time: Nov 04 21:54 CST
Output:
----------------------------------------------------------
Exception: ioctl: Device or resource busy
Error in _rt_listen
<end of output>
Test time =   0.12 sec
----------------------------------------------------------
Test Failed.
"t_isR_128K_8K_L" end time: Nov 04 21:54 CST
"t_isR_128K_8K_L" time elapsed: 00:00:00
----------------------------------------------------------

148/169 Testing: t_isR_128K_8K_lL
148/169 Test: t_isR_128K_8K_lL
Command: "/home/syx/code/labs/cs144/TCP_project/sponge/txrx.sh" "-isRd" "128K" "-w" "8K" "-l" "0.1" "-L" "0.1"
Directory: /home/syx/code/labs/cs144/Computer networking/build
"t_isR_128K_8K_lL" start time: Nov 04 21:54 CST
Output:
----------------------------------------------------------
Exception: ioctl: Device or resource busy
Error in _rt_listen
<end of output>
Test time =   0.12 sec
----------------------------------------------------------
Test Failed.
"t_isR_128K_8K_lL" end time: Nov 04 21:54 CST
"t_isR_128K_8K_lL" time elapsed: 00:00:00
----------------------------------------------------------

149/169 Testing: t_isD_128K_8K_l
149/169 Test: t_isD_128K_8K_l
Command: "/home/syx/code/labs/cs144/TCP_project/sponge/txrx.sh" "-isDd" "128K" "-w" "8K" "-l" "0.1"
Directory: /home/syx/code/labs/cs144/Computer networking/build
"t_isD_128K_8K_l" start time: Nov 04 21:54 CST
Output:
----------------------------------------------------------
Exception: ioctl: Device or resource busy
Error in _rt_listen
<end of output>
Test time =   0.12 sec
----------------------------------------------------------
Test Failed.
"t_isD_128K_8K_l" end time: Nov 04 21:54 CST
"t_isD_128K_8K_l" time elapsed: 00:00:00
----------------------------------------------------------

150/169 Testing: t_isD_128K_8K_L
150/169 Test: t_isD_128K_8K_L
Command: "/home/syx/code/labs/cs144/TCP_project/sponge/txrx.sh" "-isDd" "128K" "-w" "8K" "-L" "0.1"
Directory: /home/syx/code/labs/cs144/Computer networking/build
"t_isD_128K_8K_L" start time: Nov 04 21:54 CST
Output:
----------------------------------------------------------
Exception: ioctl: Device or resource busy
Error in _rt_listen
<end of output>
Test time =   0.12 sec
----------------------------------------------------------
Test Failed.
"t_isD_128K_8K_L" end time: Nov 04 21:54 CST
"t_isD_128K_8K_L" time elapsed: 00:00:00
----------------------------------------------------------

151/169 Testing: t_isD_128K_8K_lL
151/169 Test: t_isD_128K_8K_lL
Command: "/home/syx/code/labs/cs144/TCP_project/sponge/txrx.sh" "-isDd" "128K" "-w" "8K" "-l" "0.1" "-L" "0.1"
Directory: /home/syx/code/labs/cs144/Computer networking/build
"t_isD_128K_8K_lL" start time: Nov 04 21:54 CST
Output:
----------------------------------------------------------
Exception: ioctl: Device or resource busy
Error in _rt_listen
<end of output>
Test time =   0.12 sec
----------------------------------------------------------
Test Failed.
"t_isD_128K_8K_lL" end time: Nov 04 21:54 CST
"t_isD_128K_8K_lL" time elapsed: 00:00:00
----------------------------------------------------------

152/169 Testing: t_icnS_128K_8K_l
152/169 Test: t_icnS_128K_8K_l
Command: "/home/syx/code/labs/cs144/TCP_project/sponge/txrx.sh" "-icSnd" "128K" "-w" "8K" "-l" "0.1"
Directory: /home/syx/code/labs/cs144/Computer networking/build
"t_icnS_128K_8K_l" start time: Nov 04 21:54 CST
Output:
----------------------------------------------------------
Exception: ioctl: Device or resource busy
Error in _rt_connect
<end of output>
Test time =   0.12 sec
----------------------------------------------------------
Test Failed.
"t_icnS_128K_8K_l" end time: Nov 04 21:54 CST
"t_icnS_128K_8K_l" time elapsed: 00:00:00
----------------------------------------------------------

153/169 Testing: t_icnS_128K_8K_L
153/169 Test: t_icnS_128K_8K_L
Command: "/home/syx/code/labs/cs144/TCP_project/sponge/txrx.sh" "-icSnd" "128K" "-w" "8K" "-L" "0.1"
Directory: /home/syx/code/labs/cs144/Computer networking/build
"t_icnS_128K_8K_L" start time: Nov 04 21:54 CST
Output:
----------------------------------------------------------
Exception: ioctl: Device or resource busy
Error in _rt_connect
<end of output>
Test time =   0.12 sec
----------------------------------------------------------
Test Failed.
"t_icnS_128K_8K_L" end time: Nov 04 21:54 CST
"t_icnS_128K_8K_L" time elapsed: 00:00:00
----------------------------------------------------------

154/169 Testing: t_icnS_128K_8K_lL
154/169 Test: t_icnS_128K_8K_lL
Command: "/home/syx/code/labs/cs144/TCP_project/sponge/txrx.sh" "-icSnd" "128K" "-w" "8K" "-l" "0.1" "-L" "0.1"
Directory: /home/syx/code/labs/cs144/Computer networking/build
"t_icnS_128K_8K_lL" start time: Nov 04 21:54 CST
Output:
----------------------------------------------------------
Exception: ioctl: Device or resource busy
Error in _rt_connect
<end of output>
Test time =   0.12 sec
----------------------------------------------------------
Test Failed.
"t_icnS_128K_8K_lL" end time: Nov 04 21:54 CST
"t_icnS_128K_8K_lL" time elapsed: 00:00:00
----------------------------------------------------------

155/169 Testing: t_icnR_128K_8K_l
155/169 Test: t_icnR_128K_8K_l
Command: "/home/syx/code/labs/cs144/TCP_project/sponge/txrx.sh" "-icRnd" "128K" "-w" "8K" "-l" "0.1"
Directory: /home/syx/code/labs/cs144/Computer networking/build
"t_icnR_128K_8K_l" start time: Nov 04 21:54 CST
Output:
----------------------------------------------------------
Exception: ioctl: Device or resource busy
Error in _rt_connect
<end of output>
Test time =   0.12 sec
----------------------------------------------------------
Test Failed.
"t_icnR_128K_8K_l" end time: Nov 04 21:54 CST
"t_icnR_128K_8K_l" time elapsed: 00:00:00
----------------------------------------------------------

156/169 Testing: t_icnR_128K_8K_L
156/169 Test: t_icnR_128K_8K_L
Command: "/home/syx/code/labs/cs144/TCP_project/sponge/txrx.sh" "-icRnd" "128K" "-w" "8K" "-L" "0.1"
Directory: /home/syx/code/labs/cs144/Computer networking/build
"t_icnR_128K_8K_L" start time: Nov 04 21:54 CST
Output:
----------------------------------------------------------
Exception: ioctl: Device or resource busy
Error in _rt_connect
<end of output>
Test time =   0.12 sec
----------------------------------------------------------
Test Failed.
"t_icnR_128K_8K_L" end time: Nov 04 21:54 CST
"t_icnR_128K_8K_L" time elapsed: 00:00:00
----------------------------------------------------------

157/169 Testing: t_icnR_128K_8K_lL
157/169 Test: t_icnR_128K_8K_lL
Command: "/home/syx/code/labs/cs144/TCP_project/sponge/txrx.sh" "-icRnd" "128K" "-w" "8K" "-l" "0.1" "-L" "0.1"
Directory: /home/syx/code/labs/cs144/Computer networking/build
"t_icnR_128K_8K_lL" start time: Nov 04 21:54 CST
Output:
----------------------------------------------------------
Exception: ioctl: Device or resource busy
Error in _rt_connect
<end of output>
Test time =   0.12 sec
----------------------------------------------------------
Test Failed.
"t_icnR_128K_8K_lL" end time: Nov 04 21:54 CST
"t_icnR_128K_8K_lL" time elapsed: 00:00:00
----------------------------------------------------------

158/169 Testing: t_icnD_128K_8K_l
158/169 Test: t_icnD_128K_8K_l
Command: "/home/syx/code/labs/cs144/TCP_project/sponge/txrx.sh" "-icDnd" "128K" "-w" "8K" "-l" "0.1"
Directory: /home/syx/code/labs/cs144/Computer networking/build
"t_icnD_128K_8K_l" start time: Nov 04 21:54 CST
Output:
----------------------------------------------------------
Exception: ioctl: Device or resource busy
Error in _rt_connect
<end of output>
Test time =   0.12 sec
----------------------------------------------------------
Test Failed.
"t_icnD_128K_8K_l" end time: Nov 04 21:54 CST
"t_icnD_128K_8K_l" time elapsed: 00:00:00
----------------------------------------------------------

159/169 Testing: t_icnD_128K_8K_L
159/169 Test: t_icnD_128K_8K_L
Command: "/home/syx/code/labs/cs144/TCP_project/sponge/txrx.sh" "-icDnd" "128K" "-w" "8K" "-L" "0.1"
Directory: /home/syx/code/labs/cs144/Computer networking/build
"t_icnD_128K_8K_L" start time: Nov 04 21:54 CST
Output:
----------------------------------------------------------
Exception: ioctl: Device or resource busy
Error in _rt_connect
<end of output>
Test time =   0.12 sec
----------------------------------------------------------
Test Failed.
"t_icnD_128K_8K_L" end time: Nov 04 21:54 CST
"t_icnD_128K_8K_L" time elapsed: 00:00:00
----------------------------------------------------------

160/169 Testing: t_icnD_128K_8K_lL
160/169 Test: t_icnD_128K_8K_lL
Command: "/home/syx/code/labs/cs144/TCP_project/sponge/txrx.sh" "-icDnd" "128K" "-w" "8K" "-l" "0.1" "-L" "0.1"
Directory: /home/syx/code/labs/cs144/Computer networking/build
"t_icnD_128K_8K_lL" start time: Nov 04 21:54 CST
Output:
----------------------------------------------------------
Exception: ioctl: Device or resource busy
Error in _rt_connect
<end of output>
Test time =   0.12 sec
----------------------------------------------------------
Test Failed.
"t_icnD_128K_8K_lL" end time: Nov 04 21:54 CST
"t_icnD_128K_8K_lL" time elapsed: 00:00:00
----------------------------------------------------------

161/169 Testing: t_isnS_128K_8K_l
161/169 Test: t_isnS_128K_8K_l
Command: "/home/syx/code/labs/cs144/TCP_project/sponge/txrx.sh" "-isSnd" "128K" "-w" "8K" "-l" "0.1"
Directory: /home/syx/code/labs/cs144/Computer networking/build
"t_isnS_128K_8K_l" start time: Nov 04 21:54 CST
Output:
----------------------------------------------------------
Exception: ioctl: Device or resource busy
Error in _rt_listen
<end of output>
Test time =   0.12 sec
----------------------------------------------------------
Test Failed.
"t_isnS_128K_8K_l" end time: Nov 04 21:54 CST
"t_isnS_128K_8K_l" time elapsed: 00:00:00
----------------------------------------------------------

162/169 Testing: t_isnS_128K_8K_L
162/169 Test: t_isnS_128K_8K_L
Command: "/home/syx/code/labs/cs144/TCP_project/sponge/txrx.sh" "-isSnd" "128K" "-w" "8K" "-L" "0.1"
Directory: /home/syx/code/labs/cs144/Computer networking/build
"t_isnS_128K_8K_L" start time: Nov 04 21:54 CST
Output:
----------------------------------------------------------
Exception: ioctl: Device or resource busy
Error in _rt_listen
<end of output>
Test time =   0.12 sec
----------------------------------------------------------
Test Failed.
"t_isnS_128K_8K_L" end time: Nov 04 21:54 CST
"t_isnS_128K_8K_L" time elapsed: 00:00:00
----------------------------------------------------------

163/169 Testing: t_isnS_128K_8K_lL
163/169 Test: t_isnS_128K_8K_lL
Command: "/home/syx/code/labs/cs144/TCP_project/sponge/txrx.sh" "-isSnd" "128K" "-w" "8K" "-l" "0.1" "-L" "0.1"
Directory: /home/syx/code/labs/cs144/Computer networking/build
"t_isnS_128K_8K_lL" start time: Nov 04 21:54 CST
Output:
----------------------------------------------------------
Exception: ioctl: Device or resource busy
Error in _rt_listen
<end of output>
Test time =   0.12 sec
----------------------------------------------------------
Test Failed.
"t_isnS_128K_8K_lL" end time: Nov 04 21:54 CST
"t_isnS_128K_8K_lL" time elapsed: 00:00:00
----------------------------------------------------------

164/169 Testing: t_isnR_128K_8K_l
164/169 Test: t_isnR_128K_8K_l
Command: "/home/syx/code/labs/cs144/TCP_project/sponge/txrx.sh" "-isRnd" "128K" "-w" "8K" "-l" "0.1"
Directory: /home/syx/code/labs/cs144/Computer networking/build
"t_isnR_128K_8K_l" start time: Nov 04 21:54 CST
Output:
----------------------------------------------------------
Exception: ioctl: Device or resource busy
Error in _rt_listen
<end of output>
Test time =   0.12 sec
----------------------------------------------------------
Test Failed.
"t_isnR_128K_8K_l" end time: Nov 04 21:54 CST
"t_isnR_128K_8K_l" time elapsed: 00:00:00
----------------------------------------------------------

165/169 Testing: t_isnR_128K_8K_L
165/169 Test: t_isnR_128K_8K_L
Command: "/home/syx/code/labs/cs144/TCP_project/sponge/txrx.sh" "-isRnd" "128K" "-w" "8K" "-L" "0.1"
Directory: /home/syx/code/labs/cs144/Computer networking/build
"t_isnR_128K_8K_L" start time: Nov 04 21:54 CST
Output:
----------------------------------------------------------
Exception: ioctl: Device or resource busy
Error in _rt_listen
<end of output>
Test time =   0.12 sec
----------------------------------------------------------
Test Failed.
"t_isnR_128K_8K_L" end time: Nov 04 21:54 CST
"t_isnR_128K_8K_L" time elapsed: 00:00:00
----------------------------------------------------------

166/169 Testing: t_isnR_128K_8K_lL
166/169 Test: t_isnR_128K_8K_lL
Command: "/home/syx/code/labs/cs144/TCP_project/sponge/txrx.sh" "-isRnd" "128K" "-w" "8K" "-l" "0.1" "-L" "0.1"
Directory: /home/syx/code/labs/cs144/Computer networking/build
"t_isnR_128K_8K_lL" start time: Nov 04 21:54 CST
Output:
----------------------------------------------------------
Exception: ioctl: Device or resource busy
Error in _rt_listen
<end of output>
Test time =   0.12 sec
----------------------------------------------------------
Test Failed.
"t_isnR_128K_8K_lL" end time: Nov 04 21:54 CST
"t_isnR_128K_8K_lL" time elapsed: 00:00:00
----------------------------------------------------------

167/169 Testing: t_isnD_128K_8K_l
167/169 Test: t_isnD_128K_8K_l
Command: "/home/syx/code/labs/cs144/TCP_project/sponge/txrx.sh" "-isDnd" "128K" "-w" "8K" "-l" "0.1"
Directory: /home/syx/code/labs/cs144/Computer networking/build
"t_isnD_128K_8K_l" start time: Nov 04 21:54 CST
Output:
----------------------------------------------------------
Exception: ioctl: Device or resource busy
Error in _rt_listen
<end of output>
Test time =   0.12 sec
----------------------------------------------------------
Test Failed.
"t_isnD_128K_8K_l" end time: Nov 04 21:54 CST
"t_isnD_128K_8K_l" time elapsed: 00:00:00
----------------------------------------------------------

168/169 Testing: t_isnD_128K_8K_L
168/169 Test: t_isnD_128K_8K_L
Command: "/home/syx/code/labs/cs144/TCP_project/sponge/txrx.sh" "-isDnd" "128K" "-w" "8K" "-L" "0.1"
Directory: /home/syx/code/labs/cs144/Computer networking/build
"t_isnD_128K_8K_L" start time: Nov 04 21:54 CST
Output:
----------------------------------------------------------
Exception: ioctl: Device or resource busy
Error in _rt_listen
<end of output>
Test time =   0.12 sec
----------------------------------------------------------
Test Failed.
"t_isnD_128K_8K_L" end time: Nov 04 21:54 CST
"t_isnD_128K_8K_L" time elapsed: 00:00:00
----------------------------------------------------------

169/169 Testing: t_isnD_128K_8K_lL
169/169 Test: t_isnD_128K_8K_lL
Command: "/home/syx/code/labs/cs144/TCP_project/sponge/txrx.sh" "-isDnd" "128K" "-w" "8K" "-l" "0.1" "-L" "0.1"
Directory: /home/syx/code/labs/cs144/Computer networking/build
"t_isnD_128K_8K_lL" start time: Nov 04 21:54 CST
Output:
----------------------------------------------------------
Exception: ioctl: Device or resource busy
Error in _rt_listen
<end of output>
Test time =   0.12 sec
----------------------------------------------------------
Test Failed.
"t_isnD_128K_8K_lL" end time: Nov 04 21:54 CST
"t_isnD_128K_8K_lL" time elapsed: 00:00:00
----------------------------------------------------------

End testing: Nov 04 21:54 CST
