Start testing: Nov 01 23:48 CST
----------------------------------------------------------
1/169 Testing: t_wrapping_ints_cmp
1/169 Test: t_wrapping_ints_cmp
Command: "/home/syx/code/labs/cs144/TCP_project/sponge/build/tests/wrapping_integers_cmp"
Directory: /home/syx/code/labs/cs144/Computer networking/build
"t_wrapping_ints_cmp" start time: Nov 01 23:48 CST
Output:
----------------------------------------------------------
<end of output>
Test time =   0.00 sec
----------------------------------------------------------
Test Passed.
"t_wrapping_ints_cmp" end time: Nov 01 23:48 CST
"t_wrapping_ints_cmp" time elapsed: 00:00:00
----------------------------------------------------------

2/169 Testing: t_wrapping_ints_unwrap
2/169 Test: t_wrapping_ints_unwrap
Command: "/home/syx/code/labs/cs144/TCP_project/sponge/build/tests/wrapping_integers_unwrap"
Directory: /home/syx/code/labs/cs144/Computer networking/build
"t_wrapping_ints_unwrap" start time: Nov 01 23:48 CST
Output:
----------------------------------------------------------
<end of output>
Test time =   0.00 sec
----------------------------------------------------------
Test Passed.
"t_wrapping_ints_unwrap" end time: Nov 01 23:48 CST
"t_wrapping_ints_unwrap" time elapsed: 00:00:00
----------------------------------------------------------

3/169 Testing: t_wrapping_ints_wrap
3/169 Test: t_wrapping_ints_wrap
Command: "/home/syx/code/labs/cs144/TCP_project/sponge/build/tests/wrapping_integers_wrap"
Directory: /home/syx/code/labs/cs144/Computer networking/build
"t_wrapping_ints_wrap" start time: Nov 01 23:48 CST
Output:
----------------------------------------------------------
<end of output>
Test time =   0.00 sec
----------------------------------------------------------
Test Passed.
"t_wrapping_ints_wrap" end time: Nov 01 23:48 CST
"t_wrapping_ints_wrap" time elapsed: 00:00:00
----------------------------------------------------------

4/169 Testing: t_wrapping_ints_roundtrip
4/169 Test: t_wrapping_ints_roundtrip
Command: "/home/syx/code/labs/cs144/TCP_project/sponge/build/tests/wrapping_integers_roundtrip"
Directory: /home/syx/code/labs/cs144/Computer networking/build
"t_wrapping_ints_roundtrip" start time: Nov 01 23:48 CST
Output:
----------------------------------------------------------
<end of output>
Test time =   0.10 sec
----------------------------------------------------------
Test Passed.
"t_wrapping_ints_roundtrip" end time: Nov 01 23:48 CST
"t_wrapping_ints_roundtrip" time elapsed: 00:00:00
----------------------------------------------------------

5/169 Testing: t_recv_connect
5/169 Test: t_recv_connect
Command: "/home/syx/code/labs/cs144/TCP_project/sponge/build/tests/recv_connect"
Directory: /home/syx/code/labs/cs144/Computer networking/build
"t_recv_connect" start time: Nov 01 23:48 CST
Output:
----------------------------------------------------------
<end of output>
Test time =   0.00 sec
----------------------------------------------------------
Test Passed.
"t_recv_connect" end time: Nov 01 23:48 CST
"t_recv_connect" time elapsed: 00:00:00
----------------------------------------------------------

6/169 Testing: t_recv_transmit
6/169 Test: t_recv_transmit
Command: "/home/syx/code/labs/cs144/TCP_project/sponge/build/tests/recv_transmit"
Directory: /home/syx/code/labs/cs144/Computer networking/build
"t_recv_transmit" start time: Nov 01 23:48 CST
Output:
----------------------------------------------------------
<end of output>
Test time =   0.03 sec
----------------------------------------------------------
Test Passed.
"t_recv_transmit" end time: Nov 01 23:48 CST
"t_recv_transmit" time elapsed: 00:00:00
----------------------------------------------------------

7/169 Testing: t_recv_window
7/169 Test: t_recv_window
Command: "/home/syx/code/labs/cs144/TCP_project/sponge/build/tests/recv_window"
Directory: /home/syx/code/labs/cs144/Computer networking/build
"t_recv_window" start time: Nov 01 23:48 CST
Output:
----------------------------------------------------------
<end of output>
Test time =   0.00 sec
----------------------------------------------------------
Test Passed.
"t_recv_window" end time: Nov 01 23:48 CST
"t_recv_window" time elapsed: 00:00:00
----------------------------------------------------------

8/169 Testing: t_recv_reorder
8/169 Test: t_recv_reorder
Command: "/home/syx/code/labs/cs144/TCP_project/sponge/build/tests/recv_reorder"
Directory: /home/syx/code/labs/cs144/Computer networking/build
"t_recv_reorder" start time: Nov 01 23:48 CST
Output:
----------------------------------------------------------
<end of output>
Test time =   0.00 sec
----------------------------------------------------------
Test Passed.
"t_recv_reorder" end time: Nov 01 23:48 CST
"t_recv_reorder" time elapsed: 00:00:00
----------------------------------------------------------

9/169 Testing: t_recv_close
9/169 Test: t_recv_close
Command: "/home/syx/code/labs/cs144/TCP_project/sponge/build/tests/recv_close"
Directory: /home/syx/code/labs/cs144/Computer networking/build
"t_recv_close" start time: Nov 01 23:48 CST
Output:
----------------------------------------------------------
<end of output>
Test time =   0.00 sec
----------------------------------------------------------
Test Passed.
"t_recv_close" end time: Nov 01 23:48 CST
"t_recv_close" time elapsed: 00:00:00
----------------------------------------------------------

10/169 Testing: t_recv_special
10/169 Test: t_recv_special
Command: "/home/syx/code/labs/cs144/TCP_project/sponge/build/tests/recv_special"
Directory: /home/syx/code/labs/cs144/Computer networking/build
"t_recv_special" start time: Nov 01 23:48 CST
Output:
----------------------------------------------------------
<end of output>
Test time =   0.00 sec
----------------------------------------------------------
Test Passed.
"t_recv_special" end time: Nov 01 23:48 CST
"t_recv_special" time elapsed: 00:00:00
----------------------------------------------------------

11/169 Testing: t_send_connect
11/169 Test: t_send_connect
Command: "/home/syx/code/labs/cs144/TCP_project/sponge/build/tests/send_connect"
Directory: /home/syx/code/labs/cs144/Computer networking/build
"t_send_connect" start time: Nov 01 23:48 CST
Output:
----------------------------------------------------------
<end of output>
Test time =   0.00 sec
----------------------------------------------------------
Test Passed.
"t_send_connect" end time: Nov 01 23:48 CST
"t_send_connect" time elapsed: 00:00:00
----------------------------------------------------------

12/169 Testing: t_send_transmit
12/169 Test: t_send_transmit
Command: "/home/syx/code/labs/cs144/TCP_project/sponge/build/tests/send_transmit"
Directory: /home/syx/code/labs/cs144/Computer networking/build
"t_send_transmit" start time: Nov 01 23:48 CST
Output:
----------------------------------------------------------
<end of output>
Test time =   0.02 sec
----------------------------------------------------------
Test Passed.
"t_send_transmit" end time: Nov 01 23:48 CST
"t_send_transmit" time elapsed: 00:00:00
----------------------------------------------------------

13/169 Testing: t_send_retx
13/169 Test: t_send_retx
Command: "/home/syx/code/labs/cs144/TCP_project/sponge/build/tests/send_retx"
Directory: /home/syx/code/labs/cs144/Computer networking/build
"t_send_retx" start time: Nov 01 23:48 CST
Output:
----------------------------------------------------------
<end of output>
Test time =   0.00 sec
----------------------------------------------------------
Test Passed.
"t_send_retx" end time: Nov 01 23:48 CST
"t_send_retx" time elapsed: 00:00:00
----------------------------------------------------------

14/169 Testing: t_send_window
14/169 Test: t_send_window
Command: "/home/syx/code/labs/cs144/TCP_project/sponge/build/tests/send_window"
Directory: /home/syx/code/labs/cs144/Computer networking/build
"t_send_window" start time: Nov 01 23:48 CST
Output:
----------------------------------------------------------
<end of output>
Test time =   0.03 sec
----------------------------------------------------------
Test Passed.
"t_send_window" end time: Nov 01 23:48 CST
"t_send_window" time elapsed: 00:00:00
----------------------------------------------------------

15/169 Testing: t_send_ack
15/169 Test: t_send_ack
Command: "/home/syx/code/labs/cs144/TCP_project/sponge/build/tests/send_ack"
Directory: /home/syx/code/labs/cs144/Computer networking/build
"t_send_ack" start time: Nov 01 23:48 CST
Output:
----------------------------------------------------------
<end of output>
Test time =   0.00 sec
----------------------------------------------------------
Test Passed.
"t_send_ack" end time: Nov 01 23:48 CST
"t_send_ack" time elapsed: 00:00:00
----------------------------------------------------------

16/169 Testing: t_send_close
16/169 Test: t_send_close
Command: "/home/syx/code/labs/cs144/TCP_project/sponge/build/tests/send_close"
Directory: /home/syx/code/labs/cs144/Computer networking/build
"t_send_close" start time: Nov 01 23:48 CST
Output:
----------------------------------------------------------
<end of output>
Test time =   0.00 sec
----------------------------------------------------------
Test Passed.
"t_send_close" end time: Nov 01 23:48 CST
"t_send_close" time elapsed: 00:00:00
----------------------------------------------------------

17/169 Testing: t_send_extra
17/169 Test: t_send_extra
Command: "/home/syx/code/labs/cs144/TCP_project/sponge/build/tests/send_extra"
Directory: /home/syx/code/labs/cs144/Computer networking/build
"t_send_extra" start time: Nov 01 23:48 CST
Output:
----------------------------------------------------------
<end of output>
Test time =   0.00 sec
----------------------------------------------------------
Test Passed.
"t_send_extra" end time: Nov 01 23:48 CST
"t_send_extra" time elapsed: 00:00:00
----------------------------------------------------------

18/169 Testing: t_strm_reassem_single
18/169 Test: t_strm_reassem_single
Command: "/home/syx/code/labs/cs144/TCP_project/sponge/build/tests/fsm_stream_reassembler_single"
Directory: /home/syx/code/labs/cs144/Computer networking/build
"t_strm_reassem_single" start time: Nov 01 23:48 CST
Output:
----------------------------------------------------------
<end of output>
Test time =   0.00 sec
----------------------------------------------------------
Test Passed.
"t_strm_reassem_single" end time: Nov 01 23:48 CST
"t_strm_reassem_single" time elapsed: 00:00:00
----------------------------------------------------------

19/169 Testing: t_strm_reassem_seq
19/169 Test: t_strm_reassem_seq
Command: "/home/syx/code/labs/cs144/TCP_project/sponge/build/tests/fsm_stream_reassembler_seq"
Directory: /home/syx/code/labs/cs144/Computer networking/build
"t_strm_reassem_seq" start time: Nov 01 23:48 CST
Output:
----------------------------------------------------------
<end of output>
Test time =   0.00 sec
----------------------------------------------------------
Test Passed.
"t_strm_reassem_seq" end time: Nov 01 23:48 CST
"t_strm_reassem_seq" time elapsed: 00:00:00
----------------------------------------------------------

20/169 Testing: t_strm_reassem_dup
20/169 Test: t_strm_reassem_dup
Command: "/home/syx/code/labs/cs144/TCP_project/sponge/build/tests/fsm_stream_reassembler_dup"
Directory: /home/syx/code/labs/cs144/Computer networking/build
"t_strm_reassem_dup" start time: Nov 01 23:48 CST
Output:
----------------------------------------------------------
<end of output>
Test time =   0.00 sec
----------------------------------------------------------
Test Passed.
"t_strm_reassem_dup" end time: Nov 01 23:48 CST
"t_strm_reassem_dup" time elapsed: 00:00:00
----------------------------------------------------------

21/169 Testing: t_strm_reassem_holes
21/169 Test: t_strm_reassem_holes
Command: "/home/syx/code/labs/cs144/TCP_project/sponge/build/tests/fsm_stream_reassembler_holes"
Directory: /home/syx/code/labs/cs144/Computer networking/build
"t_strm_reassem_holes" start time: Nov 01 23:48 CST
Output:
----------------------------------------------------------
<end of output>
Test time =   0.00 sec
----------------------------------------------------------
Test Passed.
"t_strm_reassem_holes" end time: Nov 01 23:48 CST
"t_strm_reassem_holes" time elapsed: 00:00:00
----------------------------------------------------------

22/169 Testing: t_strm_reassem_many
22/169 Test: t_strm_reassem_many
Command: "/home/syx/code/labs/cs144/TCP_project/sponge/build/tests/fsm_stream_reassembler_many"
Directory: /home/syx/code/labs/cs144/Computer networking/build
"t_strm_reassem_many" start time: Nov 01 23:48 CST
Output:
----------------------------------------------------------
<end of output>
Test time =   0.04 sec
----------------------------------------------------------
Test Passed.
"t_strm_reassem_many" end time: Nov 01 23:48 CST
"t_strm_reassem_many" time elapsed: 00:00:00
----------------------------------------------------------

23/169 Testing: t_strm_reassem_overlapping
23/169 Test: t_strm_reassem_overlapping
Command: "/home/syx/code/labs/cs144/TCP_project/sponge/build/tests/fsm_stream_reassembler_overlapping"
Directory: /home/syx/code/labs/cs144/Computer networking/build
"t_strm_reassem_overlapping" start time: Nov 01 23:48 CST
Output:
----------------------------------------------------------
<end of output>
Test time =   0.00 sec
----------------------------------------------------------
Test Passed.
"t_strm_reassem_overlapping" end time: Nov 01 23:48 CST
"t_strm_reassem_overlapping" time elapsed: 00:00:00
----------------------------------------------------------

24/169 Testing: t_strm_reassem_win
24/169 Test: t_strm_reassem_win
Command: "/home/syx/code/labs/cs144/TCP_project/sponge/build/tests/fsm_stream_reassembler_win"
Directory: /home/syx/code/labs/cs144/Computer networking/build
"t_strm_reassem_win" start time: Nov 01 23:48 CST
Output:
----------------------------------------------------------
<end of output>
Test time =   0.04 sec
----------------------------------------------------------
Test Passed.
"t_strm_reassem_win" end time: Nov 01 23:48 CST
"t_strm_reassem_win" time elapsed: 00:00:00
----------------------------------------------------------

25/169 Testing: t_strm_reassem_cap
25/169 Test: t_strm_reassem_cap
Command: "/home/syx/code/labs/cs144/TCP_project/sponge/build/tests/fsm_stream_reassembler_cap"
Directory: /home/syx/code/labs/cs144/Computer networking/build
"t_strm_reassem_cap" start time: Nov 01 23:48 CST
Output:
----------------------------------------------------------
<end of output>
Test time =   0.05 sec
----------------------------------------------------------
Test Passed.
"t_strm_reassem_cap" end time: Nov 01 23:48 CST
"t_strm_reassem_cap" time elapsed: 00:00:00
----------------------------------------------------------

26/169 Testing: t_byte_stream_construction
26/169 Test: t_byte_stream_construction
Command: "/home/syx/code/labs/cs144/TCP_project/sponge/build/tests/byte_stream_construction"
Directory: /home/syx/code/labs/cs144/Computer networking/build
"t_byte_stream_construction" start time: Nov 01 23:48 CST
Output:
----------------------------------------------------------
<end of output>
Test time =   0.00 sec
----------------------------------------------------------
Test Passed.
"t_byte_stream_construction" end time: Nov 01 23:48 CST
"t_byte_stream_construction" time elapsed: 00:00:00
----------------------------------------------------------

27/169 Testing: t_byte_stream_one_write
27/169 Test: t_byte_stream_one_write
Command: "/home/syx/code/labs/cs144/TCP_project/sponge/build/tests/byte_stream_one_write"
Directory: /home/syx/code/labs/cs144/Computer networking/build
"t_byte_stream_one_write" start time: Nov 01 23:48 CST
Output:
----------------------------------------------------------
<end of output>
Test time =   0.00 sec
----------------------------------------------------------
Test Passed.
"t_byte_stream_one_write" end time: Nov 01 23:48 CST
"t_byte_stream_one_write" time elapsed: 00:00:00
----------------------------------------------------------

28/169 Testing: t_byte_stream_two_writes
28/169 Test: t_byte_stream_two_writes
Command: "/home/syx/code/labs/cs144/TCP_project/sponge/build/tests/byte_stream_two_writes"
Directory: /home/syx/code/labs/cs144/Computer networking/build
"t_byte_stream_two_writes" start time: Nov 01 23:48 CST
Output:
----------------------------------------------------------
<end of output>
Test time =   0.00 sec
----------------------------------------------------------
Test Passed.
"t_byte_stream_two_writes" end time: Nov 01 23:48 CST
"t_byte_stream_two_writes" time elapsed: 00:00:00
----------------------------------------------------------

29/169 Testing: t_byte_stream_capacity
29/169 Test: t_byte_stream_capacity
Command: "/home/syx/code/labs/cs144/TCP_project/sponge/build/tests/byte_stream_capacity"
Directory: /home/syx/code/labs/cs144/Computer networking/build
"t_byte_stream_capacity" start time: Nov 01 23:48 CST
Output:
----------------------------------------------------------
<end of output>
Test time =   0.34 sec
----------------------------------------------------------
Test Passed.
"t_byte_stream_capacity" end time: Nov 01 23:48 CST
"t_byte_stream_capacity" time elapsed: 00:00:00
----------------------------------------------------------

30/169 Testing: t_byte_stream_many_writes
30/169 Test: t_byte_stream_many_writes
Command: "/home/syx/code/labs/cs144/TCP_project/sponge/build/tests/byte_stream_many_writes"
Directory: /home/syx/code/labs/cs144/Computer networking/build
"t_byte_stream_many_writes" start time: Nov 01 23:48 CST
Output:
----------------------------------------------------------
<end of output>
Test time =   0.00 sec
----------------------------------------------------------
Test Passed.
"t_byte_stream_many_writes" end time: Nov 01 23:48 CST
"t_byte_stream_many_writes" time elapsed: 00:00:00
----------------------------------------------------------

31/169 Testing: t_webget
31/169 Test: t_webget
Command: "/home/syx/code/labs/cs144/TCP_project/sponge/tests/webget_t.sh"
Directory: /home/syx/code/labs/cs144/Computer networking/build
"t_webget" start time: Nov 01 23:48 CST
Output:
----------------------------------------------------------
DEBUG: Network interface has Ethernet address ee:61:19:8d:12:3e and IP address 169.254.10.9
DEBUG: Connecting to 104.196.238.229:80...
Successfully connected to 104.196.238.229:80.
DEBUG: Outbound stream to 104.196.238.229:80 finished (79 bytes still in flight).
DEBUG: Outbound stream to 104.196.238.229:80 has been fully acknowledged.
<end of output>
Test time =  10.02 sec
----------------------------------------------------------
Test Failed.
"t_webget" end time: Nov 01 23:48 CST
"t_webget" time elapsed: 00:00:10
----------------------------------------------------------

32/169 Testing: arp_network_interface
32/169 Test: arp_network_interface
Command: "/home/syx/code/labs/cs144/TCP_project/sponge/build/tests/net_interface"
Directory: /home/syx/code/labs/cs144/Computer networking/build
"arp_network_interface" start time: Nov 01 23:48 CST
Output:
----------------------------------------------------------
DEBUG: Network interface has Ethernet address b2:fa:88:be:64:93 and IP address 4.3.2.1
DEBUG: Network interface has Ethernet address 3e:ff:c2:f9:39:f1 and IP address 5.5.5.5
DEBUG: Network interface has Ethernet address 16:e2:af:ca:0a:fe and IP address 5.5.5.5
DEBUG: Network interface has Ethernet address 9e:55:6c:24:f9:76 and IP address 1.2.3.4
DEBUG: Network interface has Ethernet address d2:6a:c0:2d:93:5f and IP address 4.3.2.1
DEBUG: Network interface has Ethernet address ca:63:e3:ff:e7:71 and IP address 10.0.0.1
<end of output>
Test time =   0.00 sec
----------------------------------------------------------
Test Passed.
"arp_network_interface" end time: Nov 01 23:48 CST
"arp_network_interface" time elapsed: 00:00:00
----------------------------------------------------------

33/169 Testing: router_test
33/169 Test: router_test
Command: "/home/syx/code/labs/cs144/TCP_project/sponge/build/apps/network_simulator"
Directory: /home/syx/code/labs/cs144/Computer networking/build
"router_test" start time: Nov 01 23:48 CST
Output:
----------------------------------------------------------
[32;1mConstructing network.[m
DEBUG: Network interface has Ethernet address 02:00:00:12:9e:8d and IP address 171.67.76.46
DEBUG: Network interface has Ethernet address 02:00:00:28:1d:b8 and IP address 10.0.0.1
DEBUG: Network interface has Ethernet address 02:00:00:a5:2b:1e and IP address 172.16.0.1
DEBUG: Network interface has Ethernet address 02:00:00:82:00:7b and IP address 192.168.0.1
DEBUG: Network interface has Ethernet address 02:00:00:38:1e:77 and IP address 198.178.229.1
DEBUG: Network interface has Ethernet address 02:00:00:29:2b:51 and IP address 143.195.0.2
DEBUG: Network interface has Ethernet address 02:00:00:0e:6a:61 and IP address 128.30.76.255
DEBUG: Network interface has Ethernet address a6:19:20:dd:a7:41 and IP address 10.0.0.2
DEBUG: Network interface has Ethernet address 52:4e:d5:9d:4d:53 and IP address 171.67.76.1
DEBUG: Network interface has Ethernet address 2e:93:a2:d2:2b:da and IP address 192.168.0.2
DEBUG: Network interface has Ethernet address de:da:11:42:9c:26 and IP address 143.195.0.1
DEBUG: Network interface has Ethernet address a2:bd:f0:16:62:72 and IP address 198.178.229.42
DEBUG: Network interface has Ethernet address 96:ba:04:22:32:91 and IP address 198.178.229.43
DEBUG: adding route 0.0.0.0/0 => 171.67.76.1 on interface 0
DEBUG: adding route 10.0.0.0/8 => (direct) on interface 1
DEBUG: adding route 172.16.0.0/16 => (direct) on interface 2
DEBUG: adding route 192.168.0.0/24 => (direct) on interface 3
DEBUG: adding route 198.178.229.0/24 => (direct) on interface 4
DEBUG: adding route 143.195.0.0/17 => 143.195.0.1 on interface 5
DEBUG: adding route 143.195.128.0/18 => 143.195.0.1 on interface 5
DEBUG: adding route 143.195.192.0/19 => 143.195.0.1 on interface 5
DEBUG: adding route 128.30.76.255/16 => 128.30.0.1 on interface 6
[32;1m

Testing traffic between two ordinary hosts (applesauce to cherrypie)...[m

Host applesauce trying to send datagram (with next hop = 10.0.0.1): IPv4, len=2f, protocol=6, src=10.0.0.2, dst=192.168.0.2 payload="random payload: {530778714}"
Transferring frame from applesauce to router.eth0: dst=ff:ff:ff:ff:ff:ff, src=a6:19:20:dd:a7:41, type=ARP opcode=REQUEST, sender=a6:19:20:dd:a7:41/10.0.0.2, target=00:00:00:00:00:00/10.0.0.1
Transferring frame from router.eth0 to applesauce: dst=a6:19:20:dd:a7:41, src=02:00:00:28:1d:b8, type=ARP opcode=REPLY, sender=02:00:00:28:1d:b8/10.0.0.1, target=a6:19:20:dd:a7:41/10.0.0.2
Transferring frame from applesauce to router.eth0: dst=02:00:00:28:1d:b8, src=a6:19:20:dd:a7:41, type=IPv4 IPv4, len=2f, protocol=6, src=10.0.0.2, dst=192.168.0.2 payload="random payload: {530778714}"
Transferring frame from router.eth2 to cherrypie: dst=ff:ff:ff:ff:ff:ff, src=02:00:00:82:00:7b, type=ARP opcode=REQUEST, sender=02:00:00:82:00:7b/192.168.0.1, target=00:00:00:00:00:00/192.168.0.2
Transferring frame from cherrypie to router.eth2: dst=02:00:00:82:00:7b, src=2e:93:a2:d2:2b:da, type=ARP opcode=REPLY, sender=2e:93:a2:d2:2b:da/192.168.0.2, target=02:00:00:82:00:7b/192.168.0.1
Transferring frame from router.eth2 to cherrypie: dst=2e:93:a2:d2:2b:da, src=02:00:00:82:00:7b, type=IPv4 IPv4, len=2f, protocol=6, src=10.0.0.2, dst=192.168.0.2 payload="random payload: {530778714}"
[32;1m

Testing traffic between two ordinary hosts (cherrypie to applesauce)...[m

Host cherrypie trying to send datagram (with next hop = 192.168.0.1): IPv4, len=30, protocol=6, src=192.168.0.2, dst=10.0.0.2 payload="random payload: {1137575632}"
Transferring frame from cherrypie to router.eth2: dst=02:00:00:82:00:7b, src=2e:93:a2:d2:2b:da, type=IPv4 IPv4, len=30, protocol=6, src=192.168.0.2, dst=10.0.0.2 payload="random payload: {1137575632}"
Transferring frame from router.eth0 to applesauce: dst=a6:19:20:dd:a7:41, src=02:00:00:28:1d:b8, type=IPv4 IPv4, len=30, protocol=6, src=192.168.0.2, dst=10.0.0.2 payload="random payload: {1137575632}"
[32;1m

Success! Testing applesauce sending to the Internet.[m

Host applesauce trying to send datagram (with next hop = 10.0.0.1): IPv4, len=2f, protocol=6, src=10.0.0.2, dst=1.2.3.4 payload="random payload: {654922110}"
Transferring frame from applesauce to router.eth0: dst=02:00:00:28:1d:b8, src=a6:19:20:dd:a7:41, type=IPv4 IPv4, len=2f, protocol=6, src=10.0.0.2, dst=1.2.3.4 payload="random payload: {654922110}"
Transferring frame from router.default to default_router: dst=ff:ff:ff:ff:ff:ff, src=02:00:00:12:9e:8d, type=ARP opcode=REQUEST, sender=02:00:00:12:9e:8d/171.67.76.46, target=00:00:00:00:00:00/171.67.76.1
Transferring frame from default_router to router.default: dst=02:00:00:12:9e:8d, src=52:4e:d5:9d:4d:53, type=ARP opcode=REPLY, sender=52:4e:d5:9d:4d:53/171.67.76.1, target=02:00:00:12:9e:8d/171.67.76.46
Transferring frame from router.default to default_router: dst=52:4e:d5:9d:4d:53, src=02:00:00:12:9e:8d, type=IPv4 IPv4, len=2f, protocol=6, src=10.0.0.2, dst=1.2.3.4 payload="random payload: {654922110}"
[32;1m

Success! Testing sending to the HS network and Internet.[m

Host applesauce trying to send datagram (with next hop = 10.0.0.1): IPv4, len=30, protocol=6, src=10.0.0.2, dst=143.195.131.17 payload="random payload: {1336544757}"
Transferring frame from applesauce to router.eth0: dst=02:00:00:28:1d:b8, src=a6:19:20:dd:a7:41, type=IPv4 IPv4, len=30, protocol=6, src=10.0.0.2, dst=143.195.131.17 payload="random payload: {1336544757}"
Transferring frame from router.hs4 to hs_router: dst=ff:ff:ff:ff:ff:ff, src=02:00:00:29:2b:51, type=ARP opcode=REQUEST, sender=02:00:00:29:2b:51/143.195.0.2, target=00:00:00:00:00:00/143.195.0.1
Transferring frame from hs_router to router.hs4: dst=02:00:00:29:2b:51, src=de:da:11:42:9c:26, type=ARP opcode=REPLY, sender=de:da:11:42:9c:26/143.195.0.1, target=02:00:00:29:2b:51/143.195.0.2
Transferring frame from router.hs4 to hs_router: dst=de:da:11:42:9c:26, src=02:00:00:29:2b:51, type=IPv4 IPv4, len=30, protocol=6, src=10.0.0.2, dst=143.195.131.17 payload="random payload: {1336544757}"
Host cherrypie trying to send datagram (with next hop = 192.168.0.1): IPv4, len=30, protocol=6, src=192.168.0.2, dst=143.195.193.52 payload="random payload: {1373952795}"
Transferring frame from cherrypie to router.eth2: dst=02:00:00:82:00:7b, src=2e:93:a2:d2:2b:da, type=IPv4 IPv4, len=30, protocol=6, src=192.168.0.2, dst=143.195.193.52 payload="random payload: {1373952795}"
Transferring frame from router.hs4 to hs_router: dst=de:da:11:42:9c:26, src=02:00:00:29:2b:51, type=IPv4 IPv4, len=30, protocol=6, src=192.168.0.2, dst=143.195.193.52 payload="random payload: {1373952795}"
Host cherrypie trying to send datagram (with next hop = 192.168.0.1): IPv4, len=30, protocol=6, src=192.168.0.2, dst=143.195.223.255 payload="random payload: {4106048653}"
Transferring frame from cherrypie to router.eth2: dst=02:00:00:82:00:7b, src=2e:93:a2:d2:2b:da, type=IPv4 IPv4, len=30, protocol=6, src=192.168.0.2, dst=143.195.223.255 payload="random payload: {4106048653}"
Transferring frame from router.hs4 to hs_router: dst=de:da:11:42:9c:26, src=02:00:00:29:2b:51, type=IPv4 IPv4, len=30, protocol=6, src=192.168.0.2, dst=143.195.223.255 payload="random payload: {4106048653}"
Host cherrypie trying to send datagram (with next hop = 192.168.0.1): IPv4, len=30, protocol=6, src=192.168.0.2, dst=143.195.224.0 payload="random payload: {1585476582}"
Transferring frame from cherrypie to router.eth2: dst=02:00:00:82:00:7b, src=2e:93:a2:d2:2b:da, type=IPv4 IPv4, len=30, protocol=6, src=192.168.0.2, dst=143.195.224.0 payload="random payload: {1585476582}"
Transferring frame from router.default to default_router: dst=52:4e:d5:9d:4d:53, src=02:00:00:12:9e:8d, type=IPv4 IPv4, len=30, protocol=6, src=192.168.0.2, dst=143.195.224.0 payload="random payload: {1585476582}"
[32;1m

Success! Testing two hosts on the same network (dm42 to dm43)...[m

Host dm42 trying to send datagram (with next hop = 198.178.229.1): IPv4, len=2f, protocol=6, src=198.178.229.42, dst=198.178.229.43 payload="random payload: {967511261}"
Transferring frame from dm42 to router.uun3: dst=ff:ff:ff:ff:ff:ff, src=a2:bd:f0:16:62:72, type=ARP opcode=REQUEST, sender=a2:bd:f0:16:62:72/198.178.229.42, target=00:00:00:00:00:00/198.178.229.1
Transferring frame from dm42 to dm43: dst=ff:ff:ff:ff:ff:ff, src=a2:bd:f0:16:62:72, type=ARP opcode=REQUEST, sender=a2:bd:f0:16:62:72/198.178.229.42, target=00:00:00:00:00:00/198.178.229.1
Transferring frame from router.uun3 to dm42: dst=a2:bd:f0:16:62:72, src=02:00:00:38:1e:77, type=ARP opcode=REPLY, sender=02:00:00:38:1e:77/198.178.229.1, target=a2:bd:f0:16:62:72/198.178.229.42
Transferring frame from router.uun3 to dm43: dst=a2:bd:f0:16:62:72, src=02:00:00:38:1e:77, type=ARP opcode=REPLY, sender=02:00:00:38:1e:77/198.178.229.1, target=a2:bd:f0:16:62:72/198.178.229.42
Transferring frame from dm42 to router.uun3: dst=02:00:00:38:1e:77, src=a2:bd:f0:16:62:72, type=IPv4 IPv4, len=2f, protocol=6, src=198.178.229.42, dst=198.178.229.43 payload="random payload: {967511261}"
Transferring frame from dm42 to dm43: dst=02:00:00:38:1e:77, src=a2:bd:f0:16:62:72, type=IPv4 IPv4, len=2f, protocol=6, src=198.178.229.42, dst=198.178.229.43 payload="random payload: {967511261}"
Transferring frame from router.uun3 to dm42: dst=ff:ff:ff:ff:ff:ff, src=02:00:00:38:1e:77, type=ARP opcode=REQUEST, sender=02:00:00:38:1e:77/198.178.229.1, target=00:00:00:00:00:00/198.178.229.43
Transferring frame from router.uun3 to dm43: dst=ff:ff:ff:ff:ff:ff, src=02:00:00:38:1e:77, type=ARP opcode=REQUEST, sender=02:00:00:38:1e:77/198.178.229.1, target=00:00:00:00:00:00/198.178.229.43
Transferring frame from dm43 to router.uun3: dst=02:00:00:38:1e:77, src=96:ba:04:22:32:91, type=ARP opcode=REPLY, sender=96:ba:04:22:32:91/198.178.229.43, target=02:00:00:38:1e:77/198.178.229.1
Transferring frame from dm43 to dm42: dst=02:00:00:38:1e:77, src=96:ba:04:22:32:91, type=ARP opcode=REPLY, sender=96:ba:04:22:32:91/198.178.229.43, target=02:00:00:38:1e:77/198.178.229.1
Transferring frame from router.uun3 to dm42: dst=96:ba:04:22:32:91, src=02:00:00:38:1e:77, type=IPv4 IPv4, len=2f, protocol=6, src=198.178.229.42, dst=198.178.229.43 payload="random payload: {967511261}"
Transferring frame from router.uun3 to dm43: dst=96:ba:04:22:32:91, src=02:00:00:38:1e:77, type=IPv4 IPv4, len=2f, protocol=6, src=198.178.229.42, dst=198.178.229.43 payload="random payload: {967511261}"
[32;1m

Success! Testing TTL expiration...[m

Host applesauce trying to send datagram (with next hop = 10.0.0.1): IPv4, len=2f, protocol=6, ttl=1, src=10.0.0.2, dst=1.2.3.4 payload="random payload: {129857737}"
Transferring frame from applesauce to router.eth0: dst=02:00:00:28:1d:b8, src=a6:19:20:dd:a7:41, type=IPv4 IPv4, len=2f, protocol=6, ttl=1, src=10.0.0.2, dst=1.2.3.4 payload="random payload: {129857737}"
Host applesauce trying to send datagram (with next hop = 10.0.0.1): IPv4, len=30, protocol=6, ttl=0, src=10.0.0.2, dst=1.2.3.4 payload="random payload: {2326617877}"
Transferring frame from applesauce to router.eth0: dst=02:00:00:28:1d:b8, src=a6:19:20:dd:a7:41, type=IPv4 IPv4, len=30, protocol=6, ttl=0, src=10.0.0.2, dst=1.2.3.4 payload="random payload: {2326617877}"


[32;1mCongratulations! All datagrams were routed successfully.[m
<end of output>
Test time =   0.01 sec
----------------------------------------------------------
Test Passed.
"router_test" end time: Nov 01 23:48 CST
"router_test" time elapsed: 00:00:00
----------------------------------------------------------

34/169 Testing: t_tcp_parser
34/169 Test: t_tcp_parser
Command: "/home/syx/code/labs/cs144/TCP_project/sponge/build/tests/tcp_parser" "/home/syx/code/labs/cs144/TCP_project/sponge/tests/ipv4_parser.data"
Directory: /home/syx/code/labs/cs144/Computer networking/build
"t_tcp_parser" start time: Nov 01 23:48 CST
Output:
----------------------------------------------------------
<end of output>
Test time =   0.00 sec
----------------------------------------------------------
Test Passed.
"t_tcp_parser" end time: Nov 01 23:48 CST
"t_tcp_parser" time elapsed: 00:00:00
----------------------------------------------------------

35/169 Testing: t_ipv4_parser
35/169 Test: t_ipv4_parser
Command: "/home/syx/code/labs/cs144/TCP_project/sponge/build/tests/ipv4_parser" "/home/syx/code/labs/cs144/TCP_project/sponge/tests/ipv4_parser.data"
Directory: /home/syx/code/labs/cs144/Computer networking/build
"t_ipv4_parser" start time: Nov 01 23:48 CST
Output:
----------------------------------------------------------
<end of output>
Test time =   0.00 sec
----------------------------------------------------------
Test Passed.
"t_ipv4_parser" end time: Nov 01 23:48 CST
"t_ipv4_parser" time elapsed: 00:00:00
----------------------------------------------------------

36/169 Testing: t_active_close
36/169 Test: t_active_close
Command: "/home/syx/code/labs/cs144/TCP_project/sponge/build/tests/fsm_active_close"
Directory: /home/syx/code/labs/cs144/Computer networking/build
"t_active_close" start time: Nov 01 23:48 CST
Output:
----------------------------------------------------------
<end of output>
Test time =   0.00 sec
----------------------------------------------------------
Test Passed.
"t_active_close" end time: Nov 01 23:48 CST
"t_active_close" time elapsed: 00:00:00
----------------------------------------------------------

37/169 Testing: t_passive_close
37/169 Test: t_passive_close
Command: "/home/syx/code/labs/cs144/TCP_project/sponge/build/tests/fsm_passive_close"
Directory: /home/syx/code/labs/cs144/Computer networking/build
"t_passive_close" start time: Nov 01 23:48 CST
Output:
----------------------------------------------------------
<end of output>
Test time =   0.00 sec
----------------------------------------------------------
Test Passed.
"t_passive_close" end time: Nov 01 23:48 CST
"t_passive_close" time elapsed: 00:00:00
----------------------------------------------------------

39/169 Testing: t_ack_rst
39/169 Test: t_ack_rst
Command: "/home/syx/code/labs/cs144/TCP_project/sponge/build/tests/fsm_ack_rst_relaxed"
Directory: /home/syx/code/labs/cs144/Computer networking/build
"t_ack_rst" start time: Nov 01 23:48 CST
Output:
----------------------------------------------------------
Test 1
Test 2
Test 3
Test 3
Test 4
Test 5
<end of output>
Test time =   0.00 sec
----------------------------------------------------------
Test Passed.
"t_ack_rst" end time: Nov 01 23:48 CST
"t_ack_rst" time elapsed: 00:00:00
----------------------------------------------------------

41/169 Testing: t_ack_rst_win
41/169 Test: t_ack_rst_win
Command: "/home/syx/code/labs/cs144/TCP_project/sponge/build/tests/fsm_ack_rst_win_relaxed"
Directory: /home/syx/code/labs/cs144/Computer networking/build
"t_ack_rst_win" start time: Nov 01 23:48 CST
Output:
----------------------------------------------------------
<end of output>
Test time =   0.00 sec
----------------------------------------------------------
Test Passed.
"t_ack_rst_win" end time: Nov 01 23:48 CST
"t_ack_rst_win" time elapsed: 00:00:00
----------------------------------------------------------

43/169 Testing: t_connect
43/169 Test: t_connect
Command: "/home/syx/code/labs/cs144/TCP_project/sponge/build/tests/fsm_connect_relaxed"
Directory: /home/syx/code/labs/cs144/Computer networking/build
"t_connect" start time: Nov 01 23:48 CST
Output:
----------------------------------------------------------
<end of output>
Test time =   0.00 sec
----------------------------------------------------------
Test Passed.
"t_connect" end time: Nov 01 23:48 CST
"t_connect" time elapsed: 00:00:00
----------------------------------------------------------

45/169 Testing: t_listen
45/169 Test: t_listen
Command: "/home/syx/code/labs/cs144/TCP_project/sponge/build/tests/fsm_listen_relaxed"
Directory: /home/syx/code/labs/cs144/Computer networking/build
"t_listen" start time: Nov 01 23:48 CST
Output:
----------------------------------------------------------
<end of output>
Test time =   0.00 sec
----------------------------------------------------------
Test Passed.
"t_listen" end time: Nov 01 23:48 CST
"t_listen" time elapsed: 00:00:00
----------------------------------------------------------

46/169 Testing: t_winsize
46/169 Test: t_winsize
Command: "/home/syx/code/labs/cs144/TCP_project/sponge/build/tests/fsm_winsize"
Directory: /home/syx/code/labs/cs144/Computer networking/build
"t_winsize" start time: Nov 01 23:48 CST
Output:
----------------------------------------------------------
<end of output>
Test time =   0.04 sec
----------------------------------------------------------
Test Passed.
"t_winsize" end time: Nov 01 23:48 CST
"t_winsize" time elapsed: 00:00:00
----------------------------------------------------------

48/169 Testing: t_retx
48/169 Test: t_retx
Command: "/home/syx/code/labs/cs144/TCP_project/sponge/build/tests/fsm_retx_relaxed"
Directory: /home/syx/code/labs/cs144/Computer networking/build
"t_retx" start time: Nov 01 23:48 CST
Output:
----------------------------------------------------------
  check_segment
  check_segment
  check_segment
  check_segment
  check_segment
  check_segment
  check_segment
  check_segment
  check_segment
<end of output>
Test time =   0.00 sec
----------------------------------------------------------
Test Passed.
"t_retx" end time: Nov 01 23:48 CST
"t_retx" time elapsed: 00:00:00
----------------------------------------------------------

49/169 Testing: t_retx_win
49/169 Test: t_retx_win
Command: "/home/syx/code/labs/cs144/TCP_project/sponge/build/tests/fsm_retx_win"
Directory: /home/syx/code/labs/cs144/Computer networking/build
"t_retx_win" start time: Nov 01 23:48 CST
Output:
----------------------------------------------------------
  check_segment
  check_segment
  check_segment
  check_segment
  check_segment
  check_segment
  check_segment
  check_segment
  check_segment
  check_segment
  check_segment
  check_segment
  check_segment
  check_segment
  check_segment
  check_segment
  check_segment
  check_segment
  check_segment
  check_segment
  check_segment
  check_segment
  check_segment
  check_segment
  check_segment
  check_segment
  check_segment
  check_segment
  check_segment
  check_segment
  check_segment
  check_segment
  check_segment
  check_segment
  check_segment
  check_segment
  check_segment
  check_segment
  check_segment
  check_segment
  check_segment
  check_segment
  check_segment
  check_segment
  check_segment
  check_segment
  check_segment
  check_segment
  check_segment
  check_segment
  check_segment
  check_segment
  check_segment
  check_segment
  check_segment
  check_segment
  check_segment
  check_segment
  check_segment
  check_segment
  check_segment
<end of output>
Test time =   0.00 sec
----------------------------------------------------------
Test Passed.
"t_retx_win" end time: Nov 01 23:48 CST
"t_retx_win" time elapsed: 00:00:00
----------------------------------------------------------

50/169 Testing: t_loopback
50/169 Test: t_loopback
Command: "/home/syx/code/labs/cs144/TCP_project/sponge/build/tests/fsm_loopback"
Directory: /home/syx/code/labs/cs144/Computer networking/build
"t_loopback" start time: Nov 01 23:48 CST
Output:
----------------------------------------------------------
<end of output>
Test time =   0.14 sec
----------------------------------------------------------
Test Passed.
"t_loopback" end time: Nov 01 23:48 CST
"t_loopback" time elapsed: 00:00:00
----------------------------------------------------------

51/169 Testing: t_loopback_win
51/169 Test: t_loopback_win
Command: "/home/syx/code/labs/cs144/TCP_project/sponge/build/tests/fsm_loopback_win"
Directory: /home/syx/code/labs/cs144/Computer networking/build
"t_loopback_win" start time: Nov 01 23:48 CST
Output:
----------------------------------------------------------
<end of output>
Test time =   0.07 sec
----------------------------------------------------------
Test Passed.
"t_loopback_win" end time: Nov 01 23:48 CST
"t_loopback_win" time elapsed: 00:00:00
----------------------------------------------------------

52/169 Testing: t_reorder
52/169 Test: t_reorder
Command: "/home/syx/code/labs/cs144/TCP_project/sponge/build/tests/fsm_reorder"
Directory: /home/syx/code/labs/cs144/Computer networking/build
"t_reorder" start time: Nov 01 23:48 CST
Output:
----------------------------------------------------------
<end of output>
Test time =   0.12 sec
----------------------------------------------------------
Test Passed.
"t_reorder" end time: Nov 01 23:48 CST
"t_reorder" time elapsed: 00:00:00
----------------------------------------------------------

53/169 Testing: t_address_dt
53/169 Test: t_address_dt
Command: "/home/syx/code/labs/cs144/TCP_project/sponge/build/doctests/address_dt"
Directory: /home/syx/code/labs/cs144/Computer networking/build
"t_address_dt" start time: Nov 01 23:48 CST
Output:
----------------------------------------------------------
<end of output>
Test time =   0.01 sec
----------------------------------------------------------
Test Passed.
"t_address_dt" end time: Nov 01 23:48 CST
"t_address_dt" time elapsed: 00:00:00
----------------------------------------------------------

54/169 Testing: t_parser_dt
54/169 Test: t_parser_dt
Command: "/home/syx/code/labs/cs144/TCP_project/sponge/build/doctests/parser_dt"
Directory: /home/syx/code/labs/cs144/Computer networking/build
"t_parser_dt" start time: Nov 01 23:48 CST
Output:
----------------------------------------------------------
<end of output>
Test time =   0.00 sec
----------------------------------------------------------
Test Passed.
"t_parser_dt" end time: Nov 01 23:48 CST
"t_parser_dt" time elapsed: 00:00:00
----------------------------------------------------------

55/169 Testing: t_socket_dt
55/169 Test: t_socket_dt
Command: "/home/syx/code/labs/cs144/TCP_project/sponge/build/doctests/socket_dt"
Directory: /home/syx/code/labs/cs144/Computer networking/build
"t_socket_dt" start time: Nov 01 23:48 CST
Output:
----------------------------------------------------------
<end of output>
Test time =   0.00 sec
----------------------------------------------------------
Test Passed.
"t_socket_dt" end time: Nov 01 23:48 CST
"t_socket_dt" time elapsed: 00:00:00
----------------------------------------------------------

56/169 Testing: t_udp_client_send
56/169 Test: t_udp_client_send
Command: "/home/syx/code/labs/cs144/TCP_project/sponge/txrx.sh" "-ucS"
Directory: /home/syx/code/labs/cs144/Computer networking/build
"t_udp_client_send" start time: Nov 01 23:48 CST
Output:
----------------------------------------------------------
DEBUG: Listening for incoming connection...
DEBUG: Connecting to 169.254.144.1:6640...
Successfully connected to 169.254.144.1:6640.
New connection from 169.254.144.1:42092.
DEBUG: Outbound stream to 169.254.144.1:6640 finished (33 bytes still in flight).
DEBUG: Outbound stream to 169.254.144.1:42092 finished (1 byte still in flight).
DEBUG: Inbound stream from 169.254.144.1:42092 finished cleanly.
DEBUG: Outbound stream to 169.254.144.1:6640 has been fully acknowledged.
DEBUG: Inbound stream from 169.254.144.1:6640 finished cleanly.
DEBUG: Waiting for lingering segments (e.g. retransmissions of FIN) from peer...
DEBUG: Outbound stream to DEBUG: Waiting for clean shutdown... 169.254.144.1:42092 has been fully acknowledged.
DEBUG: Waiting for clean shutdown... DEBUG: TCP connection finished cleanly.
done.
DEBUG: TCP connection finished cleanly.
done.
<end of output>
Test time =   0.24 sec
----------------------------------------------------------
Test Passed.
"t_udp_client_send" end time: Nov 01 23:48 CST
"t_udp_client_send" time elapsed: 00:00:00
----------------------------------------------------------

57/169 Testing: t_udp_server_send
57/169 Test: t_udp_server_send
Command: "/home/syx/code/labs/cs144/TCP_project/sponge/txrx.sh" "-usS"
Directory: /home/syx/code/labs/cs144/Computer networking/build
"t_udp_server_send" start time: Nov 01 23:48 CST
Output:
----------------------------------------------------------
DEBUG: Listening for incoming connection...
DEBUG: Connecting to 169.254.144.1:19431...
Successfully connected to 169.254.144.1:19431.
DEBUG: Outbound stream to 169.254.144.1:19431 finished (1 byte still in flight).
New connection from 169.254.144.1:39178.
DEBUG: Inbound stream from 169.254.144.1:39178 finished cleanly.
DEBUG: Outbound stream to 169.254.144.1:19431 has been fully acknowledged.
DEBUG: Waiting for clean shutdown... DEBUG: Outbound stream to 169.254.144.1:39178 finished (33 bytes still in flight).
DEBUG: Inbound stream from 169.254.144.1:19431 finished cleanly.
DEBUG: Waiting for lingering segments (e.g. retransmissions of FIN) from peer...
DEBUG: Outbound stream to 169.254.144.1:39178 has been fully acknowledged.
DEBUG: TCP connection finished cleanly.
done.
DEBUG: Waiting for clean shutdown... DEBUG: TCP connection finished cleanly.
done.
<end of output>
Test time =   0.24 sec
----------------------------------------------------------
Test Passed.
"t_udp_server_send" end time: Nov 01 23:48 CST
"t_udp_server_send" time elapsed: 00:00:00
----------------------------------------------------------

58/169 Testing: t_udp_client_recv
58/169 Test: t_udp_client_recv
Command: "/home/syx/code/labs/cs144/TCP_project/sponge/txrx.sh" "-ucR"
Directory: /home/syx/code/labs/cs144/Computer networking/build
"t_udp_client_recv" start time: Nov 01 23:48 CST
Output:
----------------------------------------------------------
DEBUG: Listening for incoming connection...
DEBUG: Connecting to 169.254.144.1:15383...
Successfully connected to 169.254.144.1:15383.
New connection from 169.254.144.1:56590.
DEBUG: Outbound stream to 169.254.144.1:15383 finished (1 byte still in flight).
DEBUG: Inbound stream from 169.254.144.1:56590 finished cleanly.
DEBUG: Outbound stream to 169.254.144.1:15383 has been fully acknowledged.
DEBUG: Waiting for clean shutdown... DEBUG: Outbound stream to 169.254.144.1:56590 finished (33 bytes still in flight).
DEBUG: Inbound stream from 169.254.144.1:15383 finished cleanly.
DEBUG: Waiting for lingering segments (e.g. retransmissions of FIN) from peer...
DEBUG: Outbound stream to 169.254.144.1:56590 has been fully acknowledged.
DEBUG: TCP connection finished cleanly.
done.
DEBUG: Waiting for clean shutdown... DEBUG: TCP connection finished cleanly.
done.
<end of output>
Test time =   0.24 sec
----------------------------------------------------------
Test Passed.
"t_udp_client_recv" end time: Nov 01 23:48 CST
"t_udp_client_recv" time elapsed: 00:00:00
----------------------------------------------------------

59/169 Testing: t_udp_server_recv
59/169 Test: t_udp_server_recv
Command: "/home/syx/code/labs/cs144/TCP_project/sponge/txrx.sh" "-usR"
Directory: /home/syx/code/labs/cs144/Computer networking/build
"t_udp_server_recv" start time: Nov 01 23:48 CST
Output:
----------------------------------------------------------
DEBUG: Listening for incoming connection...
DEBUG: Connecting to 169.254.144.1:23180...
Successfully connected to 169.254.144.1:23180.
New connection from 169.254.144.1:47154.
DEBUG: Outbound stream to 169.254.144.1:23180 finished (33 bytes still in flight).
DEBUG: Inbound stream from 169.254.144.1:47154 finished cleanly.
DEBUG: Outbound stream to 169.254.144.1:23180 has been fully acknowledged.
DEBUG: Outbound stream to 169.254.144.1:47154 finished (1 byte still in flight).
DEBUG: Waiting for clean shutdown... DEBUG: Inbound stream from 169.254.144.1:23180 finished cleanly.
DEBUG: Waiting for lingering segments (e.g. retransmissions of FIN) from peer...
DEBUG: Outbound stream to 169.254.144.1:47154 has been fully acknowledged.
DEBUG: TCP connection finished cleanly.
DEBUG: Waiting for clean shutdown... done.
DEBUG: TCP connection finished cleanly.
done.
<end of output>
Test time =   0.24 sec
----------------------------------------------------------
Test Passed.
"t_udp_server_recv" end time: Nov 01 23:48 CST
"t_udp_server_recv" time elapsed: 00:00:00
----------------------------------------------------------

60/169 Testing: t_udp_client_dupl
60/169 Test: t_udp_client_dupl
Command: "/home/syx/code/labs/cs144/TCP_project/sponge/txrx.sh" "-ucD"
Directory: /home/syx/code/labs/cs144/Computer networking/build
"t_udp_client_dupl" start time: Nov 01 23:48 CST
Output:
----------------------------------------------------------
DEBUG: Listening for incoming connection...
DEBUG: Connecting to 169.254.144.1:16942...
Successfully connected to 169.254.144.1:16942.
New connection from 169.254.144.1:49943.
DEBUG: Outbound stream to 169.254.144.1:16942 finished (33 bytes still in flight).
DEBUG: Inbound stream from 169.254.144.1:49943 finished cleanly.
DEBUG: Outbound stream to 169.254.144.1:16942 has been fully acknowledged.
DEBUG: Outbound stream to 169.254.144.1:49943 finished (33 bytes still in flight).
DEBUG: Waiting for clean shutdown... DEBUG: Inbound stream from 169.254.144.1:16942 finished cleanly.
DEBUG: Waiting for lingering segments (e.g. retransmissions of FIN) from peer...
DEBUG: Outbound stream to 169.254.144.1:49943 has been fully acknowledged.
DEBUG: TCP connection finished cleanly.
done.
DEBUG: Waiting for clean shutdown... DEBUG: TCP connection finished cleanly.
done.
<end of output>
Test time =   0.25 sec
----------------------------------------------------------
Test Passed.
"t_udp_client_dupl" end time: Nov 01 23:48 CST
"t_udp_client_dupl" time elapsed: 00:00:00
----------------------------------------------------------

61/169 Testing: t_udp_server_dupl
61/169 Test: t_udp_server_dupl
Command: "/home/syx/code/labs/cs144/TCP_project/sponge/txrx.sh" "-usD"
Directory: /home/syx/code/labs/cs144/Computer networking/build
"t_udp_server_dupl" start time: Nov 01 23:48 CST
Output:
----------------------------------------------------------
DEBUG: Listening for incoming connection...
DEBUG: Connecting to 169.254.144.1:10652...
Successfully connected to 169.254.144.1:10652.
New connection from 169.254.144.1:57528.
DEBUG: Outbound stream to 169.254.144.1:10652 finished (33 bytes still in flight).
DEBUG: Inbound stream from 169.254.144.1:57528 finished cleanly.
DEBUG: Outbound stream to 169.254.144.1:10652 has been fully acknowledged.
DEBUG: Outbound stream to 169.254.144.1:57528 finished (33 bytes still in flight).
DEBUG: Waiting for clean shutdown... DEBUG: Inbound stream from 169.254.144.1:10652 finished cleanly.
DEBUG: Waiting for lingering segments (e.g. retransmissions of FIN) from peer...
DEBUG: Outbound stream to 169.254.144.1:57528 has been fully acknowledged.
DEBUG: TCP connection finished cleanly.
DEBUG: Waiting for clean shutdown... done.
DEBUG: TCP connection finished cleanly.
done.
<end of output>
Test time =   0.25 sec
----------------------------------------------------------
Test Passed.
"t_udp_server_dupl" end time: Nov 01 23:48 CST
"t_udp_server_dupl" time elapsed: 00:00:00
----------------------------------------------------------

62/169 Testing: t_ucS_1M_32k
62/169 Test: t_ucS_1M_32k
Command: "/home/syx/code/labs/cs144/TCP_project/sponge/txrx.sh" "-ucSd" "1M" "-w" "32K"
Directory: /home/syx/code/labs/cs144/Computer networking/build
"t_ucS_1M_32k" start time: Nov 01 23:48 CST
Output:
----------------------------------------------------------
DEBUG: Listening for incoming connection...
DEBUG: Connecting to 169.254.144.1:3486...
Successfully connected to 169.254.144.1:3486.
New connection from 169.254.144.1:35324.
DEBUG: Outbound stream to 169.254.144.1:35324 finished (1 byte still in flight).
DEBUG: Inbound stream from 169.254.144.1:3486 finished cleanly.
DEBUG: Outbound stream to 169.254.144.1:35324 has been fully acknowledged.
DEBUG: Waiting for clean shutdown... DEBUG: Outbound stream to 169.254.144.1:3486 finished (30768 bytes still in flight).
DEBUG: Outbound stream to DEBUG: Inbound stream from 169.254.144.1:35324 finished cleanly.
169.254.144.1:3486 has been fully acknowledged.
DEBUG: Waiting for lingering segments (e.g. retransmissions of FIN) from peer...
DEBUG: TCP connection finished cleanly.
done.
DEBUG: Waiting for clean shutdown... DEBUG: TCP connection finished cleanly.
done.
<end of output>
Test time =   0.27 sec
----------------------------------------------------------
Test Passed.
"t_ucS_1M_32k" end time: Nov 01 23:48 CST
"t_ucS_1M_32k" time elapsed: 00:00:00
----------------------------------------------------------

63/169 Testing: t_ucS_128K_8K
63/169 Test: t_ucS_128K_8K
Command: "/home/syx/code/labs/cs144/TCP_project/sponge/txrx.sh" "-ucSd" "128K" "-w" "8K"
Directory: /home/syx/code/labs/cs144/Computer networking/build
"t_ucS_128K_8K" start time: Nov 01 23:48 CST
Output:
----------------------------------------------------------
DEBUG: Listening for incoming connection...
DEBUG: Connecting to 169.254.144.1:29703...
Successfully connected to 169.254.144.1:29703.
New connection from 169.254.144.1:53238.
DEBUG: Outbound stream to 169.254.144.1:53238 finished (1 byte still in flight).
DEBUG: Inbound stream from 169.254.144.1:29703 finished cleanly.
DEBUG: Outbound stream to 169.254.144.1:53238 has been fully acknowledged.
DEBUG: Waiting for clean shutdown... DEBUG: Outbound stream to 169.254.144.1:29703 finished (7192 bytes still in flight).
DEBUG: Outbound stream to DEBUG: Inbound stream from 169.254.144.1:53238 finished cleanly.
169.254.144.1:29703 has been fully acknowledged.
DEBUG: Waiting for lingering segments (e.g. retransmissions of FIN) from peer...
DEBUG: TCP connection finished cleanly.
done.
DEBUG: Waiting for clean shutdown... DEBUG: TCP connection finished cleanly.
done.
<end of output>
Test time =   0.25 sec
----------------------------------------------------------
Test Passed.
"t_ucS_128K_8K" end time: Nov 01 23:48 CST
"t_ucS_128K_8K" time elapsed: 00:00:00
----------------------------------------------------------

64/169 Testing: t_ucS_16_1
64/169 Test: t_ucS_16_1
Command: "/home/syx/code/labs/cs144/TCP_project/sponge/txrx.sh" "-ucSd" "16" "-w" "1"
Directory: /home/syx/code/labs/cs144/Computer networking/build
"t_ucS_16_1" start time: Nov 01 23:48 CST
Output:
----------------------------------------------------------
DEBUG: Listening for incoming connection...
DEBUG: Connecting to 169.254.144.1:8010...
Successfully connected to 169.254.144.1:8010.
New connection from 169.254.144.1:34424.
DEBUG: Outbound stream to 169.254.144.1:8010 finished (1 byte still in flight).
DEBUG: Outbound stream to 169.254.144.1:34424 finished (1 byte still in flight).
DEBUG: Inbound stream from 169.254.144.1:8010 finished cleanly.
DEBUG: Outbound stream to 169.254.144.1:34424 has been fully acknowledged.
DEBUG: Waiting for clean shutdown... DEBUG: Inbound stream from 169.254.144.1:34424 finished cleanly.
DEBUG: Waiting for lingering segments (e.g. retransmissions of FIN) from peer...
DEBUG: Outbound stream to 169.254.144.1:8010 has been fully acknowledged.
DEBUG: TCP connection finished cleanly.
done.
DEBUG: Waiting for clean shutdown... DEBUG: TCP connection finished cleanly.
done.
<end of output>
Test time =   0.25 sec
----------------------------------------------------------
Test Passed.
"t_ucS_16_1" end time: Nov 01 23:48 CST
"t_ucS_16_1" time elapsed: 00:00:00
----------------------------------------------------------

65/169 Testing: t_ucS_32K_d
65/169 Test: t_ucS_32K_d
Command: "/home/syx/code/labs/cs144/TCP_project/sponge/txrx.sh" "-ucSd" "32K"
Directory: /home/syx/code/labs/cs144/Computer networking/build
"t_ucS_32K_d" start time: Nov 01 23:48 CST
Output:
----------------------------------------------------------
DEBUG: Listening for incoming connection...
DEBUG: Connecting to 169.254.144.1:15878...
Successfully connected to 169.254.144.1:15878.
New connection from 169.254.144.1:45904.
DEBUG: Outbound stream to DEBUG: Outbound stream to 169.254.144.1:15878 finished (32769169.254.144.1:45904 byte finished (s still in flight).
1 byte still in flight).
DEBUG: Inbound stream from 169.254.144.1:15878 finished cleanly.
DEBUG: Waiting for clean shutdown... DEBUG: Outbound stream to DEBUG: Outbound stream to 169.254.144.1:45904 has been fully acknowledged.
169.254.144.1:15878 has been fully acknowledged.
DEBUG: Inbound stream from 169.254.144.1:45904 finished cleanly.
DEBUG: Waiting for lingering segments (e.g. retransmissions of FIN) from peer...
DEBUG: Waiting for clean shutdown... DEBUG: TCP connection finished cleanly.
DEBUG: TCP connection finished cleanly.
done.
done.
<end of output>
Test time =   0.24 sec
----------------------------------------------------------
Test Passed.
"t_ucS_32K_d" end time: Nov 01 23:48 CST
"t_ucS_32K_d" time elapsed: 00:00:00
----------------------------------------------------------

66/169 Testing: t_ucR_1M_32k
66/169 Test: t_ucR_1M_32k
Command: "/home/syx/code/labs/cs144/TCP_project/sponge/txrx.sh" "-ucRd" "1M" "-w" "32K"
Directory: /home/syx/code/labs/cs144/Computer networking/build
"t_ucR_1M_32k" start time: Nov 01 23:48 CST
Output:
----------------------------------------------------------
DEBUG: Listening for incoming connection...
DEBUG: Connecting to 169.254.144.1:18848...
Successfully connected to 169.254.144.1:18848.
DEBUG: Outbound stream to 169.254.144.1:18848 finished (1 byte still in flight).
New connection from 169.254.144.1:56817.
DEBUG: Inbound stream from 169.254.144.1:56817 finished cleanly.
DEBUG: Outbound stream to 169.254.144.1:18848 has been fully acknowledged.
DEBUG: Waiting for clean shutdown... DEBUG: Outbound stream to 169.254.144.1:56817 finished (30768 bytes still in flight).
DEBUG: Inbound stream from 169.254.144.1:18848 finished cleanly.
DEBUG: Waiting for lingering segments (e.g. retransmissions of FIN) from peer...
DEBUG: Outbound stream to 169.254.144.1:56817 has been fully acknowledged.
DEBUG: TCP connection finished cleanly.
done.
DEBUG: Waiting for clean shutdown... DEBUG: TCP connection finished cleanly.
done.
<end of output>
Test time =   0.27 sec
----------------------------------------------------------
Test Passed.
"t_ucR_1M_32k" end time: Nov 01 23:48 CST
"t_ucR_1M_32k" time elapsed: 00:00:00
----------------------------------------------------------

67/169 Testing: t_ucR_128K_8K
67/169 Test: t_ucR_128K_8K
Command: "/home/syx/code/labs/cs144/TCP_project/sponge/txrx.sh" "-ucRd" "128K" "-w" "8K"
Directory: /home/syx/code/labs/cs144/Computer networking/build
"t_ucR_128K_8K" start time: Nov 01 23:48 CST
Output:
----------------------------------------------------------
DEBUG: Listening for incoming connection...
DEBUG: Connecting to 169.254.144.1:2823...
Successfully connected to 169.254.144.1:2823.
DEBUG: Outbound stream to 169.254.144.1:2823 finished (1 byte still in flight).
New connection from 169.254.144.1:58099.
DEBUG: Inbound stream from 169.254.144.1:58099 finished cleanly.
DEBUG: Outbound stream to 169.254.144.1:2823 has been fully acknowledged.
DEBUG: Waiting for clean shutdown... DEBUG: Outbound stream to 169.254.144.1:58099 finished (5192 bytes still in flight).
DEBUG: Inbound stream from 169.254.144.1:2823 finished cleanly.
DEBUG: Waiting for lingering segments (e.g. retransmissions of FIN) from peer...
DEBUG: Outbound stream to 169.254.144.1:58099 has been fully acknowledged.
DEBUG: TCP connection finished cleanly.
done.
DEBUG: Waiting for clean shutdown... DEBUG: TCP connection finished cleanly.
done.
<end of output>
Test time =   0.25 sec
----------------------------------------------------------
Test Passed.
"t_ucR_128K_8K" end time: Nov 01 23:48 CST
"t_ucR_128K_8K" time elapsed: 00:00:00
----------------------------------------------------------

68/169 Testing: t_ucR_16_1
68/169 Test: t_ucR_16_1
Command: "/home/syx/code/labs/cs144/TCP_project/sponge/txrx.sh" "-ucRd" "16" "-w" "1"
Directory: /home/syx/code/labs/cs144/Computer networking/build
"t_ucR_16_1" start time: Nov 01 23:48 CST
Output:
----------------------------------------------------------
DEBUG: Listening for incoming connection...
DEBUG: Connecting to 169.254.144.1:18374...
Successfully connected to 169.254.144.1:18374.
New connection from 169.254.144.1:52549.
DEBUG: Outbound stream to 169.254.144.1:18374 finished (1 byte still in flight).
DEBUG: Inbound stream from 169.254.144.1:52549 finished cleanly.
DEBUG: Outbound stream to 169.254.144.1:18374 has been fully acknowledged.
DEBUG: Waiting for clean shutdown... DEBUG: Outbound stream to 169.254.144.1:52549 finished (1 byte still in flight).
DEBUG: Inbound stream from 169.254.144.1:18374 finished cleanly.
DEBUG: Waiting for lingering segments (e.g. retransmissions of FIN) from peer...
DEBUG: Outbound stream to 169.254.144.1:52549 has been fully acknowledged.
DEBUG: TCP connection finished cleanly.
done.
DEBUG: Waiting for clean shutdown... DEBUG: TCP connection finished cleanly.
done.
<end of output>
Test time =   0.25 sec
----------------------------------------------------------
Test Passed.
"t_ucR_16_1" end time: Nov 01 23:48 CST
"t_ucR_16_1" time elapsed: 00:00:00
----------------------------------------------------------

69/169 Testing: t_ucR_32K_d
69/169 Test: t_ucR_32K_d
Command: "/home/syx/code/labs/cs144/TCP_project/sponge/txrx.sh" "-ucRd" "32K"
Directory: /home/syx/code/labs/cs144/Computer networking/build
"t_ucR_32K_d" start time: Nov 01 23:48 CST
Output:
----------------------------------------------------------
DEBUG: Listening for incoming connection...
DEBUG: Connecting to 169.254.144.1:20937...
Successfully connected to 169.254.144.1:20937.
DEBUG: Outbound stream to 169.254.144.1:20937 finished (1 byte still in flight).
New connection from 169.254.144.1:42891.
DEBUG: Inbound stream from 169.254.144.1:42891 finished cleanly.
DEBUG: Outbound stream to 169.254.144.1:20937 has been fully acknowledged.
DEBUG: Waiting for clean shutdown... DEBUG: Outbound stream to 169.254.144.1:42891 finished (32769 bytes still in flight).
DEBUG: Outbound stream to DEBUG: Inbound stream from 169.254.144.1:20937 finished cleanly.
169.254.144.1:42891DEBUG: Waiting for lingering segments (e.g. retransmissions of FIN) from peer...
 has been fully acknowledged.
DEBUG: TCP connection finished cleanly.
done.
DEBUG: Waiting for clean shutdown... DEBUG: TCP connection finished cleanly.
done.
<end of output>
Test time =   0.24 sec
----------------------------------------------------------
Test Passed.
"t_ucR_32K_d" end time: Nov 01 23:48 CST
"t_ucR_32K_d" time elapsed: 00:00:00
----------------------------------------------------------

70/169 Testing: t_ucD_1M_32k
70/169 Test: t_ucD_1M_32k
Command: "/home/syx/code/labs/cs144/TCP_project/sponge/txrx.sh" "-ucDd" "1M" "-w" "32K"
Directory: /home/syx/code/labs/cs144/Computer networking/build
"t_ucD_1M_32k" start time: Nov 01 23:48 CST
Output:
----------------------------------------------------------
DEBUG: Listening for incoming connection...
DEBUG: Connecting to 169.254.144.1:26050...
Successfully connected to 169.254.144.1:26050.
New connection from 169.254.144.1:42021.
DEBUG: Outbound stream to 169.254.144.1:26050 finished (31768 bytes still in flight).
DEBUG: Outbound stream to 169.254.144.1:42021 finished (31768 bytes still in flight).
DEBUG: Inbound stream from 169.254.144.1:26050 finished cleanly.
DEBUG: Outbound stream to 169.254.144.1:42021 has been fully acknowledged.
DEBUG: Inbound stream from 169.254.144.1:42021 finished cleanly.
DEBUG: Waiting for lingering segments (e.g. retransmissions of FIN) from peer...
DEBUG: Outbound stream to 169.254.144.1:26050 has been fully acknowledged.
DEBUG: Waiting for clean shutdown... DEBUG: Waiting for clean shutdown... DEBUG: TCP connection finished cleanly.
DEBUG: TCP connection finished cleanly.
done.
done.
<end of output>
Test time =   0.30 sec
----------------------------------------------------------
Test Passed.
"t_ucD_1M_32k" end time: Nov 01 23:48 CST
"t_ucD_1M_32k" time elapsed: 00:00:00
----------------------------------------------------------

71/169 Testing: t_ucD_128K_8K
71/169 Test: t_ucD_128K_8K
Command: "/home/syx/code/labs/cs144/TCP_project/sponge/txrx.sh" "-ucDd" "128K" "-w" "8K"
Directory: /home/syx/code/labs/cs144/Computer networking/build
"t_ucD_128K_8K" start time: Nov 01 23:48 CST
Output:
----------------------------------------------------------
DEBUG: Listening for incoming connection...
DEBUG: Connecting to 169.254.144.1:32562...
Successfully connected to 169.254.144.1:32562.
New connection from 169.254.144.1:60696.
DEBUG: Outbound stream to 169.254.144.1:32562 finished (7192 bytes still in flight).
DEBUG: Outbound stream to 169.254.144.1:60696 finished (7192 bytes still in flight).
DEBUG: Inbound stream from 169.254.144.1:60696 finished cleanly.
DEBUG: Outbound stream to 169.254.144.1:32562 has been fully acknowledged.
DEBUG: Waiting for clean shutdown... DEBUG: Inbound stream from 169.254.144.1:32562 finished cleanly.
DEBUG: Waiting for lingering segments (e.g. retransmissions of FIN) from peer...
DEBUG: Outbound stream to 169.254.144.1:60696 has been fully acknowledged.
DEBUG: TCP connection finished cleanly.
done.
DEBUG: Waiting for clean shutdown... DEBUG: TCP connection finished cleanly.
done.
<end of output>
Test time =   0.26 sec
----------------------------------------------------------
Test Passed.
"t_ucD_128K_8K" end time: Nov 01 23:48 CST
"t_ucD_128K_8K" time elapsed: 00:00:00
----------------------------------------------------------

72/169 Testing: t_ucD_16_1
72/169 Test: t_ucD_16_1
Command: "/home/syx/code/labs/cs144/TCP_project/sponge/txrx.sh" "-ucDd" "16" "-w" "1"
Directory: /home/syx/code/labs/cs144/Computer networking/build
"t_ucD_16_1" start time: Nov 01 23:48 CST
Output:
----------------------------------------------------------
DEBUG: Listening for incoming connection...
DEBUG: Connecting to 169.254.144.1:13956...
Successfully connected to 169.254.144.1:13956.
New connection from 169.254.144.1:33779.
DEBUG: Outbound stream to 169.254.144.1:13956 finished (1 byte still in flight).
DEBUG: Outbound stream to 169.254.144.1:33779 finished (1 byte still in flight).
DEBUG: Inbound stream from 169.254.144.1:33779 finished cleanly.
DEBUG: Outbound stream to 169.254.144.1:13956 has been fully acknowledged.
DEBUG: Waiting for clean shutdown... DEBUG: Inbound stream from 169.254.144.1:13956 finished cleanly.
DEBUG: Waiting for lingering segments (e.g. retransmissions of FIN) from peer...
DEBUG: Outbound stream to 169.254.144.1:33779 has been fully acknowledged.
DEBUG: TCP connection finished cleanly.
done.
DEBUG: Waiting for clean shutdown... DEBUG: TCP connection finished cleanly.
done.
<end of output>
Test time =   0.25 sec
----------------------------------------------------------
Test Passed.
"t_ucD_16_1" end time: Nov 01 23:48 CST
"t_ucD_16_1" time elapsed: 00:00:00
----------------------------------------------------------

73/169 Testing: t_ucD_32K_d
73/169 Test: t_ucD_32K_d
Command: "/home/syx/code/labs/cs144/TCP_project/sponge/txrx.sh" "-ucDd" "32K"
Directory: /home/syx/code/labs/cs144/Computer networking/build
"t_ucD_32K_d" start time: Nov 01 23:48 CST
Output:
----------------------------------------------------------
DEBUG: Listening for incoming connection...
DEBUG: Connecting to 169.254.144.1:15226...
Successfully connected to 169.254.144.1:15226.
New connection from 169.254.144.1:57431.
DEBUG: Outbound stream to 169.254.144.1:15226 finished (32769 bytes still in flight).
DEBUG: Outbound stream to 169.254.144.1:57431 finished (32769 bytes still in flight).
DEBUG: Inbound stream from 169.254.144.1:57431 finished cleanly.
DEBUG: Inbound stream from 169.254.144.1:15226 finished cleanly.
DEBUG: Outbound stream to 169.254.144.1:57431 has been fully acknowledged.
DEBUG: Waiting for clean shutdown... DEBUG: Outbound stream to 169.254.144.1:15226 has been fully acknowledged.
DEBUG: Waiting for clean shutdown... DEBUG: TCP connection finished cleanly.
done.
DEBUG: TCP connection finished cleanly.
done.
<end of output>
Test time =   0.25 sec
----------------------------------------------------------
Test Passed.
"t_ucD_32K_d" end time: Nov 01 23:48 CST
"t_ucD_32K_d" time elapsed: 00:00:00
----------------------------------------------------------

74/169 Testing: t_usS_1M_32k
74/169 Test: t_usS_1M_32k
Command: "/home/syx/code/labs/cs144/TCP_project/sponge/txrx.sh" "-usSd" "1M" "-w" "32K"
Directory: /home/syx/code/labs/cs144/Computer networking/build
"t_usS_1M_32k" start time: Nov 01 23:48 CST
Output:
----------------------------------------------------------
DEBUG: Listening for incoming connection...
DEBUG: Connecting to 169.254.144.1:29397...
Successfully connected to 169.254.144.1:29397.
New connection from 169.254.144.1:48263.
DEBUG: Outbound stream to 169.254.144.1:29397 finished (1 byte still in flight).
DEBUG: Inbound stream from 169.254.144.1:48263 finished cleanly.
DEBUG: Outbound stream to 169.254.144.1:29397 has been fully acknowledged.
DEBUG: Waiting for clean shutdown... DEBUG: Outbound stream to 169.254.144.1:48263 finished (30768 bytes still in flight).
DEBUG: Outbound stream to DEBUG: Inbound stream from 169.254.144.1:29397 finished 169.254.144.1:48263cleanly.
 has been fully acknowledged.
DEBUG: Waiting for lingering segments (e.g. retransmissions of FIN) from peer...
DEBUG: TCP connection finished cleanly.
done.
DEBUG: Waiting for clean shutdown... DEBUG: TCP connection finished cleanly.
done.
<end of output>
Test time =   0.27 sec
----------------------------------------------------------
Test Passed.
"t_usS_1M_32k" end time: Nov 01 23:48 CST
"t_usS_1M_32k" time elapsed: 00:00:00
----------------------------------------------------------

75/169 Testing: t_usS_128K_8K
75/169 Test: t_usS_128K_8K
Command: "/home/syx/code/labs/cs144/TCP_project/sponge/txrx.sh" "-usSd" "128K" "-w" "8K"
Directory: /home/syx/code/labs/cs144/Computer networking/build
"t_usS_128K_8K" start time: Nov 01 23:48 CST
Output:
----------------------------------------------------------
DEBUG: Listening for incoming connection...
DEBUG: Connecting to 169.254.144.1:17120...
Successfully connected to 169.254.144.1:17120.
New connection from 169.254.144.1:52626.
DEBUG: Outbound stream to 169.254.144.1:17120 finished (1 byte still in flight).
DEBUG: Inbound stream from 169.254.144.1:52626 finished cleanly.
DEBUG: Outbound stream to 169.254.144.1:17120 has been fully acknowledged.
DEBUG: Waiting for clean shutdown... DEBUG: Outbound stream to 169.254.144.1:52626 finished (7000 bytes still in flight).
DEBUG: Inbound stream from 169.254.144.1:17120 finished cleanly.
DEBUG: Waiting for lingering segments (e.g. retransmissions of FIN) from peer...
DEBUG: Outbound stream to 169.254.144.1:52626 has been fully acknowledged.
DEBUG: TCP connection finished cleanly.
done.
DEBUG: Waiting for clean shutdown... DEBUG: TCP connection finished cleanly.
done.
<end of output>
Test time =   0.25 sec
----------------------------------------------------------
Test Passed.
"t_usS_128K_8K" end time: Nov 01 23:48 CST
"t_usS_128K_8K" time elapsed: 00:00:00
----------------------------------------------------------

76/169 Testing: t_usS_16_1
76/169 Test: t_usS_16_1
Command: "/home/syx/code/labs/cs144/TCP_project/sponge/txrx.sh" "-usSd" "16" "-w" "1"
Directory: /home/syx/code/labs/cs144/Computer networking/build
"t_usS_16_1" start time: Nov 01 23:48 CST
Output:
----------------------------------------------------------
DEBUG: Listening for incoming connection...
DEBUG: Connecting to 169.254.144.1:7433...
Successfully connected to 169.254.144.1:7433.
New connection from 169.254.144.1:41745.
DEBUG: Outbound stream to 169.254.144.1:7433 finished (1 byte still in flight).
DEBUG: Inbound stream from 169.254.144.1:41745 finished cleanly.
DEBUG: Outbound stream to 169.254.144.1:7433 has been fully acknowledged.
DEBUG: Waiting for clean shutdown... DEBUG: Outbound stream to 169.254.144.1:41745 finished (1 byte still in flight).
DEBUG: Inbound stream from 169.254.144.1:7433 finished cleanly.
DEBUG: Waiting for lingering segments (e.g. retransmissions of FIN) from peer...
DEBUG: Outbound stream to 169.254.144.1:41745 has been fully acknowledged.
DEBUG: TCP connection finished cleanly.
done.
DEBUG: Waiting for clean shutdown... DEBUG: TCP connection finished cleanly.
done.
<end of output>
Test time =   0.25 sec
----------------------------------------------------------
Test Passed.
"t_usS_16_1" end time: Nov 01 23:48 CST
"t_usS_16_1" time elapsed: 00:00:00
----------------------------------------------------------

77/169 Testing: t_usS_32K_d
77/169 Test: t_usS_32K_d
Command: "/home/syx/code/labs/cs144/TCP_project/sponge/txrx.sh" "-usSd" "32K"
Directory: /home/syx/code/labs/cs144/Computer networking/build
"t_usS_32K_d" start time: Nov 01 23:48 CST
Output:
----------------------------------------------------------
DEBUG: Listening for incoming connection...
DEBUG: Connecting to 169.254.144.1:29390...
Successfully connected to 169.254.144.1:29390.
New connection from 169.254.144.1:35612.
DEBUG: Outbound stream to 169.254.144.1:29390 finished (1 byte still in flight).
DEBUG: Inbound stream from 169.254.144.1:35612 finished cleanly.
DEBUG: Outbound stream to 169.254.144.1:29390 has been fully acknowledged.
DEBUG: Waiting for clean shutdown... DEBUG: Outbound stream to 169.254.144.1:35612 finished (32769 bytes still in flight).
DEBUG: Outbound stream to DEBUG: Inbound stream from 169.254.144.1:29390 finished cleanly.
169.254.144.1:35612 has been fully acknowledged.
DEBUG: Waiting for lingering segments (e.g. retransmissions of FIN) from peer...
DEBUG: TCP connection finished cleanly.
done.
DEBUG: Waiting for clean shutdown... DEBUG: TCP connection finished cleanly.
done.
<end of output>
Test time =   0.24 sec
----------------------------------------------------------
Test Passed.
"t_usS_32K_d" end time: Nov 01 23:48 CST
"t_usS_32K_d" time elapsed: 00:00:00
----------------------------------------------------------

78/169 Testing: t_usR_1M_32k
78/169 Test: t_usR_1M_32k
Command: "/home/syx/code/labs/cs144/TCP_project/sponge/txrx.sh" "-usRd" "1M" "-w" "32K"
Directory: /home/syx/code/labs/cs144/Computer networking/build
"t_usR_1M_32k" start time: Nov 01 23:48 CST
Output:
----------------------------------------------------------
DEBUG: Listening for incoming connection...
DEBUG: Connecting to 169.254.144.1:32026...
Successfully connected to 169.254.144.1:32026.
New connection from 169.254.144.1:57203.
DEBUG: Outbound stream to 169.254.144.1:57203 finished (1 byte still in flight).
DEBUG: Inbound stream from 169.254.144.1:32026 finished cleanly.
DEBUG: Outbound stream to 169.254.144.1:57203 has been fully acknowledged.
DEBUG: Waiting for clean shutdown... DEBUG: Outbound stream to 169.254.144.1:32026 finished (30768 bytes still in flight).
DEBUG: Inbound stream from 169.254.144.1:57203 finished cleanly.
DEBUG: Waiting for lingering segments (e.g. retransmissions of FIN) from peer...
DEBUG: Outbound stream to 169.254.144.1:32026 has been fully acknowledged.
DEBUG: TCP connection finished cleanly.
done.
DEBUG: Waiting for clean shutdown... DEBUG: TCP connection finished cleanly.
done.
<end of output>
Test time =   0.27 sec
----------------------------------------------------------
Test Passed.
"t_usR_1M_32k" end time: Nov 01 23:48 CST
"t_usR_1M_32k" time elapsed: 00:00:00
----------------------------------------------------------

79/169 Testing: t_usR_128K_8K
79/169 Test: t_usR_128K_8K
Command: "/home/syx/code/labs/cs144/TCP_project/sponge/txrx.sh" "-usRd" "128K" "-w" "8K"
Directory: /home/syx/code/labs/cs144/Computer networking/build
"t_usR_128K_8K" start time: Nov 01 23:48 CST
Output:
----------------------------------------------------------
DEBUG: Listening for incoming connection...
DEBUG: Connecting to 169.254.144.1:9079...
Successfully connected to 169.254.144.1:9079.
New connection from 169.254.144.1:40604.
DEBUG: Outbound stream to 169.254.144.1:40604 finished (1 byte still in flight).
DEBUG: Inbound stream from 169.254.144.1:9079 finished cleanly.
DEBUG: Waiting for clean shutdown... DEBUG: Outbound stream to 169.254.144.1:40604 has been fully acknowledged.
DEBUG: Outbound stream to 169.254.144.1:9079 finished (8191 bytes still in flight).
DEBUG: Inbound stream from 169.254.144.1:40604 finished cleanly.
DEBUG: Waiting for lingering segments (e.g. retransmissions of FIN) from peer...
DEBUG: Outbound stream to 169.254.144.1:9079 has been fully acknowledged.
DEBUG: TCP connection finished cleanly.
done.
DEBUG: Waiting for clean shutdown... DEBUG: TCP connection finished cleanly.
done.
<end of output>
Test time =   0.25 sec
----------------------------------------------------------
Test Passed.
"t_usR_128K_8K" end time: Nov 01 23:48 CST
"t_usR_128K_8K" time elapsed: 00:00:00
----------------------------------------------------------

80/169 Testing: t_usR_16_1
80/169 Test: t_usR_16_1
Command: "/home/syx/code/labs/cs144/TCP_project/sponge/txrx.sh" "-usRd" "16" "-w" "1"
Directory: /home/syx/code/labs/cs144/Computer networking/build
"t_usR_16_1" start time: Nov 01 23:48 CST
Output:
----------------------------------------------------------
DEBUG: Listening for incoming connection...
DEBUG: Connecting to 169.254.144.1:11579...
Successfully connected to 169.254.144.1:11579.
New connection from 169.254.144.1:59546.
DEBUG: Outbound stream to 169.254.144.1:11579 finished (1 byte still in flight).
DEBUG: Outbound stream to 169.254.144.1:59546 finished (1 byte still in flight).
DEBUG: Inbound stream from 169.254.144.1:11579 finished cleanly.
DEBUG: Outbound stream to 169.254.144.1:59546 has been fully acknowledged.
DEBUG: Waiting for clean shutdown... DEBUG: Inbound stream from 169.254.144.1:59546 finished cleanly.
DEBUG: Waiting for lingering segments (e.g. retransmissions of FIN) from peer...
DEBUG: Outbound stream to 169.254.144.1:11579 has been fully acknowledged.
DEBUG: TCP connection finished cleanly.
done.
DEBUG: Waiting for clean shutdown... DEBUG: TCP connection finished cleanly.
done.
<end of output>
Test time =   0.25 sec
----------------------------------------------------------
Test Passed.
"t_usR_16_1" end time: Nov 01 23:48 CST
"t_usR_16_1" time elapsed: 00:00:00
----------------------------------------------------------

81/169 Testing: t_usR_32K_d
81/169 Test: t_usR_32K_d
Command: "/home/syx/code/labs/cs144/TCP_project/sponge/txrx.sh" "-usRd" "32K"
Directory: /home/syx/code/labs/cs144/Computer networking/build
"t_usR_32K_d" start time: Nov 01 23:48 CST
Output:
----------------------------------------------------------
DEBUG: Listening for incoming connection...
DEBUG: Connecting to 169.254.144.1:16958...
Successfully connected to 169.254.144.1:16958.
New connection from 169.254.144.1:34524.
DEBUG: Outbound stream to 169.254.144.1:16958 finished (DEBUG: Outbound stream to 32769 bytes still in flight).
169.254.144.1:34524 finished (1 byte still in flight).
DEBUG: Inbound stream from 169.254.144.1:16958 finished cleanly.
DEBUG: Waiting for clean shutdown... DEBUG: Outbound stream to DEBUG: Outbound stream to 169.254.144.1:34524 has been fully acknowledged.
169.254.144.1:16958 has been fully acknowledged.
DEBUG: Inbound stream from 169.254.144.1:34524 finished cleanly.
DEBUG: Waiting for lingering segments (e.g. retransmissions of FIN) from peer...
DEBUG: Waiting for clean shutdown... DEBUG: TCP connection finished cleanly.
done.
DEBUG: TCP connection finished cleanly.
done.
<end of output>
Test time =   0.24 sec
----------------------------------------------------------
Test Passed.
"t_usR_32K_d" end time: Nov 01 23:48 CST
"t_usR_32K_d" time elapsed: 00:00:00
----------------------------------------------------------

82/169 Testing: t_usD_1M_32k
82/169 Test: t_usD_1M_32k
Command: "/home/syx/code/labs/cs144/TCP_project/sponge/txrx.sh" "-usDd" "1M" "-w" "32K"
Directory: /home/syx/code/labs/cs144/Computer networking/build
"t_usD_1M_32k" start time: Nov 01 23:48 CST
Output:
----------------------------------------------------------
[...]
DEBUG: Connecting to 169.254.144.9:30316...
Successfully connected to 169.254.144.9:30316.
New connection from 169.254.144.1:19913.
DEBUG: Outbound stream to 169.254.144.1:19913 finished (7192 bytes still in flight).
DEBUG: Outbound stream to 169.254.144.9:30316 finished (8192 bytes still in flight).
DEBUG: Inbound stream from 169.254.144.9:30316 finished cleanly.
DEBUG: Outbound stream to 169.254.144.1:19913 has been fully acknowledged.
DEBUG: Waiting for clean shutdown... DEBUG: Inbound stream from 169.254.144.1:19913 finished cleanly.
DEBUG: Waiting for lingering segments (e.g. retransmissions of FIN) from peer...
DEBUG: Outbound stream to 169.254.144.9:30316 has been fully acknowledged.
DEBUG: TCP connection finished cleanly.
done.
DEBUG: Waiting for clean shutdown... DEBUG: TCP connection finished cleanly.
done.
<end of output>
Test time =   0.58 sec
----------------------------------------------------------
Test Passed.
"t_isD_128K_8K_lL" end time: Nov 01 23:49 CST
"t_isD_128K_8K_lL" time elapsed: 00:00:00
----------------------------------------------------------

152/169 Testing: t_icnS_128K_8K_l
152/169 Test: t_icnS_128K_8K_l
Command: "/home/syx/code/labs/cs144/TCP_project/sponge/txrx.sh" "-icSnd" "128K" "-w" "8K" "-l" "0.1"
Directory: /home/syx/code/labs/cs144/Computer networking/build
"t_icnS_128K_8K_l" start time: Nov 01 23:49 CST
Output:
----------------------------------------------------------
DEBUG: Connecting to 169.254.144.1:3837...
Successfully connected to 169.254.144.1:3837.
DEBUG: Inbound stream from 169.254.144.1:3837 finished cleanly.
DEBUG: Waiting for clean shutdown... DEBUG: Outbound stream to 169.254.144.1:3837 finished (64000 bytes still in flight).
DEBUG: Outbound stream to 169.254.144.1:3837 has been fully acknowledged.
DEBUG: TCP connection finished cleanly.
done.
<end of output>
Test time =   0.13 sec
----------------------------------------------------------
Test Passed.
"t_icnS_128K_8K_l" end time: Nov 01 23:49 CST
"t_icnS_128K_8K_l" time elapsed: 00:00:00
----------------------------------------------------------

153/169 Testing: t_icnS_128K_8K_L
153/169 Test: t_icnS_128K_8K_L
Command: "/home/syx/code/labs/cs144/TCP_project/sponge/txrx.sh" "-icSnd" "128K" "-w" "8K" "-L" "0.1"
Directory: /home/syx/code/labs/cs144/Computer networking/build
"t_icnS_128K_8K_L" start time: Nov 01 23:49 CST
Output:
----------------------------------------------------------
DEBUG: Connecting to 169.254.144.1:31765...
Successfully connected to 169.254.144.1:31765.
DEBUG: Inbound stream from 169.254.144.1:31765 finished cleanly.
DEBUG: Waiting for clean shutdown... DEBUG: Outbound stream to 169.254.144.1:31765 finished (55000 bytes still in flight).
DEBUG: Outbound stream to 169.254.144.1:31765 has been fully acknowledged.
DEBUG: TCP connection finished cleanly.
done.
<end of output>
Test time =   0.26 sec
----------------------------------------------------------
Test Passed.
"t_icnS_128K_8K_L" end time: Nov 01 23:49 CST
"t_icnS_128K_8K_L" time elapsed: 00:00:00
----------------------------------------------------------

154/169 Testing: t_icnS_128K_8K_lL
154/169 Test: t_icnS_128K_8K_lL
Command: "/home/syx/code/labs/cs144/TCP_project/sponge/txrx.sh" "-icSnd" "128K" "-w" "8K" "-l" "0.1" "-L" "0.1"
Directory: /home/syx/code/labs/cs144/Computer networking/build
"t_icnS_128K_8K_lL" start time: Nov 01 23:49 CST
Output:
----------------------------------------------------------
DEBUG: Connecting to 169.254.144.1:31323...
Successfully connected to 169.254.144.1:31323.
DEBUG: Inbound stream from 169.254.144.1:31323 finished cleanly.
DEBUG: Waiting for clean shutdown... DEBUG: Outbound stream to 169.254.144.1:31323 finished (44000 bytes still in flight).
DEBUG: Outbound stream to 169.254.144.1:31323 has been fully acknowledged.
DEBUG: TCP connection finished cleanly.
done.
<end of output>
Test time =   0.37 sec
----------------------------------------------------------
Test Passed.
"t_icnS_128K_8K_lL" end time: Nov 01 23:49 CST
"t_icnS_128K_8K_lL" time elapsed: 00:00:00
----------------------------------------------------------

155/169 Testing: t_icnR_128K_8K_l
155/169 Test: t_icnR_128K_8K_l
Command: "/home/syx/code/labs/cs144/TCP_project/sponge/txrx.sh" "-icRnd" "128K" "-w" "8K" "-l" "0.1"
Directory: /home/syx/code/labs/cs144/Computer networking/build
"t_icnR_128K_8K_l" start time: Nov 01 23:49 CST
Output:
----------------------------------------------------------
DEBUG: Connecting to 169.254.144.1:28574...
Successfully connected to 169.254.144.1:28574.
DEBUG: Outbound stream to 169.254.144.1:28574 finished (1 byte still in flight).
DEBUG: Outbound stream to 169.254.144.1:28574 has been fully acknowledged.
DEBUG: Inbound stream from 169.254.144.1:28574 finished cleanly.
DEBUG: Waiting for lingering segments (e.g. retransmissions of FIN) from peer...
DEBUG: Waiting for clean shutdown... DEBUG: TCP connection finished cleanly.
done.
<end of output>
Test time =   0.53 sec
----------------------------------------------------------
Test Passed.
"t_icnR_128K_8K_l" end time: Nov 01 23:49 CST
"t_icnR_128K_8K_l" time elapsed: 00:00:00
----------------------------------------------------------

156/169 Testing: t_icnR_128K_8K_L
156/169 Test: t_icnR_128K_8K_L
Command: "/home/syx/code/labs/cs144/TCP_project/sponge/txrx.sh" "-icRnd" "128K" "-w" "8K" "-L" "0.1"
Directory: /home/syx/code/labs/cs144/Computer networking/build
"t_icnR_128K_8K_L" start time: Nov 01 23:49 CST
Output:
----------------------------------------------------------
DEBUG: Connecting to 169.254.144.1:29485...
Successfully connected to 169.254.144.1:29485.
DEBUG: Outbound stream to 169.254.144.1:29485 finished (1 byte still in flight).
DEBUG: Outbound stream to 169.254.144.1:29485 has been fully acknowledged.
DEBUG: Inbound stream from 169.254.144.1:29485 finished cleanly.
DEBUG: Waiting for lingering segments (e.g. retransmissions of FIN) from peer...
DEBUG: Waiting for clean shutdown... DEBUG: TCP connection finished cleanly.
done.
<end of output>
Test time =   0.26 sec
----------------------------------------------------------
Test Passed.
"t_icnR_128K_8K_L" end time: Nov 01 23:49 CST
"t_icnR_128K_8K_L" time elapsed: 00:00:00
----------------------------------------------------------

157/169 Testing: t_icnR_128K_8K_lL
157/169 Test: t_icnR_128K_8K_lL
Command: "/home/syx/code/labs/cs144/TCP_project/sponge/txrx.sh" "-icRnd" "128K" "-w" "8K" "-l" "0.1" "-L" "0.1"
Directory: /home/syx/code/labs/cs144/Computer networking/build
"t_icnR_128K_8K_lL" start time: Nov 01 23:49 CST
Output:
----------------------------------------------------------
DEBUG: Connecting to 169.254.144.1:10282...
Successfully connected to 169.254.144.1:10282.
DEBUG: Outbound stream to 169.254.144.1:10282 finished (1 byte still in flight).
DEBUG: Outbound stream to 169.254.144.1:10282 has been fully acknowledged.
DEBUG: Inbound stream from 169.254.144.1:10282 finished cleanly.
DEBUG: Waiting for lingering segments (e.g. retransmissions of FIN) from peer...
DEBUG: Waiting for clean shutdown... DEBUG: TCP connection finished cleanly.
done.
<end of output>
Test time =   0.58 sec
----------------------------------------------------------
Test Passed.
"t_icnR_128K_8K_lL" end time: Nov 01 23:49 CST
"t_icnR_128K_8K_lL" time elapsed: 00:00:00
----------------------------------------------------------

158/169 Testing: t_icnD_128K_8K_l
158/169 Test: t_icnD_128K_8K_l
Command: "/home/syx/code/labs/cs144/TCP_project/sponge/txrx.sh" "-icDnd" "128K" "-w" "8K" "-l" "0.1"
Directory: /home/syx/code/labs/cs144/Computer networking/build
"t_icnD_128K_8K_l" start time: Nov 01 23:49 CST
Output:
----------------------------------------------------------
DEBUG: Connecting to 169.254.144.1:12837...
Successfully connected to 169.254.144.1:12837.
DEBUG: Outbound stream to 169.254.144.1:12837 finished (64000 bytes still in flight).
DEBUG: Outbound stream to 169.254.144.1:12837 has been fully acknowledged.
DEBUG: Inbound stream from 169.254.144.1:12837 finished cleanly.
DEBUG: Waiting for lingering segments (e.g. retransmissions of FIN) from peer...
DEBUG: Waiting for clean shutdown... DEBUG: TCP connection finished cleanly.
done.
<end of output>
Test time =   0.45 sec
----------------------------------------------------------
Test Passed.
"t_icnD_128K_8K_l" end time: Nov 01 23:49 CST
"t_icnD_128K_8K_l" time elapsed: 00:00:00
----------------------------------------------------------

159/169 Testing: t_icnD_128K_8K_L
159/169 Test: t_icnD_128K_8K_L
Command: "/home/syx/code/labs/cs144/TCP_project/sponge/txrx.sh" "-icDnd" "128K" "-w" "8K" "-L" "0.1"
Directory: /home/syx/code/labs/cs144/Computer networking/build
"t_icnD_128K_8K_L" start time: Nov 01 23:49 CST
Output:
----------------------------------------------------------
DEBUG: Connecting to 169.254.144.1:13579...
Successfully connected to 169.254.144.1:13579.
DEBUG: Inbound stream from 169.254.144.1:13579 finished cleanly.
DEBUG: Waiting for clean shutdown... DEBUG: Outbound stream to 169.254.144.1:13579 finished (63073 bytes still in flight).
DEBUG: Outbound stream to 169.254.144.1:13579 has been fully acknowledged.
DEBUG: TCP connection finished cleanly.
done.
<end of output>
Test time =   0.31 sec
----------------------------------------------------------
Test Passed.
"t_icnD_128K_8K_L" end time: Nov 01 23:49 CST
"t_icnD_128K_8K_L" time elapsed: 00:00:00
----------------------------------------------------------

160/169 Testing: t_icnD_128K_8K_lL
160/169 Test: t_icnD_128K_8K_lL
Command: "/home/syx/code/labs/cs144/TCP_project/sponge/txrx.sh" "-icDnd" "128K" "-w" "8K" "-l" "0.1" "-L" "0.1"
Directory: /home/syx/code/labs/cs144/Computer networking/build
"t_icnD_128K_8K_lL" start time: Nov 01 23:49 CST
Output:
----------------------------------------------------------
DEBUG: Connecting to 169.254.144.1:17956...
Successfully connected to 169.254.144.1:17956.
DEBUG: Outbound stream to 169.254.144.1:17956 finished (35000 bytes still in flight).
DEBUG: Outbound stream to 169.254.144.1:17956 has been fully acknowledged.
DEBUG: Inbound stream from 169.254.144.1:17956 finished cleanly.
DEBUG: Waiting for lingering segments (e.g. retransmissions of FIN) from peer...
DEBUG: Waiting for clean shutdown... DEBUG: TCP connection finished cleanly.
done.
<end of output>
Test time =   0.55 sec
----------------------------------------------------------
Test Passed.
"t_icnD_128K_8K_lL" end time: Nov 01 23:49 CST
"t_icnD_128K_8K_lL" time elapsed: 00:00:00
----------------------------------------------------------

161/169 Testing: t_isnS_128K_8K_l
161/169 Test: t_isnS_128K_8K_l
Command: "/home/syx/code/labs/cs144/TCP_project/sponge/txrx.sh" "-isSnd" "128K" "-w" "8K" "-l" "0.1"
Directory: /home/syx/code/labs/cs144/Computer networking/build
"t_isnS_128K_8K_l" start time: Nov 01 23:49 CST
Output:
----------------------------------------------------------
DEBUG: Listening for incoming connection...
New connection from 169.254.144.1:50272.
DEBUG: Inbound stream from 169.254.144.1:50272 finished cleanly.
DEBUG: Waiting for clean shutdown... DEBUG: Outbound stream to 169.254.144.1:50272 finished (64000 bytes still in flight).
DEBUG: Outbound stream to 169.254.144.1:50272 has been fully acknowledged.
DEBUG: TCP connection finished cleanly.
done.
<end of output>
Test time =   0.13 sec
----------------------------------------------------------
Test Passed.
"t_isnS_128K_8K_l" end time: Nov 01 23:49 CST
"t_isnS_128K_8K_l" time elapsed: 00:00:00
----------------------------------------------------------

162/169 Testing: t_isnS_128K_8K_L
162/169 Test: t_isnS_128K_8K_L
Command: "/home/syx/code/labs/cs144/TCP_project/sponge/txrx.sh" "-isSnd" "128K" "-w" "8K" "-L" "0.1"
Directory: /home/syx/code/labs/cs144/Computer networking/build
"t_isnS_128K_8K_L" start time: Nov 01 23:49 CST
Output:
----------------------------------------------------------
DEBUG: Listening for incoming connection...
New connection from 169.254.144.1:55524.
DEBUG: Inbound stream from 169.254.144.1:55524 finished cleanly.
DEBUG: Waiting for clean shutdown... DEBUG: Outbound stream to 169.254.144.1:55524 finished (35000 bytes still in flight).
DEBUG: Outbound stream to 169.254.144.1:55524 has been fully acknowledged.
DEBUG: TCP connection finished cleanly.
done.
<end of output>
Test time =   0.45 sec
----------------------------------------------------------
Test Passed.
"t_isnS_128K_8K_L" end time: Nov 01 23:49 CST
"t_isnS_128K_8K_L" time elapsed: 00:00:00
----------------------------------------------------------

163/169 Testing: t_isnS_128K_8K_lL
163/169 Test: t_isnS_128K_8K_lL
Command: "/home/syx/code/labs/cs144/TCP_project/sponge/txrx.sh" "-isSnd" "128K" "-w" "8K" "-l" "0.1" "-L" "0.1"
Directory: /home/syx/code/labs/cs144/Computer networking/build
"t_isnS_128K_8K_lL" start time: Nov 01 23:49 CST
Output:
----------------------------------------------------------
DEBUG: Listening for incoming connection...
New connection from 169.254.144.1:56662.
DEBUG: Inbound stream from 169.254.144.1:56662 finished cleanly.
DEBUG: Waiting for clean shutdown... DEBUG: Outbound stream to 169.254.144.1:56662 finished (63000 bytes still in flight).
DEBUG: Outbound stream to 169.254.144.1:56662 has been fully acknowledged.
DEBUG: TCP connection finished cleanly.
done.
<end of output>
Test time =   0.39 sec
----------------------------------------------------------
Test Passed.
"t_isnS_128K_8K_lL" end time: Nov 01 23:49 CST
"t_isnS_128K_8K_lL" time elapsed: 00:00:00
----------------------------------------------------------

164/169 Testing: t_isnR_128K_8K_l
164/169 Test: t_isnR_128K_8K_l
Command: "/home/syx/code/labs/cs144/TCP_project/sponge/txrx.sh" "-isRnd" "128K" "-w" "8K" "-l" "0.1"
Directory: /home/syx/code/labs/cs144/Computer networking/build
"t_isnR_128K_8K_l" start time: Nov 01 23:49 CST
Output:
----------------------------------------------------------
DEBUG: Listening for incoming connection...
New connection from 169.254.144.1:51070.
DEBUG: Outbound stream to 169.254.144.1:51070 finished (1 byte still in flight).
DEBUG: Outbound stream to 169.254.144.1:51070 has been fully acknowledged.
DEBUG: Inbound stream from 169.254.144.1:51070 finished cleanly.
DEBUG: Waiting for lingering segments (e.g. retransmissions of FIN) from peer...
DEBUG: Waiting for clean shutdown... DEBUG: TCP connection finished cleanly.
done.
<end of output>
Test time =   0.44 sec
----------------------------------------------------------
Test Passed.
"t_isnR_128K_8K_l" end time: Nov 01 23:49 CST
"t_isnR_128K_8K_l" time elapsed: 00:00:00
----------------------------------------------------------

165/169 Testing: t_isnR_128K_8K_L
165/169 Test: t_isnR_128K_8K_L
Command: "/home/syx/code/labs/cs144/TCP_project/sponge/txrx.sh" "-isRnd" "128K" "-w" "8K" "-L" "0.1"
Directory: /home/syx/code/labs/cs144/Computer networking/build
"t_isnR_128K_8K_L" start time: Nov 01 23:49 CST
Output:
----------------------------------------------------------
DEBUG: Listening for incoming connection...
New connection from 169.254.144.1:36358.
DEBUG: Outbound stream to 169.254.144.1:36358 finished (1 byte still in flight).
DEBUG: Outbound stream to 169.254.144.1:36358 has been fully acknowledged.
DEBUG: Inbound stream from 169.254.144.1:36358 finished cleanly.
DEBUG: Waiting for lingering segments (e.g. retransmissions of FIN) from peer...
DEBUG: Waiting for clean shutdown... DEBUG: TCP connection finished cleanly.
done.
<end of output>
Test time =   0.26 sec
----------------------------------------------------------
Test Passed.
"t_isnR_128K_8K_L" end time: Nov 01 23:49 CST
"t_isnR_128K_8K_L" time elapsed: 00:00:00
----------------------------------------------------------

166/169 Testing: t_isnR_128K_8K_lL
166/169 Test: t_isnR_128K_8K_lL
Command: "/home/syx/code/labs/cs144/TCP_project/sponge/txrx.sh" "-isRnd" "128K" "-w" "8K" "-l" "0.1" "-L" "0.1"
Directory: /home/syx/code/labs/cs144/Computer networking/build
"t_isnR_128K_8K_lL" start time: Nov 01 23:49 CST
Output:
----------------------------------------------------------
DEBUG: Listening for incoming connection...
New connection from 169.254.144.1:52060.
DEBUG: Outbound stream to 169.254.144.1:52060 finished (1 byte still in flight).
DEBUG: Outbound stream to 169.254.144.1:52060 has been fully acknowledged.
DEBUG: Inbound stream from 169.254.144.1:52060 finished cleanly.
DEBUG: Waiting for lingering segments (e.g. retransmissions of FIN) from peer...
DEBUG: Waiting for clean shutdown... DEBUG: TCP connection finished cleanly.
done.
<end of output>
Test time =   1.19 sec
----------------------------------------------------------
Test Passed.
"t_isnR_128K_8K_lL" end time: Nov 01 23:49 CST
"t_isnR_128K_8K_lL" time elapsed: 00:00:01
----------------------------------------------------------

167/169 Testing: t_isnD_128K_8K_l
167/169 Test: t_isnD_128K_8K_l
Command: "/home/syx/code/labs/cs144/TCP_project/sponge/txrx.sh" "-isDnd" "128K" "-w" "8K" "-l" "0.1"
Directory: /home/syx/code/labs/cs144/Computer networking/build
"t_isnD_128K_8K_l" start time: Nov 01 23:49 CST
Output:
----------------------------------------------------------
DEBUG: Listening for incoming connection...
New connection from 169.254.144.1:53774.
DEBUG: Outbound stream to 169.254.144.1:53774 finished (40760 bytes still in flight).
DEBUG: Outbound stream to 169.254.144.1:53774 has been fully acknowledged.
DEBUG: Inbound stream from 169.254.144.1:53774 finished cleanly.
DEBUG: Waiting for lingering segments (e.g. retransmissions of FIN) from peer...
DEBUG: Waiting for clean shutdown... DEBUG: TCP connection finished cleanly.
done.
<end of output>
Test time =   0.28 sec
----------------------------------------------------------
Test Passed.
"t_isnD_128K_8K_l" end time: Nov 01 23:49 CST
"t_isnD_128K_8K_l" time elapsed: 00:00:00
----------------------------------------------------------

168/169 Testing: t_isnD_128K_8K_L
168/169 Test: t_isnD_128K_8K_L
Command: "/home/syx/code/labs/cs144/TCP_project/sponge/txrx.sh" "-isDnd" "128K" "-w" "8K" "-L" "0.1"
Directory: /home/syx/code/labs/cs144/Computer networking/build
"t_isnD_128K_8K_L" start time: Nov 01 23:49 CST
Output:
----------------------------------------------------------
DEBUG: Listening for incoming connection...
New connection from 169.254.144.1:42728.
DEBUG: Outbound stream to 169.254.144.1:42728 finished (58000 bytes still in flight).
DEBUG: Inbound stream from 169.254.144.1:42728 finished cleanly.
DEBUG: Waiting for clean shutdown... DEBUG: Outbound stream to 169.254.144.1:42728 has been fully acknowledged.
DEBUG: TCP connection finished cleanly.
done.
<end of output>
Test time =   0.32 sec
----------------------------------------------------------
Test Passed.
"t_isnD_128K_8K_L" end time: Nov 01 23:49 CST
"t_isnD_128K_8K_L" time elapsed: 00:00:00
----------------------------------------------------------

169/169 Testing: t_isnD_128K_8K_lL
169/169 Test: t_isnD_128K_8K_lL
Command: "/home/syx/code/labs/cs144/TCP_project/sponge/txrx.sh" "-isDnd" "128K" "-w" "8K" "-l" "0.1" "-L" "0.1"
Directory: /home/syx/code/labs/cs144/Computer networking/build
"t_isnD_128K_8K_lL" start time: Nov 01 23:49 CST
Output:
----------------------------------------------------------
DEBUG: Listening for incoming connection...
New connection from 169.254.144.1:46080.
DEBUG: Outbound stream to 169.254.144.1:46080 finished (35000 bytes still in flight).
DEBUG: Outbound stream to 169.254.144.1:46080 has been fully acknowledged.
DEBUG: Inbound stream from 169.254.144.1:46080 finished cleanly.
DEBUG: Waiting for lingering segments (e.g. retransmissions of FIN) from peer...
DEBUG: Waiting for clean shutdown... DEBUG: TCP connection finished cleanly.
done.
<end of output>
Test time =   1.87 sec
----------------------------------------------------------
Test Passed.
"t_isnD_128K_8K_lL" end time: Nov 01 23:49 CST
"t_isnD_128K_8K_lL" time elapsed: 00:00:01
----------------------------------------------------------

End testing: Nov 01 23:49 CST
